#
# A fatal error has been detected by the Java Runtime Environment:
#
#  SIGSEGV (0xb) at pc=0x00007fbe423b97d2, pid=32528, tid=0x00007fbe41a8d700
#
# JRE version: Java(TM) SE Runtime Environment (8.0_201-b09) (build 1.8.0_201-b09)
# Java VM: Java HotSpot(TM) 64-Bit Server VM (25.201-b09 mixed mode linux-amd64 compressed oops)
# Problematic frame:
# C  [librocksdbjni5222263279548420854.so+0x5947d2]  ZSTD_decompressBegin+0x2
#
# Failed to write core dump. Core dumps have been disabled. To enable core dumping, try "ulimit -c unlimited" before starting Java again
#
# If you would like to submit a bug report, please visit:
#   http://bugreport.java.com/bugreport/crash.jsp
#

---------------  T H R E A D  ---------------

Current thread is native thread

siginfo: si_signo: 11 (SIGSEGV), si_code: 1 (SEGV_MAPERR), si_addr: 0x0000000000007110

Registers:
RAX=0x0000000000000000, RBX=0x0000000000000000, RCX=0x00007fbde001deea, RDX=0x0000000000000000
RSP=0x00007fbe41a8acd8, RBP=0x00007fbe41e09158, RSI=0x00007fbe41e09158, RDI=0x0000000000000000
R8 =0x00000000000002dc, R9 =0x00007fbe41e09158, R10=0x00007fbe41a8a720, R11=0x00007fbe423b97d0
R12=0x0000000000000000, R13=0x00000000000002dc, R14=0x00007fbde001bf80, R15=0x0000000000000490
RIP=0x00007fbe423b97d2, EFLAGS=0x0000000000010246, CSGSFS=0x0000000000000033, ERR=0x0000000000000004
  TRAPNO=0x000000000000000e

Top of Stack: (sp=0x00007fbe41a8acd8)
0x00007fbe41a8acd8:   00007fbe423b98a2 00007fbde00197a0
0x00007fbe41a8ace8:   0000000000000000 00007fbde001deea
0x00007fbe41a8acf8:   00007fbe423b9da5 000000770000006e
0x00007fbe41a8ad08:   0000000000000000 00007fbe41e09158
0x00007fbe41a8ad18:   00007fbde001bf80 00007fbe41a8ad64
0x00007fbe41a8ad28:   0000000000000000 000000000000007c
0x00007fbe41a8ad38:   0000000000000000 0000000000000000
0x00007fbe41a8ad48:   0000000000000000 cafebabecafebabe
0x00007fbe41a8ad58:   0000000000000000 0000000000000000
0x00007fbe41a8ad68:   00007fbde0000020 0000000000000490
0x00007fbe41a8ad78:   00007fbde00197a0 00007fbe41a8af70
0x00007fbe41a8ad88:   00007fbe41a8b000 00007fbe41a8b060
0x00007fbe41a8ad98:   00007fbe41a8b040 00007fbde001dee8
0x00007fbe41a8ada8:   00007fbe423ba19f 0000000000000000
0x00007fbe41a8adb8:   0000000000000000 0000000000000a97
0x00007fbe41a8adc8:   00007fbe42229048 0000000000000000
0x00007fbe41a8add8:   00007fbe4222a338 00007fbde001deea
0x00007fbe41a8ade8:   00000000000002de 0000000000000000
0x00007fbe41a8adf8:   0000000000000000 00007fbde0000990
0x00007fbe41a8ae08:   0000049000000001 0000000000000000
0x00007fbe41a8ae18:   0000000000000000 00007fbe426cd3e0
0x00007fbe41a8ae28:   0000000000000000 00007fbe41a8ae70
0x00007fbe41a8ae38:   00007fbe41a8b000 00007fbe41a8af30
0x00007fbe41a8ae48:   00007fbe422120fa 0000005b00000000
0x00007fbe41a8ae58:   00007fbde0000070 ffff8041be575161
0x00007fbe41a8ae68:   00007fbe41a8aea0 0000000000000000
0x00007fbe41a8ae78:   00007fbde001bf80 00007fbe41a8b0f0
0x00007fbe41a8ae88:   00007fbe41a8afcf 00007fbde0019e68
0x00007fbe41a8ae98:   0000000000000002 00007fbe41a8af70
0x00007fbe41a8aea8:   00007fbe421f8349 0000000000000000
0x00007fbe41a8aeb8:   0000000000000000 0000000000000000
0x00007fbe41a8aec8:   00007fbde0000020 00007fbde0000020 

Instructions: (pc=0x00007fbe423b97d2)
0x00007fbe423b97b2:   4c 89 f6 4c 89 e7 e8 d3 9c bc ff 4c 89 ed e9 86
0x00007fbe423b97c2:   fc ff ff 90 66 2e 0f 1f 84 00 00 00 00 00 31 c0
0x00007fbe423b97d2:   83 bf 10 71 00 00 01 c7 87 a4 70 00 00 00 00 00
0x00007fbe423b97e2:   00 48 c7 87 98 70 00 00 00 00 00 00 48 c7 87 48 

Register to memory mapping:

RAX=0x0000000000000000 is an unknown value
RBX=0x0000000000000000 is an unknown value
RCX=0x00007fbde001deea is an unknown value
RDX=0x0000000000000000 is an unknown value
RSP=0x00007fbe41a8acd8 is an unknown value
RBP=0x00007fbe41e09158: <offset 0x37b158> in /lib64/libstdc++.so.6 at 0x00007fbe41a8e000
RSI=0x00007fbe41e09158: <offset 0x37b158> in /lib64/libstdc++.so.6 at 0x00007fbe41a8e000
RDI=0x0000000000000000 is an unknown value
R8 =0x00000000000002dc is an unknown value
R9 =0x00007fbe41e09158: <offset 0x37b158> in /lib64/libstdc++.so.6 at 0x00007fbe41a8e000
R10=0x00007fbe41a8a720 is an unknown value
R11=0x00007fbe423b97d0: ZSTD_decompressBegin+0 in /tmp/librocksdbjni5222263279548420854.so at 0x00007fbe41e25000
R12=0x0000000000000000 is an unknown value
R13=0x00000000000002dc is an unknown value
R14=0x00007fbde001bf80 is an unknown value
R15=0x0000000000000490 is an unknown value


Stack: [0x00007fbe4128e000,0x00007fbe41a8e000],  sp=0x00007fbe41a8acd8,  free space=8179k
Native frames: (J=compiled Java code, j=interpreted, Vv=VM code, C=native code)
C  [librocksdbjni5222263279548420854.so+0x5947d2]  ZSTD_decompressBegin+0x2


---------------  P R O C E S S  ---------------

VM state:not at safepoint (normal execution)

VM Mutex/Monitor currently owned by a thread: None

heap address: 0x00000006c9a00000, size: 3942 MB, Compressed Oops mode: Zero based, Oop shift amount: 3
Narrow klass base: 0x0000000000000000, Narrow klass shift: 3
Compressed class space size: 1073741824 Address: 0x00000007c0000000

Heap:
 PSYoungGen      total 74240K, used 9206K [0x000000076de00000, 0x0000000776f00000, 0x00000007c0000000)
  eden space 64000K, 2% used [0x000000076de00000,0x000000076dfdcc78,0x0000000771c80000)
  from space 10240K, 71% used [0x0000000771c80000,0x00000007723a0df0,0x0000000772680000)
  to   space 10240K, 0% used [0x0000000776500000,0x0000000776500000,0x0000000776f00000)
 ParOldGen       total 169472K, used 16K [0x00000006c9a00000, 0x00000006d3f80000, 0x000000076de00000)
  object space 169472K, 0% used [0x00000006c9a00000,0x00000006c9a04000,0x00000006d3f80000)
 Metaspace       used 10725K, capacity 10958K, committed 11264K, reserved 1058816K
  class space    used 1183K, capacity 1218K, committed 1280K, reserved 1048576K

Card table byte_map: [0x00007fbe4ba14000,0x00007fbe4c1c8000] byte_map_base: 0x00007fbe483c7000

Marking Bits: (ParMarkBitMap*) 0x00007fbe615b5d80
 Begin Bits: [0x00007fbe144d0000, 0x00007fbe18268000)
 End Bits:   [0x00007fbe18268000, 0x00007fbe1c000000)

Polling page: 0x00007fbe621f8000

CodeCache: size=245760Kb used=3509Kb max_used=3523Kb free=242250Kb
 bounds [0x00007fbe4c588000, 0x00007fbe4c908000, 0x00007fbe5b588000]
 total_blobs=1278 nmethods=890 adapters=302
 compilation: enabled

Compilation events (10 events):
Event: 0.612 Thread 0x00007fbe5c42e000  888       4       java.util.jar.JarFile::getJarEntry (9 bytes)
Event: 0.612 Thread 0x00007fbe5c42c000  886   !   4       sun.misc.URLClassPath$JarLoader::getResource (85 bytes)
Event: 0.613 Thread 0x00007fbe5c434000 nmethod 890 0x00007fbe4c8f7b10 code [0x00007fbe4c8f7d40, 0x00007fbe4c8f89e8]
Event: 0.613 Thread 0x00007fbe5c434000  889       3       java.util.jar.JarFile::getManifest (5 bytes)
Event: 0.613 Thread 0x00007fbe5c434000 nmethod 889 0x00007fbe4c8f7790 code [0x00007fbe4c8f7900, 0x00007fbe4c8f7a88]
Event: 0.614 Thread 0x00007fbe5c42e000 nmethod 888 0x00007fbe4c8e4850 code [0x00007fbe4c8e49c0, 0x00007fbe4c8e4bc8]
Event: 0.614 Thread 0x00007fbe5c42e000  887       4       java.util.jar.JarFile::getEntry (22 bytes)
Event: 0.616 Thread 0x00007fbe5c42e000 nmethod 887 0x00007fbe4c8f8fd0 code [0x00007fbe4c8f9120, 0x00007fbe4c8f92e8]
Event: 0.619 Thread 0x00007fbe5c431800 nmethod 885 0x00007fbe4c8e6150 code [0x00007fbe4c8e62c0, 0x00007fbe4c8e6798]
Event: 0.628 Thread 0x00007fbe5c42c000 nmethod 886 0x00007fbe4c8e6f50 code [0x00007fbe4c8e71a0, 0x00007fbe4c8e7c80]

GC Heap History (2 events):
Event: 0.542 GC heap before
{Heap before GC invocations=1 (full 0):
 PSYoungGen      total 74240K, used 64000K [0x000000076de00000, 0x0000000773080000, 0x00000007c0000000)
  eden space 64000K, 100% used [0x000000076de00000,0x0000000771c80000,0x0000000771c80000)
  from space 10240K, 0% used [0x0000000772680000,0x0000000772680000,0x0000000773080000)
  to   space 10240K, 0% used [0x0000000771c80000,0x0000000771c80000,0x0000000772680000)
 ParOldGen       total 169472K, used 0K [0x00000006c9a00000, 0x00000006d3f80000, 0x000000076de00000)
  object space 169472K, 0% used [0x00000006c9a00000,0x00000006c9a00000,0x00000006d3f80000)
 Metaspace       used 10192K, capacity 10382K, committed 10752K, reserved 1058816K
  class space    used 1121K, capacity 1154K, committed 1280K, reserved 1048576K
Event: 0.552 GC heap after
Heap after GC invocations=1 (full 0):
 PSYoungGen      total 74240K, used 7299K [0x000000076de00000, 0x0000000776f00000, 0x00000007c0000000)
  eden space 64000K, 0% used [0x000000076de00000,0x000000076de00000,0x0000000771c80000)
  from space 10240K, 71% used [0x0000000771c80000,0x00000007723a0df0,0x0000000772680000)
  to   space 10240K, 0% used [0x0000000776500000,0x0000000776500000,0x0000000776f00000)
 ParOldGen       total 169472K, used 16K [0x00000006c9a00000, 0x00000006d3f80000, 0x000000076de00000)
  object space 169472K, 0% used [0x00000006c9a00000,0x00000006c9a04000,0x00000006d3f80000)
 Metaspace       used 10192K, capacity 10382K, committed 10752K, reserved 1058816K
  class space    used 1121K, capacity 1154K, committed 1280K, reserved 1048576K
}

Deoptimization events (10 events):
Event: 0.422 Thread 0x00007fbe5c00e000 Uncommon trap: reason=unstable_if action=reinterpret pc=0x00007fbe4c85a2cc method=java.math.BigInteger.multiply(Ljava/math/BigInteger;Z)Ljava/math/BigInteger; @ 68
Event: 0.422 Thread 0x00007fbe5c00e000 Uncommon trap: reason=unstable_if action=reinterpret pc=0x00007fbe4c8571b4 method=java.math.BigInteger.<init>([II)V @ 7
Event: 0.439 Thread 0x00007fbe5c00e000 Uncommon trap: reason=unstable_if action=reinterpret pc=0x00007fbe4c835cf0 method=sun.misc.MetaIndex.mayContain(Ljava/lang/String;)Z @ 13
Event: 0.439 Thread 0x00007fbe5c00e000 Uncommon trap: reason=unstable_if action=reinterpret pc=0x00007fbe4c7b3004 method=sun.misc.MetaIndex.mayContain(Ljava/lang/String;)Z @ 13
Event: 0.439 Thread 0x00007fbe5c00e000 Uncommon trap: reason=unstable_if action=reinterpret pc=0x00007fbe4c7fce94 method=java.lang.String.lastIndexOf([CII[CIII)I @ 66
Event: 0.496 Thread 0x00007fbe5c00e000 Uncommon trap: reason=unstable_if action=reinterpret pc=0x00007fbe4c7ff5f8 method=java.util.HashMap.getNode(ILjava/lang/Object;)Ljava/util/HashMap$Node; @ 116
Event: 0.496 Thread 0x00007fbe5c00e000 Uncommon trap: reason=unstable_if action=reinterpret pc=0x00007fbe4c7e50b4 method=java.util.HashMap.getNode(ILjava/lang/Object;)Ljava/util/HashMap$Node; @ 116
Event: 0.508 Thread 0x00007fbe5c00e000 Uncommon trap: reason=unstable_if action=reinterpret pc=0x00007fbe4c85afe4 method=java.lang.Integer.numberOfLeadingZeros(I)I @ 1
Event: 0.520 Thread 0x00007fbe5c00e000 Uncommon trap: reason=unstable_if action=reinterpret pc=0x00007fbe4c78b724 method=java.lang.String.replace(CC)Ljava/lang/String; @ 26
Event: 0.541 Thread 0x00007fbe5c00e000 Uncommon trap: reason=unstable_if action=reinterpret pc=0x00007fbe4c897164 method=java.lang.String.substring(I)Ljava/lang/String; @ 35

Classes redefined (0 events):
No events

Internal exceptions (10 events):
Event: 0.090 Thread 0x00007fbe5c00e000 Exception <a 'java/security/PrivilegedActionException'> (0x000000076e305f08) thrown at [/HUDSON/workspace/8-2-build-linux-amd64/jdk8u201/12317/hotspot/src/share/vm/prims/jvm.cpp, line 1502]
Event: 0.090 Thread 0x00007fbe5c00e000 Exception <a 'java/security/PrivilegedActionException'> (0x000000076e306118) thrown at [/HUDSON/workspace/8-2-build-linux-amd64/jdk8u201/12317/hotspot/src/share/vm/prims/jvm.cpp, line 1502]
Event: 0.090 Thread 0x00007fbe5c00e000 Exception <a 'java/lang/NoClassDefFoundError': org/slf4j/impl/StaticLoggerBinder> (0x000000076e311790) thrown at [/HUDSON/workspace/8-2-build-linux-amd64/jdk8u201/12317/hotspot/src/share/vm/classfile/systemDictionary.cpp, line 199]
Event: 0.492 Thread 0x00007fbe5c00e000 Exception <a 'java/lang/ArrayIndexOutOfBoundsException': 54> (0x0000000771811fb8) thrown at [/HUDSON/workspace/8-2-build-linux-amd64/jdk8u201/12317/hotspot/src/share/vm/interpreter/interpreterRuntime.cpp, line 368]
Event: 0.493 Thread 0x00007fbe5c00e000 Exception <a 'java/lang/ArrayIndexOutOfBoundsException': 18> (0x0000000771816a20) thrown at [/HUDSON/workspace/8-2-build-linux-amd64/jdk8u201/12317/hotspot/src/share/vm/interpreter/interpreterRuntime.cpp, line 368]
Event: 0.493 Thread 0x00007fbe5c00e000 Exception <a 'java/lang/ArrayIndexOutOfBoundsException': 67> (0x0000000771818598) thrown at [/HUDSON/workspace/8-2-build-linux-amd64/jdk8u201/12317/hotspot/src/share/vm/interpreter/interpreterRuntime.cpp, line 368]
Event: 0.500 Thread 0x00007fbe5c00e000 Exception <a 'java/lang/ArrayIndexOutOfBoundsException'> (0x00000007718b5850) thrown at [/HUDSON/workspace/8-2-build-linux-amd64/jdk8u201/12317/hotspot/src/share/vm/runtime/sharedRuntime.cpp, line 605]
Event: 0.522 Thread 0x00007fbe5c00e000 Exception <a 'java/lang/ArrayIndexOutOfBoundsException'> (0x0000000771a6cf88) thrown at [/HUDSON/workspace/8-2-build-linux-amd64/jdk8u201/12317/hotspot/src/share/vm/runtime/sharedRuntime.cpp, line 605]
Event: 0.522 Thread 0x00007fbe5c00e000 Exception <a 'java/lang/ArrayIndexOutOfBoundsException'> (0x0000000771a6f270) thrown at [/HUDSON/workspace/8-2-build-linux-amd64/jdk8u201/12317/hotspot/src/share/vm/runtime/sharedRuntime.cpp, line 605]
Event: 0.616 Thread 0x00007fbe5c00e000 Exception <a 'sun/nio/fs/UnixException'> (0x000000076dec0160) thrown at [/HUDSON/workspace/8-2-build-linux-amd64/jdk8u201/12317/hotspot/src/share/vm/prims/jni.cpp, line 709]

Events (10 events):
Event: 0.616 loading class sun/nio/fs/AbstractBasicFileAttributeView done
Event: 0.616 loading class sun/nio/fs/UnixFileAttributeViews$Basic done
Event: 0.616 loading class sun/nio/fs/UnixFileAttributes$UnixAsBasicFileAttributes
Event: 0.616 loading class sun/nio/fs/UnixFileAttributes$UnixAsBasicFileAttributes done
Event: 0.616 loading class sun/nio/fs/UnixException
Event: 0.616 loading class sun/nio/fs/UnixException done
Event: 0.616 loading class java/nio/file/FileAlreadyExistsException
Event: 0.616 loading class java/nio/file/FileSystemException
Event: 0.616 loading class java/nio/file/FileSystemException done
Event: 0.616 loading class java/nio/file/FileAlreadyExistsException done


Dynamic libraries:
00400000-00401000 r-xp 00000000 08:03 100663423                          /usr/java/jdk1.8.0_201-amd64/bin/java
00600000-00601000 r--p 00000000 08:03 100663423                          /usr/java/jdk1.8.0_201-amd64/bin/java
00601000-00602000 rw-p 00001000 08:03 100663423                          /usr/java/jdk1.8.0_201-amd64/bin/java
01478000-01499000 rw-p 00000000 00:00 0                                  [heap]
6c9a00000-6d3f80000 rw-p 00000000 00:00 0 
6d3f80000-76de00000 ---p 00000000 00:00 0 
76de00000-776f00000 rw-p 00000000 00:00 0 
776f00000-7c0000000 ---p 00000000 00:00 0 
7c0000000-7c0140000 rw-p 00000000 00:00 0 
7c0140000-800000000 ---p 00000000 00:00 0 
7fbdb4000000-7fbdb4021000 rw-p 00000000 00:00 0 
7fbdb4021000-7fbdb8000000 ---p 00000000 00:00 0 
7fbdbc000000-7fbdbc021000 rw-p 00000000 00:00 0 
7fbdbc021000-7fbdc0000000 ---p 00000000 00:00 0 
7fbdc4000000-7fbdc4021000 rw-p 00000000 00:00 0 
7fbdc4021000-7fbdc8000000 ---p 00000000 00:00 0 
7fbdc8000000-7fbdc8021000 rw-p 00000000 00:00 0 
7fbdc8021000-7fbdcc000000 ---p 00000000 00:00 0 
7fbdcc000000-7fbdcc021000 rw-p 00000000 00:00 0 
7fbdcc021000-7fbdd0000000 ---p 00000000 00:00 0 
7fbdd4000000-7fbdd4021000 rw-p 00000000 00:00 0 
7fbdd4021000-7fbdd8000000 ---p 00000000 00:00 0 
7fbdd8000000-7fbdd8021000 rw-p 00000000 00:00 0 
7fbdd8021000-7fbddc000000 ---p 00000000 00:00 0 
7fbddc000000-7fbddc021000 rw-p 00000000 00:00 0 
7fbddc021000-7fbde0000000 ---p 00000000 00:00 0 
7fbde0000000-7fbde002a000 rw-p 00000000 00:00 0 
7fbde002a000-7fbde4000000 ---p 00000000 00:00 0 
7fbde4000000-7fbde4327000 rw-p 00000000 00:00 0 
7fbde4327000-7fbde8000000 ---p 00000000 00:00 0 
7fbde8000000-7fbde8021000 rw-p 00000000 00:00 0 
7fbde8021000-7fbdec000000 ---p 00000000 00:00 0 
7fbdec000000-7fbdec6a9000 rw-p 00000000 00:00 0 
7fbdec6a9000-7fbdf0000000 ---p 00000000 00:00 0 
7fbdf0000000-7fbdf02a1000 rw-p 00000000 00:00 0 
7fbdf02a1000-7fbdf4000000 ---p 00000000 00:00 0 
7fbdf4000000-7fbdf4053000 rw-p 00000000 00:00 0 
7fbdf4053000-7fbdf8000000 ---p 00000000 00:00 0 
7fbdf8000000-7fbdf82fb000 rw-p 00000000 00:00 0 
7fbdf82fb000-7fbdfc000000 ---p 00000000 00:00 0 
7fbdfc000000-7fbdfc021000 rw-p 00000000 00:00 0 
7fbdfc021000-7fbe00000000 ---p 00000000 00:00 0 
7fbe012d5000-7fbe012d6000 ---p 00000000 00:00 0 
7fbe012d6000-7fbe01ad6000 rw-p 00000000 00:00 0 
7fbe01ad6000-7fbe08000000 r--p 00000000 08:03 102692204                  /usr/lib/locale/locale-archive
7fbe08000000-7fbe08021000 rw-p 00000000 00:00 0 
7fbe08021000-7fbe0c000000 ---p 00000000 00:00 0 
7fbe0c000000-7fbe0c021000 rw-p 00000000 00:00 0 
7fbe0c021000-7fbe10000000 ---p 00000000 00:00 0 
7fbe10000000-7fbe10021000 rw-p 00000000 00:00 0 
7fbe10021000-7fbe14000000 ---p 00000000 00:00 0 
7fbe144d0000-7fbe1c000000 rw-p 00000000 00:00 0 
7fbe1c000000-7fbe1c021000 rw-p 00000000 00:00 0 
7fbe1c021000-7fbe20000000 ---p 00000000 00:00 0 
7fbe20000000-7fbe20021000 rw-p 00000000 00:00 0 
7fbe20021000-7fbe24000000 ---p 00000000 00:00 0 
7fbe24000000-7fbe24021000 rw-p 00000000 00:00 0 
7fbe24021000-7fbe28000000 ---p 00000000 00:00 0 
7fbe287f9000-7fbe287fa000 ---p 00000000 00:00 0 
7fbe287fa000-7fbe28ffa000 rw-p 00000000 00:00 0 
7fbe28ffa000-7fbe28ffb000 ---p 00000000 00:00 0 
7fbe28ffb000-7fbe297fb000 rw-p 00000000 00:00 0 
7fbe297fb000-7fbe297fc000 ---p 00000000 00:00 0 
7fbe297fc000-7fbe29ffc000 rw-p 00000000 00:00 0 
7fbe2c000000-7fbe2c021000 rw-p 00000000 00:00 0 
7fbe2c021000-7fbe30000000 ---p 00000000 00:00 0 
7fbe30000000-7fbe30021000 rw-p 00000000 00:00 0 
7fbe30021000-7fbe34000000 ---p 00000000 00:00 0 
7fbe34000000-7fbe34021000 rw-p 00000000 00:00 0 
7fbe34021000-7fbe38000000 ---p 00000000 00:00 0 
7fbe3c000000-7fbe3c021000 rw-p 00000000 00:00 0 
7fbe3c021000-7fbe40000000 ---p 00000000 00:00 0 
7fbe4028b000-7fbe4028c000 ---p 00000000 00:00 0 
7fbe4028c000-7fbe40a8c000 rw-p 00000000 00:00 0 
7fbe40a8c000-7fbe40a8d000 ---p 00000000 00:00 0 
7fbe40a8d000-7fbe4128d000 rw-p 00000000 00:00 0 
7fbe4128d000-7fbe4128e000 ---p 00000000 00:00 0 
7fbe4128e000-7fbe41a8e000 rw-p 00000000 00:00 0 
7fbe41a8e000-7fbe41bfa000 r-xp 00000000 08:03 33823638                   /usr/lib64/libstdc++.so.6.0.21
7fbe41bfa000-7fbe41dfa000 ---p 0016c000 08:03 33823638                   /usr/lib64/libstdc++.so.6.0.21
7fbe41dfa000-7fbe41e04000 r--p 0016c000 08:03 33823638                   /usr/lib64/libstdc++.so.6.0.21
7fbe41e04000-7fbe41e06000 rw-p 00176000 08:03 33823638                   /usr/lib64/libstdc++.so.6.0.21
7fbe41e06000-7fbe41e0a000 rw-p 00000000 00:00 0 
7fbe41e25000-7fbe424b1000 r-xp 00000000 08:03 72618390                   /tmp/librocksdbjni5222263279548420854.so
7fbe424b1000-7fbe426b0000 ---p 0068c000 08:03 72618390                   /tmp/librocksdbjni5222263279548420854.so
7fbe426b0000-7fbe426c2000 r--p 0068b000 08:03 72618390                   /tmp/librocksdbjni5222263279548420854.so
7fbe426c2000-7fbe426cb000 rw-p 0069d000 08:03 72618390                   /tmp/librocksdbjni5222263279548420854.so
7fbe426cb000-7fbe426d2000 rw-p 00000000 00:00 0 
7fbe426d2000-7fbe426e7000 r-xp 00000000 08:03 33632321                   /usr/lib64/libz.so.1.2.7
7fbe426e7000-7fbe428e6000 ---p 00015000 08:03 33632321                   /usr/lib64/libz.so.1.2.7
7fbe428e6000-7fbe428e7000 r--p 00014000 08:03 33632321                   /usr/lib64/libz.so.1.2.7
7fbe428e7000-7fbe428e8000 rw-p 00015000 08:03 33632321                   /usr/lib64/libz.so.1.2.7
7fbe428e8000-7fbe42aa8000 rw-p 00000000 00:00 0 
7fbe42aa8000-7fbe42ae8000 ---p 00000000 00:00 0 
7fbe42ae8000-7fbe42afd000 r-xp 00000000 08:03 37134893                   /usr/lib64/libgcc_s-4.8.5-20150702.so.1
7fbe42afd000-7fbe42cfc000 ---p 00015000 08:03 37134893                   /usr/lib64/libgcc_s-4.8.5-20150702.so.1
7fbe42cfc000-7fbe42cfd000 r--p 00014000 08:03 37134893                   /usr/lib64/libgcc_s-4.8.5-20150702.so.1
7fbe42cfd000-7fbe42cfe000 rw-p 00015000 08:03 37134893                   /usr/lib64/libgcc_s-4.8.5-20150702.so.1
7fbe42d13000-7fbe42d19000 r--s 0003e000 08:03 9758                       /usr/java/jdk1.8.0_201-amd64/jre/lib/ext/sunjce_provider.jar
7fbe42d19000-7fbe42d51000 r-xp 00000000 08:03 33630921                   /usr/java/jdk1.8.0_201-amd64/jre/lib/amd64/libsunec.so
7fbe42d51000-7fbe42f50000 ---p 00038000 08:03 33630921                   /usr/java/jdk1.8.0_201-amd64/jre/lib/amd64/libsunec.so
7fbe42f50000-7fbe42f55000 r--p 00037000 08:03 33630921                   /usr/java/jdk1.8.0_201-amd64/jre/lib/amd64/libsunec.so
7fbe42f55000-7fbe42f57000 rw-p 0003c000 08:03 33630921                   /usr/java/jdk1.8.0_201-amd64/jre/lib/amd64/libsunec.so
7fbe42f57000-7fbe42f68000 r-xp 00000000 08:03 34414932                   /usr/java/jdk1.8.0_201-amd64/jre/lib/amd64/libnio.so
7fbe42f68000-7fbe43167000 ---p 00011000 08:03 34414932                   /usr/java/jdk1.8.0_201-amd64/jre/lib/amd64/libnio.so
7fbe43167000-7fbe43168000 r--p 00010000 08:03 34414932                   /usr/java/jdk1.8.0_201-amd64/jre/lib/amd64/libnio.so
7fbe43168000-7fbe43169000 rw-p 00011000 08:03 34414932                   /usr/java/jdk1.8.0_201-amd64/jre/lib/amd64/libnio.so
7fbe43169000-7fbe4316b000 r--s 00009000 08:03 9757                       /usr/java/jdk1.8.0_201-amd64/jre/lib/ext/sunec.jar
7fbe4316b000-7fbe4316e000 r--s 0001a000 08:03 9782                       /usr/java/jdk1.8.0_201-amd64/jre/lib/jce.jar
7fbe4316e000-7fbe43173000 r--s 000a0000 08:03 2082813                    /usr/java/jdk1.8.0_201-amd64/jre/lib/jsse.jar
7fbe43173000-7fbe43174000 ---p 00000000 00:00 0 
7fbe43174000-7fbe43274000 rw-p 00000000 00:00 0 
7fbe43274000-7fbe43277000 ---p 00000000 00:00 0 
7fbe43277000-7fbe43375000 rw-p 00000000 00:00 0 
7fbe43375000-7fbe4338b000 r-xp 00000000 08:03 33630977                   /usr/java/jdk1.8.0_201-amd64/jre/lib/amd64/libnet.so
7fbe4338b000-7fbe4358b000 ---p 00016000 08:03 33630977                   /usr/java/jdk1.8.0_201-amd64/jre/lib/amd64/libnet.so
7fbe4358b000-7fbe4358c000 r--p 00016000 08:03 33630977                   /usr/java/jdk1.8.0_201-amd64/jre/lib/amd64/libnet.so
7fbe4358c000-7fbe4358d000 rw-p 00017000 08:03 33630977                   /usr/java/jdk1.8.0_201-amd64/jre/lib/amd64/libnet.so
7fbe4358d000-7fbe43591000 ---p 00000000 00:00 0 
7fbe43591000-7fbe4368e000 rw-p 00000000 00:00 0 
7fbe4368e000-7fbe43692000 ---p 00000000 00:00 0 
7fbe43692000-7fbe4378f000 rw-p 00000000 00:00 0 
7fbe4378f000-7fbe43793000 ---p 00000000 00:00 0 
7fbe43793000-7fbe43890000 rw-p 00000000 00:00 0 
7fbe43890000-7fbe43894000 ---p 00000000 00:00 0 
7fbe43894000-7fbe43991000 rw-p 00000000 00:00 0 
7fbe43991000-7fbe43994000 ---p 00000000 00:00 0 
7fbe43994000-7fbe43a92000 rw-p 00000000 00:00 0 
7fbe43a92000-7fbe43a94000 r--s 0001a000 08:12 2490470                    /home/kay/workspace/tools/idea/lib/idea_rt.jar
7fbe43a94000-7fbe43a9b000 r--s 0004b000 08:05 37365426                   /home/kay/.gradle/caches/modules-2/files-2.1/commons-codec/commons-codec/1.11/3acb4705652e16236558f0f4f2192cc33c3bd189/commons-codec-1.11.jar
7fbe43a9b000-7fbe43a9d000 r--s 00009000 08:05 796888                     /home/kay/.gradle/caches/modules-2/files-2.1/org.hamcrest/hamcrest-core/1.3/42a25dc3219429f0e5d060061f71acb49bf010a0/hamcrest-core-1.3.jar
7fbe43a9d000-7fbe43a9f000 r--s 00009000 08:05 101015479                  /home/kay/.gradle/caches/modules-2/files-2.1/org.slf4j/slf4j-api/1.7.25/da76ca59f6a57ee3102f8f9bd9cee742973efa8a/slf4j-api-1.7.25.jar
7fbe43a9f000-7fbe43aa1000 r--s 00003000 08:05 102482786                  /home/kay/.gradle/caches/modules-2/files-2.1/com.google.code.findbugs/jsr305/3.0.2/25ea2e8b0c338a877313bd4672d3fe056ea78f0d/jsr305-3.0.2.jar
7fbe43aa1000-7fbe43aa9000 r--s 00045000 08:05 101841453                  /home/kay/.gradle/caches/modules-2/files-2.1/junit/junit/4.12/2973d150c0dc1fefe998f834810d68f278ea58ec/junit-4.12.jar
7fbe43aa9000-7fbe43aab000 r--s 00015000 08:05 35471598                   /home/kay/.gradle/caches/modules-2/files-2.1/org.eclipse.jetty/jetty-security/9.4.11.v20180605/926def86d31ee07ca4b4658833dc6ee6918b8e86/jetty-security-9.4.11.v20180605.jar
7fbe43aab000-7fbe43ab4000 r--s 00044000 08:05 101507937                  /home/kay/.gradle/caches/modules-2/files-2.1/org.springframework/spring-tx/5.2.0.RELEASE/630fdb60bb48ceb7274fbf69b4082a0b5d684bc0/spring-tx-5.2.0.RELEASE.jar
7fbe43ab4000-7fbe43ae2000 r--s 002c2000 08:05 101020419                  /home/kay/.gradle/caches/modules-2/files-2.1/com.madgag.spongycastle/core/1.58.0.0/e08789f8f1e74f155db8b69c3575b5cb213c156c/core-1.58.0.0.jar
7fbe43ae2000-7fbe43aea000 r--s 00089000 08:05 2258                       /home/kay/.gradle/caches/modules-2/files-2.1/org.eclipse.jetty/jetty-server/9.4.11.v20180605/58353c2f27515b007fc83ae22002feb34fc24714/jetty-server-9.4.11.v20180605.jar
7fbe43aea000-7fbe43af7000 r--s 0009b000 08:05 105728779                  /home/kay/.gradle/caches/modules-2/files-2.1/org.springframework/spring-beans/5.2.0.RELEASE/3ae97694618c59e6af695a15e54fabb7e319776/spring-beans-5.2.0.RELEASE.jar
7fbe43af7000-7fbe43afa000 r--s 0001e000 08:05 35471609                   /home/kay/.gradle/caches/modules-2/files-2.1/org.eclipse.jetty/jetty-io/9.4.11.v20180605/d164de1dac18c4ca80a1b783d879c97449909c3b/jetty-io-9.4.11.v20180605.jar
7fbe43afa000-7fbe43b03000 r--s 00052000 08:05 35471569                   /home/kay/.gradle/caches/modules-2/files-2.1/org.springframework/spring-aop/5.2.0.RELEASE/7031d44f063ea68e49b881a985967e7f2c144f3b/spring-aop-5.2.0.RELEASE.jar
7fbe43b03000-7fbe43b0a000 r--s 00058000 08:05 70048383                   /home/kay/.gradle/caches/modules-2/files-2.1/org.apache.commons/commons-lang3/3.2.1/66f13681add50ca9e4546ffabafaaac7645db3cf/commons-lang3-3.2.1.jar
7fbe43b0a000-7fbe43b31000 r--s 00150000 08:05 67332915                   /home/kay/.gradle/caches/modules-2/files-2.1/com.madgag.spongycastle/prov/1.58.0.0/2e2c2f624ed91eb40e690e3596c98439b1b50f2a/prov-1.58.0.0.jar
7fbe43b31000-7fbe43b34000 r--s 0002d000 08:05 69178529                   /home/kay/.gradle/caches/modules-2/files-2.1/org.eclipse.jetty/jetty-http/9.4.11.v20180605/20c35f5336befe35b0bd5c4a63e07170fe7872d7/jetty-http-9.4.11.v20180605.jar
7fbe43b34000-7fbe43b3a000 r--s 00f18000 08:05 76750170                   /home/kay/.gradle/caches/modules-2/files-2.1/org.rocksdb/rocksdbjni/6.2.4/84e100f19e06f324727c2a723e793ae49c98af6a/rocksdbjni-6.2.4.jar
7fbe43b3a000-7fbe43b3e000 r--s 0000c000 08:05 35270219                   /home/kay/.gradle/caches/modules-2/files-2.1/javax.validation/validation-api/1.1.0.Final/8613ae82954779d518631e05daa73a6a954817d5/validation-api-1.1.0.Final.jar
7fbe43b3e000-7fbe43b41000 r--s 00020000 08:05 71174228                   /home/kay/.gradle/caches/modules-2/files-2.1/com.github.briandilley.jsonrpc4j/jsonrpc4j/1.5.3/5d7ce716b092558bb30b419a04c37d8d54145579/jsonrpc4j-1.5.3.jar
7fbe43b41000-7fbe43b46000 r--s 00051000 08:05 71353445                   /home/kay/.gradle/caches/modules-2/files-2.1/com.fasterxml.jackson.core/jackson-core/2.10.0/4e2c5fa04648ec9772c63e2101c53af6504e624e/jackson-core-2.10.0.jar
7fbe43b46000-7fbe43b4d000 r--s 0007d000 08:05 698608                     /home/kay/.gradle/caches/modules-2/files-2.1/com.alibaba/fastjson/1.2.44/1dbb13ed90bab048d51559dbb17374d1bbf096fc/fastjson-1.2.44.jar
7fbe43b4d000-7fbe43b63000 r--s 00141000 08:05 34354677                   /home/kay/.gradle/caches/modules-2/files-2.1/com.fasterxml.jackson.core/jackson-databind/2.10.0/1127c9cf62f2bb3121a3a2a0a1351d251a602117/jackson-databind-2.10.0.jar
7fbe43b63000-7fbe43b66000 r--s 0000e000 08:05 103517203                  /home/kay/.gradle/caches/modules-2/files-2.1/com.fasterxml.jackson.core/jackson-annotations/2.10.0/e01cfd93b80d6773b3f757c78e756c9755b47b81/jackson-annotations-2.10.0.jar
7fbe43b66000-7fbe43b6b000 r--s 00043000 08:05 102202533                  /home/kay/.gradle/caches/modules-2/files-2.1/com.typesafe/config/1.4.0/a8b341fe81552834edc231193afd6f56a96f0eff/config-1.4.0.jar
7fbe43b6b000-7fbe43b86000 r--s 00142000 08:05 34326653                   /home/kay/.gradle/caches/modules-2/files-2.1/org.springframework/spring-core/5.2.0.RELEASE/e0e1b3c304f70ed19d7905975f6f990916ada219/spring-core-5.2.0.RELEASE.jar
7fbe43b86000-7fbe43bb5000 r--s 00226000 08:05 37569322                   /home/kay/.gradle/caches/modules-2/files-2.1/com.google.guava/guava/20.0/89507701249388e1ed5ddcf8c41f4ce1be7831ef/guava-20.0.jar
7fbe43bb5000-7fbe43bfc000 r--s 003a0000 08:05 486721                     /home/kay/.gradle/caches/modules-2/files-2.1/io.netty/netty-all/4.1.43.Final/f373e16375242903170434deba3cb8e7fd3bf622/netty-all-4.1.43.Final.jar
7fbe43bfc000-7fbe43bff000 ---p 00000000 00:00 0 
7fbe43bff000-7fbe43cfd000 rw-p 00000000 00:00 0 
7fbe43cfd000-7fbe43d00000 ---p 00000000 00:00 0 
7fbe43d00000-7fbe43dfe000 rw-p 00000000 00:00 0 
7fbe43dfe000-7fbe43e01000 ---p 00000000 00:00 0 
7fbe43e01000-7fbe43eff000 rw-p 00000000 00:00 0 
7fbe43eff000-7fbe43f00000 ---p 00000000 00:00 0 
7fbe43f00000-7fbe44000000 rw-p 00000000 00:00 0 
7fbe44000000-7fbe44021000 rw-p 00000000 00:00 0 
7fbe44021000-7fbe48000000 ---p 00000000 00:00 0 
7fbe48000000-7fbe48001000 rw-p 00000000 00:00 0 
7fbe48001000-7fbe48002000 r--s 00009000 08:05 34396859                   /home/kay/.gradle/caches/modules-2/files-2.1/com.fasterxml.jackson.dataformat/jackson-dataformat-yaml/2.8.9/607f3253c20267e385c85f60c859760a73a29e37/jackson-dataformat-yaml-2.8.9.jar
7fbe48002000-7fbe48007000 r--s 00040000 08:05 69939161                   /home/kay/.gradle/caches/modules-2/files-2.1/org.springframework/spring-expression/5.2.0.RELEASE/ac6a616451129e717979f18d2bff40528698a46e/spring-expression-5.2.0.RELEASE.jar
7fbe48007000-7fbe48009000 r--s 0000a000 08:05 35195244                   /home/kay/.gradle/caches/modules-2/files-2.1/javax.portlet/portlet-api/2.0/1cd72f2a37fcf8ab9893a9468d7ba71c85fe2653/portlet-api-2.0.jar
7fbe48009000-7fbe48024000 r--s 0010e000 08:05 1137192                    /home/kay/.gradle/caches/modules-2/files-2.1/org.springframework/spring-context/5.2.0.RELEASE/a2638a8295f13ed8511c98a2379507677e1d16fa/spring-context-5.2.0.RELEASE.jar
7fbe48024000-7fbe48027000 r--s 0001a000 08:05 34396861                   /home/kay/.gradle/caches/modules-2/files-2.1/io.swagger/swagger-models/2.0.0-rc0/8a278fe4412685ebee90d793c776e57be3cfacf2/swagger-models-2.0.0-rc0.jar
7fbe48027000-7fbe4802d000 r--s 0003d000 08:05 434004                     /home/kay/.gradle/caches/modules-2/files-2.1/org.yaml/snakeyaml/1.17/7a27ea250c5130b2922b86dea63cbb1cc10a660c/snakeyaml-1.17.jar
7fbe4802d000-7fbe48042000 r--s 000ff000 08:03 9078                       /usr/java/jdk1.8.0_201-amd64/jre/lib/resources.jar
7fbe48042000-7fbe49b5d000 rw-p 00000000 00:00 0 
7fbe49b5d000-7fbe49d37000 r--s 03d27000 08:03 2082812                    /usr/java/jdk1.8.0_201-amd64/jre/lib/rt.jar
7fbe49d37000-7fbe4acea000 rw-p 00000000 00:00 0 
7fbe4acea000-7fbe4aceb000 ---p 00000000 00:00 0 
7fbe4aceb000-7fbe4adeb000 rw-p 00000000 00:00 0 
7fbe4adeb000-7fbe4adec000 ---p 00000000 00:00 0 
7fbe4adec000-7fbe4aeec000 rw-p 00000000 00:00 0 
7fbe4aeec000-7fbe4aeed000 ---p 00000000 00:00 0 
7fbe4aeed000-7fbe4afed000 rw-p 00000000 00:00 0 
7fbe4afed000-7fbe4afee000 ---p 00000000 00:00 0 
7fbe4afee000-7fbe4b0ee000 rw-p 00000000 00:00 0 
7fbe4b0ee000-7fbe4b0ef000 ---p 00000000 00:00 0 
7fbe4b0ef000-7fbe4b1ef000 rw-p 00000000 00:00 0 
7fbe4b1ef000-7fbe4b1f0000 ---p 00000000 00:00 0 
7fbe4b1f0000-7fbe4b2f0000 rw-p 00000000 00:00 0 
7fbe4b2f0000-7fbe4b2f1000 ---p 00000000 00:00 0 
7fbe4b2f1000-7fbe4b3f1000 rw-p 00000000 00:00 0 
7fbe4b3f1000-7fbe4b3f2000 ---p 00000000 00:00 0 
7fbe4b3f2000-7fbe4b545000 rw-p 00000000 00:00 0 
7fbe4b545000-7fbe4ba14000 ---p 00000000 00:00 0 
7fbe4ba14000-7fbe4ba67000 rw-p 00000000 00:00 0 
7fbe4ba67000-7fbe4bf36000 ---p 00000000 00:00 0 
7fbe4bf36000-7fbe4bf7f000 rw-p 00000000 00:00 0 
7fbe4bf7f000-7fbe4c1c7000 ---p 00000000 00:00 0 
7fbe4c1c7000-7fbe4c1d6000 rw-p 00000000 00:00 0 
7fbe4c1d6000-7fbe4c588000 ---p 00000000 00:00 0 
7fbe4c588000-7fbe4c908000 rwxp 00000000 00:00 0 
7fbe4c908000-7fbe5b588000 ---p 00000000 00:00 0 
7fbe5b588000-7fbe5b5a3000 r-xp 00000000 08:03 33630925                   /usr/java/jdk1.8.0_201-amd64/jre/lib/amd64/libzip.so
7fbe5b5a3000-7fbe5b7a2000 ---p 0001b000 08:03 33630925                   /usr/java/jdk1.8.0_201-amd64/jre/lib/amd64/libzip.so
7fbe5b7a2000-7fbe5b7a3000 r--p 0001a000 08:03 33630925                   /usr/java/jdk1.8.0_201-amd64/jre/lib/amd64/libzip.so
7fbe5b7a3000-7fbe5b7a4000 rw-p 0001b000 08:03 33630925                   /usr/java/jdk1.8.0_201-amd64/jre/lib/amd64/libzip.so
7fbe5b7a4000-7fbe5b7b0000 r-xp 00000000 08:03 33555642                   /usr/lib64/libnss_files-2.17.so
7fbe5b7b0000-7fbe5b9af000 ---p 0000c000 08:03 33555642                   /usr/lib64/libnss_files-2.17.so
7fbe5b9af000-7fbe5b9b0000 r--p 0000b000 08:03 33555642                   /usr/lib64/libnss_files-2.17.so
7fbe5b9b0000-7fbe5b9b1000 rw-p 0000c000 08:03 33555642                   /usr/lib64/libnss_files-2.17.so
7fbe5b9b1000-7fbe5b9b7000 rw-p 00000000 00:00 0 
7fbe5b9b7000-7fbe5b9c1000 r-xp 00000000 08:03 34785958                   /usr/java/jdk1.8.0_201-amd64/jre/lib/amd64/libinstrument.so
7fbe5b9c1000-7fbe5bbc0000 ---p 0000a000 08:03 34785958                   /usr/java/jdk1.8.0_201-amd64/jre/lib/amd64/libinstrument.so
7fbe5bbc0000-7fbe5bbc1000 r--p 00009000 08:03 34785958                   /usr/java/jdk1.8.0_201-amd64/jre/lib/amd64/libinstrument.so
7fbe5bbc1000-7fbe5bbc2000 rw-p 0000a000 08:03 34785958                   /usr/java/jdk1.8.0_201-amd64/jre/lib/amd64/libinstrument.so
7fbe5bbc2000-7fbe5bbee000 r-xp 00000000 08:03 34785963                   /usr/java/jdk1.8.0_201-amd64/jre/lib/amd64/libjava.so
7fbe5bbee000-7fbe5bdee000 ---p 0002c000 08:03 34785963                   /usr/java/jdk1.8.0_201-amd64/jre/lib/amd64/libjava.so
7fbe5bdee000-7fbe5bdef000 r--p 0002c000 08:03 34785963                   /usr/java/jdk1.8.0_201-amd64/jre/lib/amd64/libjava.so
7fbe5bdef000-7fbe5bdf1000 rw-p 0002d000 08:03 34785963                   /usr/java/jdk1.8.0_201-amd64/jre/lib/amd64/libjava.so
7fbe5bdf1000-7fbe5bdfe000 r-xp 00000000 08:03 33630924                   /usr/java/jdk1.8.0_201-amd64/jre/lib/amd64/libverify.so
7fbe5bdfe000-7fbe5bffd000 ---p 0000d000 08:03 33630924                   /usr/java/jdk1.8.0_201-amd64/jre/lib/amd64/libverify.so
7fbe5bffd000-7fbe5bfff000 r--p 0000c000 08:03 33630924                   /usr/java/jdk1.8.0_201-amd64/jre/lib/amd64/libverify.so
7fbe5bfff000-7fbe5c000000 rw-p 0000e000 08:03 33630924                   /usr/java/jdk1.8.0_201-amd64/jre/lib/amd64/libverify.so
7fbe5c000000-7fbe5c9de000 rw-p 00000000 00:00 0 
7fbe5c9de000-7fbe60000000 ---p 00000000 00:00 0 
7fbe60000000-7fbe60008000 r--s 00072000 08:05 424341                     /home/kay/.gradle/caches/modules-2/files-2.1/org.eclipse.jetty/jetty-util/9.4.11.v20180605/f0f25aa2f27d618a04bc7356fa247ae4a05245b3/jetty-util-9.4.11.v20180605.jar
7fbe60008000-7fbe6001b000 r--s 001a7000 08:03 2082809                    /usr/java/jdk1.8.0_201-amd64/jre/lib/plugin.jar
7fbe6001b000-7fbe600e0000 rw-p 00000000 00:00 0 
7fbe600e0000-7fbe600e7000 r-xp 00000000 08:03 33555654                   /usr/lib64/librt-2.17.so
7fbe600e7000-7fbe602e6000 ---p 00007000 08:03 33555654                   /usr/lib64/librt-2.17.so
7fbe602e6000-7fbe602e7000 r--p 00006000 08:03 33555654                   /usr/lib64/librt-2.17.so
7fbe602e7000-7fbe602e8000 rw-p 00007000 08:03 33555654                   /usr/lib64/librt-2.17.so
7fbe602e8000-7fbe603e9000 r-xp 00000000 08:03 33555632                   /usr/lib64/libm-2.17.so
7fbe603e9000-7fbe605e8000 ---p 00101000 08:03 33555632                   /usr/lib64/libm-2.17.so
7fbe605e8000-7fbe605e9000 r--p 00100000 08:03 33555632                   /usr/lib64/libm-2.17.so
7fbe605e9000-7fbe605ea000 rw-p 00101000 08:03 33555632                   /usr/lib64/libm-2.17.so
7fbe605ea000-7fbe612d2000 r-xp 00000000 08:03 100917971                  /usr/java/jdk1.8.0_201-amd64/jre/lib/amd64/server/libjvm.so
7fbe612d2000-7fbe614d1000 ---p 00ce8000 08:03 100917971                  /usr/java/jdk1.8.0_201-amd64/jre/lib/amd64/server/libjvm.so
7fbe614d1000-7fbe61567000 r--p 00ce7000 08:03 100917971                  /usr/java/jdk1.8.0_201-amd64/jre/lib/amd64/server/libjvm.so
7fbe61567000-7fbe61598000 rw-p 00d7d000 08:03 100917971                  /usr/java/jdk1.8.0_201-amd64/jre/lib/amd64/server/libjvm.so
7fbe61598000-7fbe615d3000 rw-p 00000000 00:00 0 
7fbe615d3000-7fbe61796000 r-xp 00000000 08:03 33555610                   /usr/lib64/libc-2.17.so
7fbe61796000-7fbe61996000 ---p 001c3000 08:03 33555610                   /usr/lib64/libc-2.17.so
7fbe61996000-7fbe6199a000 r--p 001c3000 08:03 33555610                   /usr/lib64/libc-2.17.so
7fbe6199a000-7fbe6199c000 rw-p 001c7000 08:03 33555610                   /usr/lib64/libc-2.17.so
7fbe6199c000-7fbe619a1000 rw-p 00000000 00:00 0 
7fbe619a1000-7fbe619a3000 r-xp 00000000 08:03 33555630                   /usr/lib64/libdl-2.17.so
7fbe619a3000-7fbe61ba3000 ---p 00002000 08:03 33555630                   /usr/lib64/libdl-2.17.so
7fbe61ba3000-7fbe61ba4000 r--p 00002000 08:03 33555630                   /usr/lib64/libdl-2.17.so
7fbe61ba4000-7fbe61ba5000 rw-p 00003000 08:03 33555630                   /usr/lib64/libdl-2.17.so
7fbe61ba5000-7fbe61bbc000 r-xp 00000000 08:03 33630823                   /usr/java/jdk1.8.0_201-amd64/lib/amd64/jli/libjli.so
7fbe61bbc000-7fbe61dbb000 ---p 00017000 08:03 33630823                   /usr/java/jdk1.8.0_201-amd64/lib/amd64/jli/libjli.so
7fbe61dbb000-7fbe61dbc000 r--p 00016000 08:03 33630823                   /usr/java/jdk1.8.0_201-amd64/lib/amd64/jli/libjli.so
7fbe61dbc000-7fbe61dbd000 rw-p 00017000 08:03 33630823                   /usr/java/jdk1.8.0_201-amd64/lib/amd64/jli/libjli.so
7fbe61dbd000-7fbe61dd4000 r-xp 00000000 08:03 33555650                   /usr/lib64/libpthread-2.17.so
7fbe61dd4000-7fbe61fd3000 ---p 00017000 08:03 33555650                   /usr/lib64/libpthread-2.17.so
7fbe61fd3000-7fbe61fd4000 r--p 00016000 08:03 33555650                   /usr/lib64/libpthread-2.17.so
7fbe61fd4000-7fbe61fd5000 rw-p 00017000 08:03 33555650                   /usr/lib64/libpthread-2.17.so
7fbe61fd5000-7fbe61fd9000 rw-p 00000000 00:00 0 
7fbe61fd9000-7fbe61ffb000 r-xp 00000000 08:03 33555603                   /usr/lib64/ld-2.17.so
7fbe61ffb000-7fbe61ffe000 r--s 0001a000 08:05 78876                      /home/kay/.gradle/caches/modules-2/files-2.1/io.swagger/swagger-core/2.0.0-rc0/8c4f895d4809256c0a8d3b68a6a83e2424e90d67/swagger-core-2.0.0-rc0.jar
7fbe61ffe000-7fbe62001000 r--s 00019000 08:05 67307175                   /home/kay/.gradle/caches/modules-2/files-2.1/org.eclipse.jetty/jetty-servlet/9.4.11.v20180605/66d31900fcfc70e3666f0b3335b6660635154f98/jetty-servlet-9.4.11.v20180605.jar
7fbe62001000-7fbe62002000 r--s 00004000 08:05 35270213                   /home/kay/.gradle/caches/modules-2/files-2.1/net.iharder/base64/2.3.9/6c34d1c85141be8a21b0a957d84359894e2684b7/base64-2.3.9.jar
7fbe62002000-7fbe62003000 r--s 00005000 08:05 34326646                   /home/kay/.gradle/caches/modules-2/files-2.1/org.springframework/spring-jcl/5.2.0.RELEASE/59b53ab6f01dd3ba85875b61a284c161584c18a3/spring-jcl-5.2.0.RELEASE.jar
7fbe62003000-7fbe62006000 r--s 00015000 08:05 100692414                  /home/kay/.gradle/caches/modules-2/files-2.1/javax.servlet/javax.servlet-api/3.1.0/3cd63d075497751784b2fa84be59432f4905bf7c/javax.servlet-api-3.1.0.jar
7fbe62006000-7fbe6200b000 r--s 000a0000 08:03 2082813                    /usr/java/jdk1.8.0_201-amd64/jre/lib/jsse.jar
7fbe6200b000-7fbe6200d000 r--s 00007000 08:03 9785                       /usr/java/jdk1.8.0_201-amd64/jre/lib/jfxswt.jar
7fbe6200d000-7fbe62013000 r--s 0003e000 08:03 9784                       /usr/java/jdk1.8.0_201-amd64/jre/lib/jfr.jar
7fbe62013000-7fbe62016000 r--s 0001a000 08:03 9782                       /usr/java/jdk1.8.0_201-amd64/jre/lib/jce.jar
7fbe62016000-7fbe62031000 r--s 004a0000 08:03 2082811                    /usr/java/jdk1.8.0_201-amd64/jre/lib/deploy.jar
7fbe62031000-7fbe620d9000 rw-p 00000000 00:00 0 
7fbe620d9000-7fbe620dd000 ---p 00000000 00:00 0 
7fbe620dd000-7fbe621de000 rw-p 00000000 00:00 0 
7fbe621de000-7fbe621df000 r--s 00000000 08:03 9066                       /usr/java/jdk1.8.0_201-amd64/jre/lib/management-agent.jar
7fbe621df000-7fbe621e9000 r--s 000e2000 08:03 2082810                    /usr/java/jdk1.8.0_201-amd64/jre/lib/javaws.jar
7fbe621e9000-7fbe621ef000 r--s 002f8000 08:03 2082814                    /usr/java/jdk1.8.0_201-amd64/jre/lib/charsets.jar
7fbe621ef000-7fbe621f7000 rw-s 00000000 08:03 68946936                   /tmp/hsperfdata_kay/32528
7fbe621f7000-7fbe621f8000 rw-p 00000000 00:00 0 
7fbe621f8000-7fbe621f9000 r--p 00000000 00:00 0 
7fbe621f9000-7fbe621fa000 rw-p 00000000 00:00 0 
7fbe621fa000-7fbe621fb000 r--p 00021000 08:03 33555603                   /usr/lib64/ld-2.17.so
7fbe621fb000-7fbe621fc000 rw-p 00022000 08:03 33555603                   /usr/lib64/ld-2.17.so
7fbe621fc000-7fbe621fd000 rw-p 00000000 00:00 0 
7ffd8e35a000-7ffd8e37d000 rw-p 00000000 00:00 0                          [stack]
7ffd8e3fe000-7ffd8e400000 r-xp 00000000 00:00 0                          [vdso]
ffffffffff600000-ffffffffff601000 r-xp 00000000 00:00 0                  [vsyscall]

VM Arguments:
jvm_args: -javaagent:/home/kay/workspace/tools/idea/lib/idea_rt.jar=38564:/home/kay/workspace/tools/idea/bin -Dfile.encoding=UTF-8 
java_command: org.matrixchain.db.BlockStore
java_class_path (initial): /usr/java/jdk1.8.0_201-amd64/jre/lib/charsets.jar:/usr/java/jdk1.8.0_201-amd64/jre/lib/deploy.jar:/usr/java/jdk1.8.0_201-amd64/jre/lib/ext/cldrdata.jar:/usr/java/jdk1.8.0_201-amd64/jre/lib/ext/dnsns.jar:/usr/java/jdk1.8.0_201-amd64/jre/lib/ext/jaccess.jar:/usr/java/jdk1.8.0_201-amd64/jre/lib/ext/jfxrt.jar:/usr/java/jdk1.8.0_201-amd64/jre/lib/ext/localedata.jar:/usr/java/jdk1.8.0_201-amd64/jre/lib/ext/nashorn.jar:/usr/java/jdk1.8.0_201-amd64/jre/lib/ext/sunec.jar:/usr/java/jdk1.8.0_201-amd64/jre/lib/ext/sunjce_provider.jar:/usr/java/jdk1.8.0_201-amd64/jre/lib/ext/sunpkcs11.jar:/usr/java/jdk1.8.0_201-amd64/jre/lib/ext/zipfs.jar:/usr/java/jdk1.8.0_201-amd64/jre/lib/javaws.jar:/usr/java/jdk1.8.0_201-amd64/jre/lib/jce.jar:/usr/java/jdk1.8.0_201-amd64/jre/lib/jfr.jar:/usr/java/jdk1.8.0_201-amd64/jre/lib/jfxswt.jar:/usr/java/jdk1.8.0_201-amd64/jre/lib/jsse.jar:/usr/java/jdk1.8.0_201-amd64/jre/lib/management-agent.jar:/usr/java/jdk1.8.0_201-amd64/jre/lib/plugin.jar:/usr/java/jdk1.8.0_201-amd64/jre/lib/resources.jar:/usr/java/jdk1.8.0_201-amd64/jre/lib/rt.jar:/home/kay/workspace/kay/matrixchain/out/production/classes:/home/kay/workspace/kay/matrixchain/out/production/resources:/home/kay/.gradle/caches/modules-2/files-2.1/io.netty/netty-all/4.1.43.Final/f373e16375242903170434deba3cb8e7fd3bf622/netty-all-4.1.43.Final.jar:/home/kay/.gradle/caches/modules-2/files-2.1/javax.servlet/javax.servlet-api/3.1.0/3cd63d075497751784b2fa84be59432f4905bf7c/javax.servlet-api-3.1.0.jar:/home/kay/.gradle/caches/modules-2/files-2.1/com.google.guava/guava/20.0/89507701249388e1ed5ddcf8c41f4ce1be7831ef/guava-20.0.jar:/home/kay/.gradle/caches/modules-2/files-2.1/org.springframework/spring-jcl/5.2.0.RELEASE/59b53ab6f01dd3ba85875b61a284c161584c18a3/spring-jcl-5.2.0.RELEASE.jar:/home/kay/.gradle/caches/modules-2/files-2.1/net.iharder/base64/2.3.9/6c34d1c85141be8a21b0a957d84359894e2684b7/base64-2.3.9.jar:/home/kay/.gradle/caches/modules-2/files-2.1/org.eclipse.jetty/jetty-s
Launcher Type: SUN_STANDARD

Environment Variables:
JAVA_HOME=/usr/java/jdk1.8.0_201-amd64
JRE_HOME=/usr/java/jdk1.8.0_201-amd64/jre
CLASSPATH=/home/kay/workspace/tools/idea/lib/bootstrap.jar:/home/kay/workspace/tools/idea/lib/extensions.jar:/home/kay/workspace/tools/idea/lib/util.jar:/home/kay/workspace/tools/idea/lib/jdom.jar:/home/kay/workspace/tools/idea/lib/log4j.jar:/home/kay/workspace/tools/idea/lib/trove4j.jar:/home/kay/workspace/tools/idea/lib/jna.jar:/usr/java/jdk1.8.0_201-amd64/lib/tools.jar
PATH=/usr/local/src/activator:/usr/local/src/activator:/usr/java/jdk1.8.0_201-amd64/bin:/usr/local/openssl/bin:/usr/local/bin:/usr/local/sbin:/usr/bin:/usr/sbin:/bin:/sbin:/var/lib/snapd/snap/bin:/usr/local/go/bin:/home/kay/.local/bin:/home/kay/bin
USERNAME=kay
LD_LIBRARY_PATH=/usr/local/boost/lib:/usr/local/boost/lib:
SHELL=/bin/bash
DISPLAY=:0

Signal Handlers:
SIGSEGV: [libjvm.so+0xad3e60], sa_mask[0]=11111111011111111101111111111110, sa_flags=SA_RESTART|SA_SIGINFO
SIGBUS: [libjvm.so+0xad3e60], sa_mask[0]=11111111011111111101111111111110, sa_flags=SA_RESTART|SA_SIGINFO
SIGFPE: [libjvm.so+0x90b880], sa_mask[0]=11111111011111111101111111111110, sa_flags=SA_RESTART|SA_SIGINFO
SIGPIPE: [libjvm.so+0x90b880], sa_mask[0]=11111111011111111101111111111110, sa_flags=SA_RESTART|SA_SIGINFO
SIGXFSZ: [libjvm.so+0x90b880], sa_mask[0]=11111111011111111101111111111110, sa_flags=SA_RESTART|SA_SIGINFO
SIGILL: [libjvm.so+0x90b880], sa_mask[0]=11111111011111111101111111111110, sa_flags=SA_RESTART|SA_SIGINFO
SIGUSR1: SIG_DFL, sa_mask[0]=00000000000000000000000000000000, sa_flags=none
SIGUSR2: [libjvm.so+0x90b750], sa_mask[0]=00100000000000000000000000000000, sa_flags=SA_RESTART|SA_SIGINFO
SIGHUP: [libjvm.so+0x90bd70], sa_mask[0]=11111111011111111101111111111110, sa_flags=SA_RESTART|SA_SIGINFO
SIGINT: [libjvm.so+0x90bd70], sa_mask[0]=11111111011111111101111111111110, sa_flags=SA_RESTART|SA_SIGINFO
SIGTERM: [libjvm.so+0x90bd70], sa_mask[0]=11111111011111111101111111111110, sa_flags=SA_RESTART|SA_SIGINFO
SIGQUIT: [libjvm.so+0x90bd70], sa_mask[0]=11111111011111111101111111111110, sa_flags=SA_RESTART|SA_SIGINFO


---------------  S Y S T E M  ---------------

OS:CentOS Linux release 7.7.1908 (Core)

uname:Linux 3.10.0-957.21.3.el7.x86_64 #1 SMP Tue Jun 18 16:35:19 UTC 2019 x86_64
libc:glibc 2.17 NPTL 2.17 
rlimit: STACK 8192k, CORE 0k, NPROC 4096, NOFILE 4096, AS infinity
load average:1.73 1.28 1.52

/proc/meminfo:
MemTotal:       16144236 kB
MemFree:          525916 kB
MemAvailable:     825108 kB
Buffers:            1648 kB
Cached:          1203640 kB
SwapCached:       244648 kB
Active:         12293016 kB
Inactive:        2225488 kB
Active(anon):   12022080 kB
Inactive(anon):  2119288 kB
Active(file):     270936 kB
Inactive(file):   106200 kB
Unevictable:          76 kB
Mlocked:              76 kB
SwapTotal:       8193020 kB
SwapFree:        3439356 kB
Dirty:             44152 kB
Writeback:             0 kB
AnonPages:      13202208 kB
Mapped:           547720 kB
Shmem:            828192 kB
Slab:             459596 kB
SReclaimable:     263508 kB
SUnreclaim:       196088 kB
KernelStack:       45136 kB
PageTables:       214072 kB
NFS_Unstable:          0 kB
Bounce:                0 kB
WritebackTmp:          0 kB
CommitLimit:    16265136 kB
Committed_AS:   44764616 kB
VmallocTotal:   34359738367 kB
VmallocUsed:      577308 kB
VmallocChunk:   34358421500 kB
HardwareCorrupted:     0 kB
AnonHugePages:   2228224 kB
CmaTotal:              0 kB
CmaFree:               0 kB
HugePages_Total:       0
HugePages_Free:        0
HugePages_Rsvd:        0
HugePages_Surp:        0
Hugepagesize:       2048 kB
DirectMap4k:      297832 kB
DirectMap2M:     7968768 kB
DirectMap1G:     8388608 kB

container (cgroup) information:
container_type: cgroupv1
cpu_cpuset_cpus: 0-7
cpu_memory_nodes: 0
active_processor_count: 8
cpu_quota: -1
cpu_period: 100000
cpu_shares: -1
memory_limit_in_bytes: -1
memory_and_swap_limit_in_bytes: -1
memory_soft_limit_in_bytes: -1
memory_usage_in_bytes: 13363912704
memory_max_usage_in_bytes: 13809520640


CPU:total 8 (initial active 8) (4 cores per cpu, 2 threads per core) family 6 model 94 stepping 3, cmov, cx8, fxsr, mmx, sse, sse2, sse3, ssse3, sse4.1, sse4.2, popcnt, avx, avx2, aes, clmul, erms, rtm, 3dnowpref, lzcnt, ht, tsc, tscinvbit, bmi1, bmi2, adx

/proc/cpuinfo:
processor	: 0
vendor_id	: GenuineIntel
cpu family	: 6
model		: 94
model name	: Intel(R) Core(TM) i7-6700 CPU @ 3.40GHz
stepping	: 3
microcode	: 0xcc
cpu MHz		: 3700.280
cache size	: 8192 KB
physical id	: 0
siblings	: 8
core id		: 0
cpu cores	: 4
apicid		: 0
initial apicid	: 0
fpu		: yes
fpu_exception	: yes
cpuid level	: 22
wp		: yes
flags		: fpu vme de pse tsc msr pae mce cx8 apic sep mtrr pge mca cmov pat pse36 clflush dts acpi mmx fxsr sse sse2 ss ht tm pbe syscall nx pdpe1gb rdtscp lm constant_tsc art arch_perfmon pebs bts rep_good nopl xtopology nonstop_tsc aperfmperf eagerfpu pni pclmulqdq dtes64 monitor ds_cpl vmx smx est tm2 ssse3 sdbg fma cx16 xtpr pdcm pcid sse4_1 sse4_2 x2apic movbe popcnt tsc_deadline_timer aes xsave avx f16c rdrand lahf_lm abm 3dnowprefetch intel_pt ssbd ibrs ibpb stibp tpr_shadow vnmi flexpriority ept vpid fsgsbase tsc_adjust bmi1 hle avx2 smep bmi2 erms invpcid rtm mpx rdseed adx smap clflushopt xsaveopt xsavec xgetbv1 dtherm ida arat pln pts hwp hwp_notify hwp_act_window hwp_epp md_clear spec_ctrl intel_stibp flush_l1d
bogomips	: 6816.00
clflush size	: 64
cache_alignment	: 64
address sizes	: 39 bits physical, 48 bits virtual
power management:

processor	: 1
vendor_id	: GenuineIntel
cpu family	: 6
model		: 94
model name	: Intel(R) Core(TM) i7-6700 CPU @ 3.40GHz
stepping	: 3
microcode	: 0xcc
cpu MHz		: 3710.241
cache size	: 8192 KB
physical id	: 0
siblings	: 8
core id		: 1
cpu cores	: 4
apicid		: 2
initial apicid	: 2
fpu		: yes
fpu_exception	: yes
cpuid level	: 22
wp		: yes
flags		: fpu vme de pse tsc msr pae mce cx8 apic sep mtrr pge mca cmov pat pse36 clflush dts acpi mmx fxsr sse sse2 ss ht tm pbe syscall nx pdpe1gb rdtscp lm constant_tsc art arch_perfmon pebs bts rep_good nopl xtopology nonstop_tsc aperfmperf eagerfpu pni pclmulqdq dtes64 monitor ds_cpl vmx smx est tm2 ssse3 sdbg fma cx16 xtpr pdcm pcid sse4_1 sse4_2 x2apic movbe popcnt tsc_deadline_timer aes xsave avx f16c rdrand lahf_lm abm 3dnowprefetch intel_pt ssbd ibrs ibpb stibp tpr_shadow vnmi flexpriority ept vpid fsgsbase tsc_adjust bmi1 hle avx2 smep bmi2 erms invpcid rtm mpx rdseed adx smap clflushopt xsaveopt xsavec xgetbv1 dtherm ida arat pln pts hwp hwp_notify hwp_act_window hwp_epp md_clear spec_ctrl intel_stibp flush_l1d
bogomips	: 6816.00
clflush size	: 64
cache_alignment	: 64
address sizes	: 39 bits physical, 48 bits virtual
power management:

processor	: 2
vendor_id	: GenuineIntel
cpu family	: 6
model		: 94
model name	: Intel(R) Core(TM) i7-6700 CPU @ 3.40GHz
stepping	: 3
microcode	: 0xcc
cpu MHz		: 3726.428
cache size	: 8192 KB
physical id	: 0
siblings	: 8
core id		: 2
cpu cores	: 4
apicid		: 4
initial apicid	: 4
fpu		: yes
fpu_exception	: yes
cpuid level	: 22
wp		: yes
flags		: fpu vme de pse tsc msr pae mce cx8 apic sep mtrr pge mca cmov pat pse36 clflush dts acpi mmx fxsr sse sse2 ss ht tm pbe syscall nx pdpe1gb rdtscp lm constant_tsc art arch_perfmon pebs bts rep_good nopl xtopology nonstop_tsc aperfmperf eagerfpu pni pclmulqdq dtes64 monitor ds_cpl vmx smx est tm2 ssse3 sdbg fma cx16 xtpr pdcm pcid sse4_1 sse4_2 x2apic movbe popcnt tsc_deadline_timer aes xsave avx f16c rdrand lahf_lm abm 3dnowprefetch intel_pt ssbd ibrs ibpb stibp tpr_shadow vnmi flexpriority ept vpid fsgsbase tsc_adjust bmi1 hle avx2 smep bmi2 erms invpcid rtm mpx rdseed adx smap clflushopt xsaveopt xsavec xgetbv1 dtherm ida arat pln pts hwp hwp_notify hwp_act_window hwp_epp md_clear spec_ctrl intel_stibp flush_l1d
bogomips	: 6816.00
clflush size	: 64
cache_alignment	: 64
address sizes	: 39 bits physical, 48 bits virtual
power management:

processor	: 3
vendor_id	: GenuineIntel
cpu family	: 6
model		: 94
model name	: Intel(R) Core(TM) i7-6700 CPU @ 3.40GHz
stepping	: 3
microcode	: 0xcc
cpu MHz		: 3706.091
cache size	: 8192 KB
physical id	: 0
siblings	: 8
core id		: 3
cpu cores	: 4
apicid		: 6
initial apicid	: 6
fpu		: yes
fpu_exception	: yes
cpuid level	: 22
wp		: yes
flags		: fpu vme de pse tsc msr pae mce cx8 apic sep mtrr pge mca cmov pat pse36 clflush dts acpi mmx fxsr sse sse2 ss ht tm pbe syscall nx pdpe1gb rdtscp lm constant_tsc art arch_perfmon pebs bts rep_good nopl xtopology nonstop_tsc aperfmperf eagerfpu pni pclmulqdq dtes64 monitor ds_cpl vmx smx est tm2 ssse3 sdbg fma cx16 xtpr pdcm pcid sse4_1 sse4_2 x2apic movbe popcnt tsc_deadline_timer aes xsave avx f16c rdrand lahf_lm abm 3dnowprefetch intel_pt ssbd ibrs ibpb stibp tpr_shadow vnmi flexpriority ept vpid fsgsbase tsc_adjust bmi1 hle avx2 smep bmi2 erms invpcid rtm mpx rdseed adx smap clflushopt xsaveopt xsavec xgetbv1 dtherm ida arat pln pts hwp hwp_notify hwp_act_window hwp_epp md_clear spec_ctrl intel_stibp flush_l1d
bogomips	: 6816.00
clflush size	: 64
cache_alignment	: 64
address sizes	: 39 bits physical, 48 bits virtual
power management:

processor	: 4
vendor_id	: GenuineIntel
cpu family	: 6
model		: 94
model name	: Intel(R) Core(TM) i7-6700 CPU @ 3.40GHz
stepping	: 3
microcode	: 0xcc
cpu MHz		: 3707.958
cache size	: 8192 KB
physical id	: 0
siblings	: 8
core id		: 0
cpu cores	: 4
apicid		: 1
initial apicid	: 1
fpu		: yes
fpu_exception	: yes
cpuid level	: 22
wp		: yes
flags		: fpu vme de pse tsc msr pae mce cx8 apic sep mtrr pge mca cmov pat pse36 clflush dts acpi mmx fxsr sse sse2 ss ht tm pbe syscall nx pdpe1gb rdtscp lm constant_tsc art arch_perfmon pebs bts rep_good nopl xtopology nonstop_tsc aperfmperf eagerfpu pni pclmulqdq dtes64 monitor ds_cpl vmx smx est tm2 ssse3 sdbg fma cx16 xtpr pdcm pcid sse4_1 sse4_2 x2apic movbe popcnt tsc_deadline_timer aes xsave avx f16c rdrand lahf_lm abm 3dnowprefetch intel_pt ssbd ibrs ibpb stibp tpr_shadow vnmi flexpriority ept vpid fsgsbase tsc_adjust bmi1 hle avx2 smep bmi2 erms invpcid rtm mpx rdseed adx smap clflushopt xsaveopt xsavec xgetbv1 dtherm ida arat pln pts hwp hwp_notify hwp_act_window hwp_epp md_clear spec_ctrl intel_stibp flush_l1d
bogomips	: 6816.00
clflush size	: 64
cache_alignment	: 64
address sizes	: 39 bits physical, 48 bits virtual
power management:

processor	: 5
vendor_id	: GenuineIntel
cpu family	: 6
model		: 94
model name	: Intel(R) Core(TM) i7-6700 CPU @ 3.40GHz
stepping	: 3
microcode	: 0xcc
cpu MHz		: 3708.581
cache size	: 8192 KB
physical id	: 0
siblings	: 8
core id		: 1
cpu cores	: 4
apicid		: 3
initial apicid	: 3
fpu		: yes
fpu_exception	: yes
cpuid level	: 22
wp		: yes
flags		: fpu vme de pse tsc msr pae mce cx8 apic sep mtrr pge mca cmov pat pse36 clflush dts acpi mmx fxsr sse sse2 ss ht tm pbe syscall nx pdpe1gb rdtscp lm constant_tsc art arch_perfmon pebs bts rep_good nopl xtopology nonstop_tsc aperfmperf eagerfpu pni pclmulqdq dtes64 monitor ds_cpl vmx smx est tm2 ssse3 sdbg fma cx16 xtpr pdcm pcid sse4_1 sse4_2 x2apic movbe popcnt tsc_deadline_timer aes xsave avx f16c rdrand lahf_lm abm 3dnowprefetch intel_pt ssbd ibrs ibpb stibp tpr_shadow vnmi flexpriority ept vpid fsgsbase tsc_adjust bmi1 hle avx2 smep bmi2 erms invpcid rtm mpx rdseed adx smap clflushopt xsaveopt xsavec xgetbv1 dtherm ida arat pln pts hwp hwp_notify hwp_act_window hwp_epp md_clear spec_ctrl intel_stibp flush_l1d
bogomips	: 6816.00
clflush size	: 64
cache_alignment	: 64
address sizes	: 39 bits physical, 48 bits virtual
power management:

processor	: 6
vendor_id	: GenuineIntel
cpu family	: 6
model		: 94
model name	: Intel(R) Core(TM) i7-6700 CPU @ 3.40GHz
stepping	: 3
microcode	: 0xcc
cpu MHz		: 3708.789
cache size	: 8192 KB
physical id	: 0
siblings	: 8
core id		: 2
cpu cores	: 4
apicid		: 5
initial apicid	: 5
fpu		: yes
fpu_exception	: yes
cpuid level	: 22
wp		: yes
flags		: fpu vme de pse tsc msr pae mce cx8 apic sep mtrr pge mca cmov pat pse36 clflush dts acpi mmx fxsr sse sse2 ss ht tm pbe syscall nx pdpe1gb rdtscp lm constant_tsc art arch_perfmon pebs bts rep_good nopl xtopology nonstop_tsc aperfmperf eagerfpu pni pclmulqdq dtes64 monitor ds_cpl vmx smx est tm2 ssse3 sdbg fma cx16 xtpr pdcm pcid sse4_1 sse4_2 x2apic movbe popcnt tsc_deadline_timer aes xsave avx f16c rdrand lahf_lm abm 3dnowprefetch intel_pt ssbd ibrs ibpb stibp tpr_shadow vnmi flexpriority ept vpid fsgsbase tsc_adjust bmi1 hle avx2 smep bmi2 erms invpcid rtm mpx rdseed adx smap clflushopt xsaveopt xsavec xgetbv1 dtherm ida arat pln pts hwp hwp_notify hwp_act_window hwp_epp md_clear spec_ctrl intel_stibp flush_l1d
bogomips	: 6816.00
clflush size	: 64
cache_alignment	: 64
address sizes	: 39 bits physical, 48 bits virtual
power management:

processor	: 7
vendor_id	: GenuineIntel
cpu family	: 6
model		: 94
model name	: Intel(R) Core(TM) i7-6700 CPU @ 3.40GHz
stepping	: 3
microcode	: 0xcc
cpu MHz		: 3710.241
cache size	: 8192 KB
physical id	: 0
siblings	: 8
core id		: 3
cpu cores	: 4
apicid		: 7
initial apicid	: 7
fpu		: yes
fpu_exception	: yes
cpuid level	: 22
wp		: yes
flags		: fpu vme de pse tsc msr pae mce cx8 apic sep mtrr pge mca cmov pat pse36 clflush dts acpi mmx fxsr sse sse2 ss ht tm pbe syscall nx pdpe1gb rdtscp lm constant_tsc art arch_perfmon pebs bts rep_good nopl xtopology nonstop_tsc aperfmperf eagerfpu pni pclmulqdq dtes64 monitor ds_cpl vmx smx est tm2 ssse3 sdbg fma cx16 xtpr pdcm pcid sse4_1 sse4_2 x2apic movbe popcnt tsc_deadline_timer aes xsave avx f16c rdrand lahf_lm abm 3dnowprefetch intel_pt ssbd ibrs ibpb stibp tpr_shadow vnmi flexpriority ept vpid fsgsbase tsc_adjust bmi1 hle avx2 smep bmi2 erms invpcid rtm mpx rdseed adx smap clflushopt xsaveopt xsavec xgetbv1 dtherm ida arat pln pts hwp hwp_notify hwp_act_window hwp_epp md_clear spec_ctrl intel_stibp flush_l1d
bogomips	: 6816.00
clflush size	: 64
cache_alignment	: 64
address sizes	: 39 bits physical, 48 bits virtual
power management:



Memory: 4k page, physical 16144236k(525916k free), swap 8193020k(3439356k free)

vm_info: Java HotSpot(TM) 64-Bit Server VM (25.201-b09) for linux-amd64 JRE (1.8.0_201-b09), built on Dec 15 2018 11:35:59 by "java_re" with gcc 7.3.0

time: Thu Dec 26 15:30:39 2019
timezone: CST
elapsed time: 0 seconds (0d 0h 0m 0s)

