#
# A fatal error has been detected by the Java Runtime Environment:
#
#  SIGSEGV (0xb) at pc=0x00007f25925977d2, pid=32297, tid=0x00007f2591c6b700
#
# JRE version: Java(TM) SE Runtime Environment (8.0_201-b09) (build 1.8.0_201-b09)
# Java VM: Java HotSpot(TM) 64-Bit Server VM (25.201-b09 mixed mode linux-amd64 compressed oops)
# Problematic frame:
# C  [librocksdbjni6400241562893845375.so+0x5947d2]  ZSTD_decompressBegin+0x2
#
# Failed to write core dump. Core dumps have been disabled. To enable core dumping, try "ulimit -c unlimited" before starting Java again
#
# If you would like to submit a bug report, please visit:
#   http://bugreport.java.com/bugreport/crash.jsp
#

---------------  T H R E A D  ---------------

Current thread is native thread

siginfo: si_signo: 11 (SIGSEGV), si_code: 1 (SEGV_MAPERR), si_addr: 0x0000000000007110

Registers:
RAX=0x0000000000000000, RBX=0x0000000000000000, RCX=0x00007f254001c2aa, RDX=0x0000000000000000
RSP=0x00007f2591c68cd8, RBP=0x00007f2591fe7158, RSI=0x00007f2591fe7158, RDI=0x0000000000000000
R8 =0x00000000000002e2, R9 =0x00007f2591fe7158, R10=0x00007f2591c68720, R11=0x00007f25925977d0
R12=0x0000000000000000, R13=0x00000000000002e2, R14=0x00007f2540019ce0, R15=0x000000000000048f
RIP=0x00007f25925977d2, EFLAGS=0x0000000000010246, CSGSFS=0x0000000000000033, ERR=0x0000000000000004
  TRAPNO=0x000000000000000e

Top of Stack: (sp=0x00007f2591c68cd8)
0x00007f2591c68cd8:   00007f25925978a2 00007f2540018ea0
0x00007f2591c68ce8:   0000000000000000 00007f254001c2aa
0x00007f2591c68cf8:   00007f2592597da5 000000770000006e
0x00007f2591c68d08:   0000000000000000 00007f2591fe7158
0x00007f2591c68d18:   00007f2540019ce0 00007f2591c68d64
0x00007f2591c68d28:   0000000000000000 000000000000007c
0x00007f2591c68d38:   0000000000000000 0000000000000000
0x00007f2591c68d48:   0000000000000000 cafebabecafebabe
0x00007f2591c68d58:   0000000000000000 0000000000000000
0x00007f2591c68d68:   00007f2540000020 000000000000048f
0x00007f2591c68d78:   00007f2540018ea0 00007f2591c68f70
0x00007f2591c68d88:   00007f2591c69000 00007f2591c69060
0x00007f2591c68d98:   00007f2591c69040 00007f254001c2a8
0x00007f2591c68da8:   00007f259259819f 0000000000000000
0x00007f2591c68db8:   0000000000000000 0000000000000a97
0x00007f2591c68dc8:   00007f2592407048 0000000000000000
0x00007f2591c68dd8:   00007f2592408338 00007f254001c2aa
0x00007f2591c68de8:   00000000000002e4 0000000000000000
0x00007f2591c68df8:   0000000000000000 00007f254000098f
0x00007f2591c68e08:   0000048f00000001 0000000000000000
0x00007f2591c68e18:   0000000000000000 00007f25928ab3e0
0x00007f2591c68e28:   0000000000000000 00007f2591c68e70
0x00007f2591c68e38:   00007f2591c69000 00007f2591c68f30
0x00007f2591c68e48:   00007f25923f00fa 0000000000000000
0x00007f2591c68e58:   00007f2540000070 ffff80da6e397161
0x00007f2591c68e68:   00007f2591c68ea0 0000000000000000
0x00007f2591c68e78:   00007f2540019ce0 00007f2591c690f0
0x00007f2591c68e88:   00007f2591c68fcf 00007f2540019568
0x00007f2591c68e98:   0000000000000002 00007f2591c68f70
0x00007f2591c68ea8:   00007f25923d6349 0000000000000000
0x00007f2591c68eb8:   0000000000000000 0000000000000000
0x00007f2591c68ec8:   00007f2540000020 00007f2540000020 

Instructions: (pc=0x00007f25925977d2)
0x00007f25925977b2:   4c 89 f6 4c 89 e7 e8 d3 9c bc ff 4c 89 ed e9 86
0x00007f25925977c2:   fc ff ff 90 66 2e 0f 1f 84 00 00 00 00 00 31 c0
0x00007f25925977d2:   83 bf 10 71 00 00 01 c7 87 a4 70 00 00 00 00 00
0x00007f25925977e2:   00 48 c7 87 98 70 00 00 00 00 00 00 48 c7 87 48 

Register to memory mapping:

RAX=0x0000000000000000 is an unknown value
RBX=0x0000000000000000 is an unknown value
RCX=0x00007f254001c2aa is an unknown value
RDX=0x0000000000000000 is an unknown value
RSP=0x00007f2591c68cd8 is an unknown value
RBP=0x00007f2591fe7158: <offset 0x37b158> in /lib64/libstdc++.so.6 at 0x00007f2591c6c000
RSI=0x00007f2591fe7158: <offset 0x37b158> in /lib64/libstdc++.so.6 at 0x00007f2591c6c000
RDI=0x0000000000000000 is an unknown value
R8 =0x00000000000002e2 is an unknown value
R9 =0x00007f2591fe7158: <offset 0x37b158> in /lib64/libstdc++.so.6 at 0x00007f2591c6c000
R10=0x00007f2591c68720 is an unknown value
R11=0x00007f25925977d0: ZSTD_decompressBegin+0 in /tmp/librocksdbjni6400241562893845375.so at 0x00007f2592003000
R12=0x0000000000000000 is an unknown value
R13=0x00000000000002e2 is an unknown value
R14=0x00007f2540019ce0 is an unknown value
R15=0x000000000000048f is an unknown value


Stack: [0x00007f259146c000,0x00007f2591c6c000],  sp=0x00007f2591c68cd8,  free space=8179k
Native frames: (J=compiled Java code, j=interpreted, Vv=VM code, C=native code)
C  [librocksdbjni6400241562893845375.so+0x5947d2]  ZSTD_decompressBegin+0x2


---------------  P R O C E S S  ---------------

VM state:not at safepoint (normal execution)

VM Mutex/Monitor currently owned by a thread: None

heap address: 0x00000006c9a00000, size: 3942 MB, Compressed Oops mode: Zero based, Oop shift amount: 3
Narrow klass base: 0x0000000000000000, Narrow klass shift: 3
Compressed class space size: 1073741824 Address: 0x00000007c0000000

Heap:
 PSYoungGen      total 74240K, used 9168K [0x000000076de00000, 0x0000000776f00000, 0x00000007c0000000)
  eden space 64000K, 2% used [0x000000076de00000,0x000000076dfdcc30,0x0000000771c80000)
  from space 10240K, 70% used [0x0000000771c80000,0x0000000772397548,0x0000000772680000)
  to   space 10240K, 0% used [0x0000000776500000,0x0000000776500000,0x0000000776f00000)
 ParOldGen       total 169472K, used 16K [0x00000006c9a00000, 0x00000006d3f80000, 0x000000076de00000)
  object space 169472K, 0% used [0x00000006c9a00000,0x00000006c9a04000,0x00000006d3f80000)
 Metaspace       used 10730K, capacity 10958K, committed 11264K, reserved 1058816K
  class space    used 1183K, capacity 1218K, committed 1280K, reserved 1048576K

Card table byte_map: [0x00007f25abc23000,0x00007f25ac3d7000] byte_map_base: 0x00007f25a85d6000

Marking Bits: (ParMarkBitMap*) 0x00007f25c1792d80
 Begin Bits: [0x00007f25804d0000, 0x00007f2584268000)
 End Bits:   [0x00007f2584268000, 0x00007f2588000000)

Polling page: 0x00007f25c23d5000

CodeCache: size=245760Kb used=3463Kb max_used=3473Kb free=242297Kb
 bounds [0x00007f25ac797000, 0x00007f25acb07000, 0x00007f25bb797000]
 total_blobs=1268 nmethods=880 adapters=302
 compilation: enabled

Compilation events (10 events):
Event: 0.702 Thread 0x00007f25bc434000  873       3       java.util.jar.JarFile::getManifest (5 bytes)
Event: 0.702 Thread 0x00007f25bc434000 nmethod 873 0x00007f25acaf5f10 code [0x00007f25acaf6080, 0x00007f25acaf6208]
Event: 0.706 Thread 0x00007f25bc434000  877       3       java.util.HashSet::<init> (16 bytes)
Event: 0.706 Thread 0x00007f25bc434000 nmethod 877 0x00007f25acafb090 code [0x00007f25acafb220, 0x00007f25acafb630]
Event: 0.707 Thread 0x00007f25bc434000  878       3       sun.nio.fs.UnixPath::checkNotNul (16 bytes)
Event: 0.707 Thread 0x00007f25bc434000 nmethod 878 0x00007f25acafac50 code [0x00007f25acafadc0, 0x00007f25acafafc8]
Event: 0.710 Thread 0x00007f25bc431800 nmethod 871 0x00007f25acaf8f50 code [0x00007f25acaf90c0, 0x00007f25acaf9598]
Event: 0.717 Thread 0x00007f25bc42e000 nmethod 872 0x00007f25acafc290 code [0x00007f25acafc4e0, 0x00007f25acafcfc0]
Event: 0.865 Thread 0x00007f25bc434000  879       3       java.math.MutableBigInteger::unsignedLongCompare (20 bytes)
Event: 0.865 Thread 0x00007f25bc434000 nmethod 879 0x00007f25acafbed0 code [0x00007f25acafc040, 0x00007f25acafc210]

GC Heap History (2 events):
Event: 0.620 GC heap before
{Heap before GC invocations=1 (full 0):
 PSYoungGen      total 74240K, used 64000K [0x000000076de00000, 0x0000000773080000, 0x00000007c0000000)
  eden space 64000K, 100% used [0x000000076de00000,0x0000000771c80000,0x0000000771c80000)
  from space 10240K, 0% used [0x0000000772680000,0x0000000772680000,0x0000000773080000)
  to   space 10240K, 0% used [0x0000000771c80000,0x0000000771c80000,0x0000000772680000)
 ParOldGen       total 169472K, used 0K [0x00000006c9a00000, 0x00000006d3f80000, 0x000000076de00000)
  object space 169472K, 0% used [0x00000006c9a00000,0x00000006c9a00000,0x00000006d3f80000)
 Metaspace       used 10192K, capacity 10382K, committed 10752K, reserved 1058816K
  class space    used 1121K, capacity 1154K, committed 1280K, reserved 1048576K
Event: 0.628 GC heap after
Heap after GC invocations=1 (full 0):
 PSYoungGen      total 74240K, used 7261K [0x000000076de00000, 0x0000000776f00000, 0x00000007c0000000)
  eden space 64000K, 0% used [0x000000076de00000,0x000000076de00000,0x0000000771c80000)
  from space 10240K, 70% used [0x0000000771c80000,0x0000000772397548,0x0000000772680000)
  to   space 10240K, 0% used [0x0000000776500000,0x0000000776500000,0x0000000776f00000)
 ParOldGen       total 169472K, used 16K [0x00000006c9a00000, 0x00000006d3f80000, 0x000000076de00000)
  object space 169472K, 0% used [0x00000006c9a00000,0x00000006c9a04000,0x00000006d3f80000)
 Metaspace       used 10192K, capacity 10382K, committed 10752K, reserved 1058816K
  class space    used 1121K, capacity 1154K, committed 1280K, reserved 1048576K
}

Deoptimization events (10 events):
Event: 0.491 Thread 0x00007f25bc00e000 Uncommon trap: reason=unstable_if action=reinterpret pc=0x00007f25aca6c918 method=java.math.BigInteger.subtract(Ljava/math/BigInteger;)Ljava/math/BigInteger; @ 4
Event: 0.492 Thread 0x00007f25bc00e000 Uncommon trap: reason=unstable_if action=reinterpret pc=0x00007f25aca67548 method=java.math.BigInteger.multiply(Ljava/math/BigInteger;Z)Ljava/math/BigInteger; @ 68
Event: 0.513 Thread 0x00007f25bc00e000 Uncommon trap: reason=unstable_if action=reinterpret pc=0x00007f25aca3cdb0 method=sun.misc.MetaIndex.mayContain(Ljava/lang/String;)Z @ 13
Event: 0.513 Thread 0x00007f25bc00e000 Uncommon trap: reason=unstable_if action=reinterpret pc=0x00007f25ac9c1544 method=sun.misc.MetaIndex.mayContain(Ljava/lang/String;)Z @ 13
Event: 0.513 Thread 0x00007f25bc00e000 Uncommon trap: reason=unstable_if action=reinterpret pc=0x00007f25aca26c14 method=java.lang.String.lastIndexOf([CII[CIII)I @ 66
Event: 0.565 Thread 0x00007f25bc00e000 Uncommon trap: reason=unstable_if action=reinterpret pc=0x00007f25aca133f4 method=java.util.HashMap.getNode(ILjava/lang/Object;)Ljava/util/HashMap$Node; @ 116
Event: 0.566 Thread 0x00007f25bc00e000 Uncommon trap: reason=unstable_if action=reinterpret pc=0x00007f25ac9fe434 method=java.util.HashMap.getNode(ILjava/lang/Object;)Ljava/util/HashMap$Node; @ 116
Event: 0.579 Thread 0x00007f25bc00e000 Uncommon trap: reason=unstable_if action=reinterpret pc=0x00007f25aca8cf64 method=java.lang.Integer.numberOfLeadingZeros(I)I @ 1
Event: 0.595 Thread 0x00007f25bc00e000 Uncommon trap: reason=unstable_if action=reinterpret pc=0x00007f25ac99f824 method=java.lang.String.replace(CC)Ljava/lang/String; @ 26
Event: 0.620 Thread 0x00007f25bc00e000 Uncommon trap: reason=unstable_if action=reinterpret pc=0x00007f25ac9fee2c method=java.lang.String.substring(I)Ljava/lang/String; @ 35

Classes redefined (0 events):
No events

Internal exceptions (10 events):
Event: 0.099 Thread 0x00007f25bc00e000 Exception <a 'java/security/PrivilegedActionException'> (0x000000076e305f08) thrown at [/HUDSON/workspace/8-2-build-linux-amd64/jdk8u201/12317/hotspot/src/share/vm/prims/jvm.cpp, line 1502]
Event: 0.099 Thread 0x00007f25bc00e000 Exception <a 'java/security/PrivilegedActionException'> (0x000000076e306118) thrown at [/HUDSON/workspace/8-2-build-linux-amd64/jdk8u201/12317/hotspot/src/share/vm/prims/jvm.cpp, line 1502]
Event: 0.100 Thread 0x00007f25bc00e000 Exception <a 'java/lang/NoClassDefFoundError': org/slf4j/impl/StaticLoggerBinder> (0x000000076e311790) thrown at [/HUDSON/workspace/8-2-build-linux-amd64/jdk8u201/12317/hotspot/src/share/vm/classfile/systemDictionary.cpp, line 199]
Event: 0.561 Thread 0x00007f25bc00e000 Exception <a 'java/lang/ArrayIndexOutOfBoundsException': 54> (0x00000007718120d0) thrown at [/HUDSON/workspace/8-2-build-linux-amd64/jdk8u201/12317/hotspot/src/share/vm/interpreter/interpreterRuntime.cpp, line 368]
Event: 0.562 Thread 0x00007f25bc00e000 Exception <a 'java/lang/ArrayIndexOutOfBoundsException': 18> (0x0000000771816b38) thrown at [/HUDSON/workspace/8-2-build-linux-amd64/jdk8u201/12317/hotspot/src/share/vm/interpreter/interpreterRuntime.cpp, line 368]
Event: 0.562 Thread 0x00007f25bc00e000 Exception <a 'java/lang/ArrayIndexOutOfBoundsException': 67> (0x00000007718186b0) thrown at [/HUDSON/workspace/8-2-build-linux-amd64/jdk8u201/12317/hotspot/src/share/vm/interpreter/interpreterRuntime.cpp, line 368]
Event: 0.570 Thread 0x00007f25bc00e000 Exception <a 'java/lang/ArrayIndexOutOfBoundsException'> (0x00000007718b5968) thrown at [/HUDSON/workspace/8-2-build-linux-amd64/jdk8u201/12317/hotspot/src/share/vm/runtime/sharedRuntime.cpp, line 605]
Event: 0.596 Thread 0x00007f25bc00e000 Exception <a 'java/lang/ArrayIndexOutOfBoundsException'> (0x0000000771a6d0a8) thrown at [/HUDSON/workspace/8-2-build-linux-amd64/jdk8u201/12317/hotspot/src/share/vm/runtime/sharedRuntime.cpp, line 605]
Event: 0.596 Thread 0x00007f25bc00e000 Exception <a 'java/lang/ArrayIndexOutOfBoundsException'> (0x0000000771a6f390) thrown at [/HUDSON/workspace/8-2-build-linux-amd64/jdk8u201/12317/hotspot/src/share/vm/runtime/sharedRuntime.cpp, line 605]
Event: 0.706 Thread 0x00007f25bc00e000 Exception <a 'sun/nio/fs/UnixException'> (0x000000076dec0418) thrown at [/HUDSON/workspace/8-2-build-linux-amd64/jdk8u201/12317/hotspot/src/share/vm/prims/jni.cpp, line 709]

Events (10 events):
Event: 0.706 loading class sun/nio/fs/AbstractBasicFileAttributeView done
Event: 0.706 loading class sun/nio/fs/UnixFileAttributeViews$Basic done
Event: 0.706 loading class sun/nio/fs/UnixFileAttributes$UnixAsBasicFileAttributes
Event: 0.706 loading class sun/nio/fs/UnixFileAttributes$UnixAsBasicFileAttributes done
Event: 0.706 loading class sun/nio/fs/UnixException
Event: 0.706 loading class sun/nio/fs/UnixException done
Event: 0.706 loading class java/nio/file/FileAlreadyExistsException
Event: 0.706 loading class java/nio/file/FileSystemException
Event: 0.706 loading class java/nio/file/FileSystemException done
Event: 0.706 loading class java/nio/file/FileAlreadyExistsException done


Dynamic libraries:
00400000-00401000 r-xp 00000000 08:03 100663423                          /usr/java/jdk1.8.0_201-amd64/bin/java
00600000-00601000 r--p 00000000 08:03 100663423                          /usr/java/jdk1.8.0_201-amd64/bin/java
00601000-00602000 rw-p 00001000 08:03 100663423                          /usr/java/jdk1.8.0_201-amd64/bin/java
0135c000-0137d000 rw-p 00000000 00:00 0                                  [heap]
6c9a00000-6d3f80000 rw-p 00000000 00:00 0 
6d3f80000-76de00000 ---p 00000000 00:00 0 
76de00000-776f00000 rw-p 00000000 00:00 0 
776f00000-7c0000000 ---p 00000000 00:00 0 
7c0000000-7c0140000 rw-p 00000000 00:00 0 
7c0140000-800000000 ---p 00000000 00:00 0 
7f2518000000-7f2518021000 rw-p 00000000 00:00 0 
7f2518021000-7f251c000000 ---p 00000000 00:00 0 
7f2520000000-7f2520021000 rw-p 00000000 00:00 0 
7f2520021000-7f2524000000 ---p 00000000 00:00 0 
7f2528000000-7f2528021000 rw-p 00000000 00:00 0 
7f2528021000-7f252c000000 ---p 00000000 00:00 0 
7f252d7fb000-7f252d7fc000 ---p 00000000 00:00 0 
7f252d7fc000-7f252dffc000 rw-p 00000000 00:00 0 
7f252dffc000-7f252dffd000 ---p 00000000 00:00 0 
7f252dffd000-7f252e7fd000 rw-p 00000000 00:00 0 
7f252e7fd000-7f252e7fe000 ---p 00000000 00:00 0 
7f252e7fe000-7f252effe000 rw-p 00000000 00:00 0 
7f252effe000-7f252efff000 ---p 00000000 00:00 0 
7f252efff000-7f252f7ff000 rw-p 00000000 00:00 0 
7f2530000000-7f2530021000 rw-p 00000000 00:00 0 
7f2530021000-7f2534000000 ---p 00000000 00:00 0 
7f2538000000-7f2538021000 rw-p 00000000 00:00 0 
7f2538021000-7f253c000000 ---p 00000000 00:00 0 
7f253c000000-7f253c021000 rw-p 00000000 00:00 0 
7f253c021000-7f2540000000 ---p 00000000 00:00 0 
7f2540000000-7f2540028000 rw-p 00000000 00:00 0 
7f2540028000-7f2544000000 ---p 00000000 00:00 0 
7f2544000000-7f2544021000 rw-p 00000000 00:00 0 
7f2544021000-7f2548000000 ---p 00000000 00:00 0 
7f2548000000-7f2548021000 rw-p 00000000 00:00 0 
7f2548021000-7f254c000000 ---p 00000000 00:00 0 
7f254c000000-7f254c021000 rw-p 00000000 00:00 0 
7f254c021000-7f2550000000 ---p 00000000 00:00 0 
7f2550000000-7f2550189000 rw-p 00000000 00:00 0 
7f2550189000-7f2554000000 ---p 00000000 00:00 0 
7f2554000000-7f255423f000 rw-p 00000000 00:00 0 
7f255423f000-7f2558000000 ---p 00000000 00:00 0 
7f2558000000-7f25581c2000 rw-p 00000000 00:00 0 
7f25581c2000-7f255c000000 ---p 00000000 00:00 0 
7f255c000000-7f255c34c000 rw-p 00000000 00:00 0 
7f255c34c000-7f2560000000 ---p 00000000 00:00 0 
7f2560000000-7f256007d000 rw-p 00000000 00:00 0 
7f256007d000-7f2564000000 ---p 00000000 00:00 0 
7f2565ad6000-7f256c000000 r--p 00000000 08:03 102692204                  /usr/lib/locale/locale-archive
7f256c000000-7f256c021000 rw-p 00000000 00:00 0 
7f256c021000-7f2570000000 ---p 00000000 00:00 0 
7f2570000000-7f2570021000 rw-p 00000000 00:00 0 
7f2570021000-7f2574000000 ---p 00000000 00:00 0 
7f2574000000-7f2574021000 rw-p 00000000 00:00 0 
7f2574021000-7f2578000000 ---p 00000000 00:00 0 
7f2578000000-7f2578021000 rw-p 00000000 00:00 0 
7f2578021000-7f257c000000 ---p 00000000 00:00 0 
7f257c000000-7f257c021000 rw-p 00000000 00:00 0 
7f257c021000-7f2580000000 ---p 00000000 00:00 0 
7f25804d0000-7f2588000000 rw-p 00000000 00:00 0 
7f2588000000-7f2588021000 rw-p 00000000 00:00 0 
7f2588021000-7f258c000000 ---p 00000000 00:00 0 
7f258c000000-7f258c021000 rw-p 00000000 00:00 0 
7f258c021000-7f2590000000 ---p 00000000 00:00 0 
7f2590469000-7f259046a000 ---p 00000000 00:00 0 
7f259046a000-7f2590c6a000 rw-p 00000000 00:00 0 
7f2590c6a000-7f2590c6b000 ---p 00000000 00:00 0 
7f2590c6b000-7f259146b000 rw-p 00000000 00:00 0 
7f259146b000-7f259146c000 ---p 00000000 00:00 0 
7f259146c000-7f2591c6c000 rw-p 00000000 00:00 0 
7f2591c6c000-7f2591dd8000 r-xp 00000000 08:03 33823638                   /usr/lib64/libstdc++.so.6.0.21
7f2591dd8000-7f2591fd8000 ---p 0016c000 08:03 33823638                   /usr/lib64/libstdc++.so.6.0.21
7f2591fd8000-7f2591fe2000 r--p 0016c000 08:03 33823638                   /usr/lib64/libstdc++.so.6.0.21
7f2591fe2000-7f2591fe4000 rw-p 00176000 08:03 33823638                   /usr/lib64/libstdc++.so.6.0.21
7f2591fe4000-7f2591fe8000 rw-p 00000000 00:00 0 
7f2592003000-7f259268f000 r-xp 00000000 08:03 72618413                   /tmp/librocksdbjni6400241562893845375.so
7f259268f000-7f259288e000 ---p 0068c000 08:03 72618413                   /tmp/librocksdbjni6400241562893845375.so
7f259288e000-7f25928a0000 r--p 0068b000 08:03 72618413                   /tmp/librocksdbjni6400241562893845375.so
7f25928a0000-7f25928a9000 rw-p 0069d000 08:03 72618413                   /tmp/librocksdbjni6400241562893845375.so
7f25928a9000-7f25928b0000 rw-p 00000000 00:00 0 
7f25928b0000-7f25928c5000 r-xp 00000000 08:03 33632321                   /usr/lib64/libz.so.1.2.7
7f25928c5000-7f2592ac4000 ---p 00015000 08:03 33632321                   /usr/lib64/libz.so.1.2.7
7f2592ac4000-7f2592ac5000 r--p 00014000 08:03 33632321                   /usr/lib64/libz.so.1.2.7
7f2592ac5000-7f2592ac6000 rw-p 00015000 08:03 33632321                   /usr/lib64/libz.so.1.2.7
7f2592ac6000-7f2592c86000 rw-p 00000000 00:00 0 
7f2592c86000-7f2592cc6000 ---p 00000000 00:00 0 
7f2592cc6000-7f2592cdb000 r-xp 00000000 08:03 37134893                   /usr/lib64/libgcc_s-4.8.5-20150702.so.1
7f2592cdb000-7f2592eda000 ---p 00015000 08:03 37134893                   /usr/lib64/libgcc_s-4.8.5-20150702.so.1
7f2592eda000-7f2592edb000 r--p 00014000 08:03 37134893                   /usr/lib64/libgcc_s-4.8.5-20150702.so.1
7f2592edb000-7f2592edc000 rw-p 00015000 08:03 37134893                   /usr/lib64/libgcc_s-4.8.5-20150702.so.1
7f2592ef0000-7f2592ef1000 rw-p 00000000 00:00 0 
7f2592ef1000-7f2592ef7000 r--s 0003e000 08:03 9758                       /usr/java/jdk1.8.0_201-amd64/jre/lib/ext/sunjce_provider.jar
7f2592ef7000-7f2592f2f000 r-xp 00000000 08:03 33630921                   /usr/java/jdk1.8.0_201-amd64/jre/lib/amd64/libsunec.so
7f2592f2f000-7f259312e000 ---p 00038000 08:03 33630921                   /usr/java/jdk1.8.0_201-amd64/jre/lib/amd64/libsunec.so
7f259312e000-7f2593133000 r--p 00037000 08:03 33630921                   /usr/java/jdk1.8.0_201-amd64/jre/lib/amd64/libsunec.so
7f2593133000-7f2593135000 rw-p 0003c000 08:03 33630921                   /usr/java/jdk1.8.0_201-amd64/jre/lib/amd64/libsunec.so
7f2593135000-7f2593146000 r-xp 00000000 08:03 34414932                   /usr/java/jdk1.8.0_201-amd64/jre/lib/amd64/libnio.so
7f2593146000-7f2593345000 ---p 00011000 08:03 34414932                   /usr/java/jdk1.8.0_201-amd64/jre/lib/amd64/libnio.so
7f2593345000-7f2593346000 r--p 00010000 08:03 34414932                   /usr/java/jdk1.8.0_201-amd64/jre/lib/amd64/libnio.so
7f2593346000-7f2593347000 rw-p 00011000 08:03 34414932                   /usr/java/jdk1.8.0_201-amd64/jre/lib/amd64/libnio.so
7f2593347000-7f2593349000 r--s 00009000 08:03 9757                       /usr/java/jdk1.8.0_201-amd64/jre/lib/ext/sunec.jar
7f2593349000-7f259334c000 r--s 0001a000 08:03 9782                       /usr/java/jdk1.8.0_201-amd64/jre/lib/jce.jar
7f259334c000-7f2593351000 r--s 000a0000 08:03 2082813                    /usr/java/jdk1.8.0_201-amd64/jre/lib/jsse.jar
7f2593351000-7f2593352000 ---p 00000000 00:00 0 
7f2593352000-7f2593452000 rw-p 00000000 00:00 0 
7f2593452000-7f2593455000 ---p 00000000 00:00 0 
7f2593455000-7f2593553000 rw-p 00000000 00:00 0 
7f2593553000-7f2593569000 r-xp 00000000 08:03 33630977                   /usr/java/jdk1.8.0_201-amd64/jre/lib/amd64/libnet.so
7f2593569000-7f2593769000 ---p 00016000 08:03 33630977                   /usr/java/jdk1.8.0_201-amd64/jre/lib/amd64/libnet.so
7f2593769000-7f259376a000 r--p 00016000 08:03 33630977                   /usr/java/jdk1.8.0_201-amd64/jre/lib/amd64/libnet.so
7f259376a000-7f259376b000 rw-p 00017000 08:03 33630977                   /usr/java/jdk1.8.0_201-amd64/jre/lib/amd64/libnet.so
7f259376b000-7f259376f000 ---p 00000000 00:00 0 
7f259376f000-7f259386c000 rw-p 00000000 00:00 0 
7f259386c000-7f2593870000 ---p 00000000 00:00 0 
7f2593870000-7f259396d000 rw-p 00000000 00:00 0 
7f259396d000-7f2593971000 ---p 00000000 00:00 0 
7f2593971000-7f2593a6e000 rw-p 00000000 00:00 0 
7f2593a6e000-7f2593a72000 ---p 00000000 00:00 0 
7f2593a72000-7f2593b6f000 rw-p 00000000 00:00 0 
7f2593b6f000-7f2593b72000 ---p 00000000 00:00 0 
7f2593b72000-7f2593c70000 rw-p 00000000 00:00 0 
7f2593c70000-7f2593c72000 r--s 0001a000 08:12 2490470                    /home/kay/workspace/tools/idea/lib/idea_rt.jar
7f2593c72000-7f2593c79000 r--s 0004b000 08:05 37365426                   /home/kay/.gradle/caches/modules-2/files-2.1/commons-codec/commons-codec/1.11/3acb4705652e16236558f0f4f2192cc33c3bd189/commons-codec-1.11.jar
7f2593c79000-7f2593c7b000 r--s 00009000 08:05 796888                     /home/kay/.gradle/caches/modules-2/files-2.1/org.hamcrest/hamcrest-core/1.3/42a25dc3219429f0e5d060061f71acb49bf010a0/hamcrest-core-1.3.jar
7f2593c7b000-7f2593c7d000 r--s 00009000 08:05 101015479                  /home/kay/.gradle/caches/modules-2/files-2.1/org.slf4j/slf4j-api/1.7.25/da76ca59f6a57ee3102f8f9bd9cee742973efa8a/slf4j-api-1.7.25.jar
7f2593c7d000-7f2593c7f000 r--s 00003000 08:05 102482786                  /home/kay/.gradle/caches/modules-2/files-2.1/com.google.code.findbugs/jsr305/3.0.2/25ea2e8b0c338a877313bd4672d3fe056ea78f0d/jsr305-3.0.2.jar
7f2593c7f000-7f2593c87000 r--s 00045000 08:05 101841453                  /home/kay/.gradle/caches/modules-2/files-2.1/junit/junit/4.12/2973d150c0dc1fefe998f834810d68f278ea58ec/junit-4.12.jar
7f2593c87000-7f2593c89000 r--s 00015000 08:05 35471598                   /home/kay/.gradle/caches/modules-2/files-2.1/org.eclipse.jetty/jetty-security/9.4.11.v20180605/926def86d31ee07ca4b4658833dc6ee6918b8e86/jetty-security-9.4.11.v20180605.jar
7f2593c89000-7f2593c92000 r--s 00044000 08:05 101507937                  /home/kay/.gradle/caches/modules-2/files-2.1/org.springframework/spring-tx/5.2.0.RELEASE/630fdb60bb48ceb7274fbf69b4082a0b5d684bc0/spring-tx-5.2.0.RELEASE.jar
7f2593c92000-7f2593cc0000 r--s 002c2000 08:05 101020419                  /home/kay/.gradle/caches/modules-2/files-2.1/com.madgag.spongycastle/core/1.58.0.0/e08789f8f1e74f155db8b69c3575b5cb213c156c/core-1.58.0.0.jar
7f2593cc0000-7f2593cc8000 r--s 00089000 08:05 2258                       /home/kay/.gradle/caches/modules-2/files-2.1/org.eclipse.jetty/jetty-server/9.4.11.v20180605/58353c2f27515b007fc83ae22002feb34fc24714/jetty-server-9.4.11.v20180605.jar
7f2593cc8000-7f2593cd5000 r--s 0009b000 08:05 105728779                  /home/kay/.gradle/caches/modules-2/files-2.1/org.springframework/spring-beans/5.2.0.RELEASE/3ae97694618c59e6af695a15e54fabb7e319776/spring-beans-5.2.0.RELEASE.jar
7f2593cd5000-7f2593cd8000 r--s 0001e000 08:05 35471609                   /home/kay/.gradle/caches/modules-2/files-2.1/org.eclipse.jetty/jetty-io/9.4.11.v20180605/d164de1dac18c4ca80a1b783d879c97449909c3b/jetty-io-9.4.11.v20180605.jar
7f2593cd8000-7f2593ce1000 r--s 00052000 08:05 35471569                   /home/kay/.gradle/caches/modules-2/files-2.1/org.springframework/spring-aop/5.2.0.RELEASE/7031d44f063ea68e49b881a985967e7f2c144f3b/spring-aop-5.2.0.RELEASE.jar
7f2593ce1000-7f2593ce8000 r--s 00058000 08:05 70048383                   /home/kay/.gradle/caches/modules-2/files-2.1/org.apache.commons/commons-lang3/3.2.1/66f13681add50ca9e4546ffabafaaac7645db3cf/commons-lang3-3.2.1.jar
7f2593ce8000-7f2593d0f000 r--s 00150000 08:05 67332915                   /home/kay/.gradle/caches/modules-2/files-2.1/com.madgag.spongycastle/prov/1.58.0.0/2e2c2f624ed91eb40e690e3596c98439b1b50f2a/prov-1.58.0.0.jar
7f2593d0f000-7f2593d12000 r--s 0002d000 08:05 69178529                   /home/kay/.gradle/caches/modules-2/files-2.1/org.eclipse.jetty/jetty-http/9.4.11.v20180605/20c35f5336befe35b0bd5c4a63e07170fe7872d7/jetty-http-9.4.11.v20180605.jar
7f2593d12000-7f2593d18000 r--s 00f18000 08:05 76750170                   /home/kay/.gradle/caches/modules-2/files-2.1/org.rocksdb/rocksdbjni/6.2.4/84e100f19e06f324727c2a723e793ae49c98af6a/rocksdbjni-6.2.4.jar
7f2593d18000-7f2593d1c000 r--s 0000c000 08:05 35270219                   /home/kay/.gradle/caches/modules-2/files-2.1/javax.validation/validation-api/1.1.0.Final/8613ae82954779d518631e05daa73a6a954817d5/validation-api-1.1.0.Final.jar
7f2593d1c000-7f2593d1f000 r--s 00020000 08:05 71174228                   /home/kay/.gradle/caches/modules-2/files-2.1/com.github.briandilley.jsonrpc4j/jsonrpc4j/1.5.3/5d7ce716b092558bb30b419a04c37d8d54145579/jsonrpc4j-1.5.3.jar
7f2593d1f000-7f2593d24000 r--s 00051000 08:05 71353445                   /home/kay/.gradle/caches/modules-2/files-2.1/com.fasterxml.jackson.core/jackson-core/2.10.0/4e2c5fa04648ec9772c63e2101c53af6504e624e/jackson-core-2.10.0.jar
7f2593d24000-7f2593d25000 r--s 00009000 08:05 34396859                   /home/kay/.gradle/caches/modules-2/files-2.1/com.fasterxml.jackson.dataformat/jackson-dataformat-yaml/2.8.9/607f3253c20267e385c85f60c859760a73a29e37/jackson-dataformat-yaml-2.8.9.jar
7f2593d25000-7f2593d2c000 r--s 0007d000 08:05 698608                     /home/kay/.gradle/caches/modules-2/files-2.1/com.alibaba/fastjson/1.2.44/1dbb13ed90bab048d51559dbb17374d1bbf096fc/fastjson-1.2.44.jar
7f2593d2c000-7f2593d42000 r--s 00141000 08:05 34354677                   /home/kay/.gradle/caches/modules-2/files-2.1/com.fasterxml.jackson.core/jackson-databind/2.10.0/1127c9cf62f2bb3121a3a2a0a1351d251a602117/jackson-databind-2.10.0.jar
7f2593d42000-7f2593d45000 r--s 0000e000 08:05 103517203                  /home/kay/.gradle/caches/modules-2/files-2.1/com.fasterxml.jackson.core/jackson-annotations/2.10.0/e01cfd93b80d6773b3f757c78e756c9755b47b81/jackson-annotations-2.10.0.jar
7f2593d45000-7f2593d4a000 r--s 00043000 08:05 102202533                  /home/kay/.gradle/caches/modules-2/files-2.1/com.typesafe/config/1.4.0/a8b341fe81552834edc231193afd6f56a96f0eff/config-1.4.0.jar
7f2593d4a000-7f2593d4f000 r--s 00040000 08:05 69939161                   /home/kay/.gradle/caches/modules-2/files-2.1/org.springframework/spring-expression/5.2.0.RELEASE/ac6a616451129e717979f18d2bff40528698a46e/spring-expression-5.2.0.RELEASE.jar
7f2593d4f000-7f2593d6a000 r--s 00142000 08:05 34326653                   /home/kay/.gradle/caches/modules-2/files-2.1/org.springframework/spring-core/5.2.0.RELEASE/e0e1b3c304f70ed19d7905975f6f990916ada219/spring-core-5.2.0.RELEASE.jar
7f2593d6a000-7f2593d85000 r--s 0010e000 08:05 1137192                    /home/kay/.gradle/caches/modules-2/files-2.1/org.springframework/spring-context/5.2.0.RELEASE/a2638a8295f13ed8511c98a2379507677e1d16fa/spring-context-5.2.0.RELEASE.jar
7f2593d85000-7f2593d88000 r--s 0001a000 08:05 34396861                   /home/kay/.gradle/caches/modules-2/files-2.1/io.swagger/swagger-models/2.0.0-rc0/8a278fe4412685ebee90d793c776e57be3cfacf2/swagger-models-2.0.0-rc0.jar
7f2593d88000-7f2593db7000 r--s 00226000 08:05 37569322                   /home/kay/.gradle/caches/modules-2/files-2.1/com.google.guava/guava/20.0/89507701249388e1ed5ddcf8c41f4ce1be7831ef/guava-20.0.jar
7f2593db7000-7f2593dfe000 r--s 003a0000 08:05 486721                     /home/kay/.gradle/caches/modules-2/files-2.1/io.netty/netty-all/4.1.43.Final/f373e16375242903170434deba3cb8e7fd3bf622/netty-all-4.1.43.Final.jar
7f2593dfe000-7f2593e01000 ---p 00000000 00:00 0 
7f2593e01000-7f2593eff000 rw-p 00000000 00:00 0 
7f2593eff000-7f2593f02000 ---p 00000000 00:00 0 
7f2593f02000-7f2594000000 rw-p 00000000 00:00 0 
7f2594000000-7f2594021000 rw-p 00000000 00:00 0 
7f2594021000-7f2598000000 ---p 00000000 00:00 0 
7f2598000000-7f2598021000 rw-p 00000000 00:00 0 
7f2598021000-7f259c000000 ---p 00000000 00:00 0 
7f259c000000-7f259c021000 rw-p 00000000 00:00 0 
7f259c021000-7f25a0000000 ---p 00000000 00:00 0 
7f25a0000000-7f25a0021000 rw-p 00000000 00:00 0 
7f25a0021000-7f25a4000000 ---p 00000000 00:00 0 
7f25a4000000-7f25a4021000 rw-p 00000000 00:00 0 
7f25a4021000-7f25a8000000 ---p 00000000 00:00 0 
7f25a8000000-7f25a8003000 ---p 00000000 00:00 0 
7f25a8003000-7f25a8101000 rw-p 00000000 00:00 0 
7f25a8101000-7f25a8102000 ---p 00000000 00:00 0 
7f25a8102000-7f25a9d6c000 rw-p 00000000 00:00 0 
7f25a9d6c000-7f25a9f46000 r--s 03d27000 08:03 2082812                    /usr/java/jdk1.8.0_201-amd64/jre/lib/rt.jar
7f25a9f46000-7f25aaef9000 rw-p 00000000 00:00 0 
7f25aaef9000-7f25aaefa000 ---p 00000000 00:00 0 
7f25aaefa000-7f25aaffa000 rw-p 00000000 00:00 0 
7f25aaffa000-7f25aaffb000 ---p 00000000 00:00 0 
7f25aaffb000-7f25ab0fb000 rw-p 00000000 00:00 0 
7f25ab0fb000-7f25ab0fc000 ---p 00000000 00:00 0 
7f25ab0fc000-7f25ab1fc000 rw-p 00000000 00:00 0 
7f25ab1fc000-7f25ab1fd000 ---p 00000000 00:00 0 
7f25ab1fd000-7f25ab2fd000 rw-p 00000000 00:00 0 
7f25ab2fd000-7f25ab2fe000 ---p 00000000 00:00 0 
7f25ab2fe000-7f25ab3fe000 rw-p 00000000 00:00 0 
7f25ab3fe000-7f25ab3ff000 ---p 00000000 00:00 0 
7f25ab3ff000-7f25ab4ff000 rw-p 00000000 00:00 0 
7f25ab4ff000-7f25ab500000 ---p 00000000 00:00 0 
7f25ab500000-7f25ab600000 rw-p 00000000 00:00 0 
7f25ab600000-7f25ab601000 ---p 00000000 00:00 0 
7f25ab601000-7f25ab754000 rw-p 00000000 00:00 0 
7f25ab754000-7f25abc23000 ---p 00000000 00:00 0 
7f25abc23000-7f25abc76000 rw-p 00000000 00:00 0 
7f25abc76000-7f25ac145000 ---p 00000000 00:00 0 
7f25ac145000-7f25ac18e000 rw-p 00000000 00:00 0 
7f25ac18e000-7f25ac3d6000 ---p 00000000 00:00 0 
7f25ac3d6000-7f25ac3e5000 rw-p 00000000 00:00 0 
7f25ac3e5000-7f25ac797000 ---p 00000000 00:00 0 
7f25ac797000-7f25acb07000 rwxp 00000000 00:00 0 
7f25acb07000-7f25bb797000 ---p 00000000 00:00 0 
7f25bb797000-7f25bb7b2000 r-xp 00000000 08:03 33630925                   /usr/java/jdk1.8.0_201-amd64/jre/lib/amd64/libzip.so
7f25bb7b2000-7f25bb9b1000 ---p 0001b000 08:03 33630925                   /usr/java/jdk1.8.0_201-amd64/jre/lib/amd64/libzip.so
7f25bb9b1000-7f25bb9b2000 r--p 0001a000 08:03 33630925                   /usr/java/jdk1.8.0_201-amd64/jre/lib/amd64/libzip.so
7f25bb9b2000-7f25bb9b3000 rw-p 0001b000 08:03 33630925                   /usr/java/jdk1.8.0_201-amd64/jre/lib/amd64/libzip.so
7f25bb9b3000-7f25bb9bf000 r-xp 00000000 08:03 33555642                   /usr/lib64/libnss_files-2.17.so
7f25bb9bf000-7f25bbbbe000 ---p 0000c000 08:03 33555642                   /usr/lib64/libnss_files-2.17.so
7f25bbbbe000-7f25bbbbf000 r--p 0000b000 08:03 33555642                   /usr/lib64/libnss_files-2.17.so
7f25bbbbf000-7f25bbbc0000 rw-p 0000c000 08:03 33555642                   /usr/lib64/libnss_files-2.17.so
7f25bbbc0000-7f25bbbc6000 rw-p 00000000 00:00 0 
7f25bbbc6000-7f25bbbd0000 r-xp 00000000 08:03 34785958                   /usr/java/jdk1.8.0_201-amd64/jre/lib/amd64/libinstrument.so
7f25bbbd0000-7f25bbdcf000 ---p 0000a000 08:03 34785958                   /usr/java/jdk1.8.0_201-amd64/jre/lib/amd64/libinstrument.so
7f25bbdcf000-7f25bbdd0000 r--p 00009000 08:03 34785958                   /usr/java/jdk1.8.0_201-amd64/jre/lib/amd64/libinstrument.so
7f25bbdd0000-7f25bbdd1000 rw-p 0000a000 08:03 34785958                   /usr/java/jdk1.8.0_201-amd64/jre/lib/amd64/libinstrument.so
7f25bbdd1000-7f25bbdfd000 r-xp 00000000 08:03 34785963                   /usr/java/jdk1.8.0_201-amd64/jre/lib/amd64/libjava.so
7f25bbdfd000-7f25bbffd000 ---p 0002c000 08:03 34785963                   /usr/java/jdk1.8.0_201-amd64/jre/lib/amd64/libjava.so
7f25bbffd000-7f25bbffe000 r--p 0002c000 08:03 34785963                   /usr/java/jdk1.8.0_201-amd64/jre/lib/amd64/libjava.so
7f25bbffe000-7f25bc000000 rw-p 0002d000 08:03 34785963                   /usr/java/jdk1.8.0_201-amd64/jre/lib/amd64/libjava.so
7f25bc000000-7f25bc940000 rw-p 00000000 00:00 0 
7f25bc940000-7f25c0000000 ---p 00000000 00:00 0 
7f25c0000000-7f25c0002000 r--s 0000a000 08:05 35195244                   /home/kay/.gradle/caches/modules-2/files-2.1/javax.portlet/portlet-api/2.0/1cd72f2a37fcf8ab9893a9468d7ba71c85fe2653/portlet-api-2.0.jar
7f25c0002000-7f25c0008000 r--s 0003d000 08:05 434004                     /home/kay/.gradle/caches/modules-2/files-2.1/org.yaml/snakeyaml/1.17/7a27ea250c5130b2922b86dea63cbb1cc10a660c/snakeyaml-1.17.jar
7f25c0008000-7f25c0010000 r--s 00072000 08:05 424341                     /home/kay/.gradle/caches/modules-2/files-2.1/org.eclipse.jetty/jetty-util/9.4.11.v20180605/f0f25aa2f27d618a04bc7356fa247ae4a05245b3/jetty-util-9.4.11.v20180605.jar
7f25c0010000-7f25c0025000 r--s 000ff000 08:03 9078                       /usr/java/jdk1.8.0_201-amd64/jre/lib/resources.jar
7f25c0025000-7f25c0038000 r--s 001a7000 08:03 2082809                    /usr/java/jdk1.8.0_201-amd64/jre/lib/plugin.jar
7f25c0038000-7f25c00ae000 rw-p 00000000 00:00 0 
7f25c00ae000-7f25c00bb000 r-xp 00000000 08:03 33630924                   /usr/java/jdk1.8.0_201-amd64/jre/lib/amd64/libverify.so
7f25c00bb000-7f25c02ba000 ---p 0000d000 08:03 33630924                   /usr/java/jdk1.8.0_201-amd64/jre/lib/amd64/libverify.so
7f25c02ba000-7f25c02bc000 r--p 0000c000 08:03 33630924                   /usr/java/jdk1.8.0_201-amd64/jre/lib/amd64/libverify.so
7f25c02bc000-7f25c02bd000 rw-p 0000e000 08:03 33630924                   /usr/java/jdk1.8.0_201-amd64/jre/lib/amd64/libverify.so
7f25c02bd000-7f25c02c4000 r-xp 00000000 08:03 33555654                   /usr/lib64/librt-2.17.so
7f25c02c4000-7f25c04c3000 ---p 00007000 08:03 33555654                   /usr/lib64/librt-2.17.so
7f25c04c3000-7f25c04c4000 r--p 00006000 08:03 33555654                   /usr/lib64/librt-2.17.so
7f25c04c4000-7f25c04c5000 rw-p 00007000 08:03 33555654                   /usr/lib64/librt-2.17.so
7f25c04c5000-7f25c05c6000 r-xp 00000000 08:03 33555632                   /usr/lib64/libm-2.17.so
7f25c05c6000-7f25c07c5000 ---p 00101000 08:03 33555632                   /usr/lib64/libm-2.17.so
7f25c07c5000-7f25c07c6000 r--p 00100000 08:03 33555632                   /usr/lib64/libm-2.17.so
7f25c07c6000-7f25c07c7000 rw-p 00101000 08:03 33555632                   /usr/lib64/libm-2.17.so
7f25c07c7000-7f25c14af000 r-xp 00000000 08:03 100917971                  /usr/java/jdk1.8.0_201-amd64/jre/lib/amd64/server/libjvm.so
7f25c14af000-7f25c16ae000 ---p 00ce8000 08:03 100917971                  /usr/java/jdk1.8.0_201-amd64/jre/lib/amd64/server/libjvm.so
7f25c16ae000-7f25c1744000 r--p 00ce7000 08:03 100917971                  /usr/java/jdk1.8.0_201-amd64/jre/lib/amd64/server/libjvm.so
7f25c1744000-7f25c1775000 rw-p 00d7d000 08:03 100917971                  /usr/java/jdk1.8.0_201-amd64/jre/lib/amd64/server/libjvm.so
7f25c1775000-7f25c17b0000 rw-p 00000000 00:00 0 
7f25c17b0000-7f25c1973000 r-xp 00000000 08:03 33555610                   /usr/lib64/libc-2.17.so
7f25c1973000-7f25c1b73000 ---p 001c3000 08:03 33555610                   /usr/lib64/libc-2.17.so
7f25c1b73000-7f25c1b77000 r--p 001c3000 08:03 33555610                   /usr/lib64/libc-2.17.so
7f25c1b77000-7f25c1b79000 rw-p 001c7000 08:03 33555610                   /usr/lib64/libc-2.17.so
7f25c1b79000-7f25c1b7e000 rw-p 00000000 00:00 0 
7f25c1b7e000-7f25c1b80000 r-xp 00000000 08:03 33555630                   /usr/lib64/libdl-2.17.so
7f25c1b80000-7f25c1d80000 ---p 00002000 08:03 33555630                   /usr/lib64/libdl-2.17.so
7f25c1d80000-7f25c1d81000 r--p 00002000 08:03 33555630                   /usr/lib64/libdl-2.17.so
7f25c1d81000-7f25c1d82000 rw-p 00003000 08:03 33555630                   /usr/lib64/libdl-2.17.so
7f25c1d82000-7f25c1d99000 r-xp 00000000 08:03 33630823                   /usr/java/jdk1.8.0_201-amd64/lib/amd64/jli/libjli.so
7f25c1d99000-7f25c1f98000 ---p 00017000 08:03 33630823                   /usr/java/jdk1.8.0_201-amd64/lib/amd64/jli/libjli.so
7f25c1f98000-7f25c1f99000 r--p 00016000 08:03 33630823                   /usr/java/jdk1.8.0_201-amd64/lib/amd64/jli/libjli.so
7f25c1f99000-7f25c1f9a000 rw-p 00017000 08:03 33630823                   /usr/java/jdk1.8.0_201-amd64/lib/amd64/jli/libjli.so
7f25c1f9a000-7f25c1fb1000 r-xp 00000000 08:03 33555650                   /usr/lib64/libpthread-2.17.so
7f25c1fb1000-7f25c21b0000 ---p 00017000 08:03 33555650                   /usr/lib64/libpthread-2.17.so
7f25c21b0000-7f25c21b1000 r--p 00016000 08:03 33555650                   /usr/lib64/libpthread-2.17.so
7f25c21b1000-7f25c21b2000 rw-p 00017000 08:03 33555650                   /usr/lib64/libpthread-2.17.so
7f25c21b2000-7f25c21b6000 rw-p 00000000 00:00 0 
7f25c21b6000-7f25c21d8000 r-xp 00000000 08:03 33555603                   /usr/lib64/ld-2.17.so
7f25c21d8000-7f25c21db000 r--s 0001a000 08:05 78876                      /home/kay/.gradle/caches/modules-2/files-2.1/io.swagger/swagger-core/2.0.0-rc0/8c4f895d4809256c0a8d3b68a6a83e2424e90d67/swagger-core-2.0.0-rc0.jar
7f25c21db000-7f25c21de000 r--s 00019000 08:05 67307175                   /home/kay/.gradle/caches/modules-2/files-2.1/org.eclipse.jetty/jetty-servlet/9.4.11.v20180605/66d31900fcfc70e3666f0b3335b6660635154f98/jetty-servlet-9.4.11.v20180605.jar
7f25c21de000-7f25c21df000 r--s 00004000 08:05 35270213                   /home/kay/.gradle/caches/modules-2/files-2.1/net.iharder/base64/2.3.9/6c34d1c85141be8a21b0a957d84359894e2684b7/base64-2.3.9.jar
7f25c21df000-7f25c21e0000 r--s 00005000 08:05 34326646                   /home/kay/.gradle/caches/modules-2/files-2.1/org.springframework/spring-jcl/5.2.0.RELEASE/59b53ab6f01dd3ba85875b61a284c161584c18a3/spring-jcl-5.2.0.RELEASE.jar
7f25c21e0000-7f25c21e3000 r--s 00015000 08:05 100692414                  /home/kay/.gradle/caches/modules-2/files-2.1/javax.servlet/javax.servlet-api/3.1.0/3cd63d075497751784b2fa84be59432f4905bf7c/javax.servlet-api-3.1.0.jar
7f25c21e3000-7f25c21e8000 r--s 000a0000 08:03 2082813                    /usr/java/jdk1.8.0_201-amd64/jre/lib/jsse.jar
7f25c21e8000-7f25c21ea000 r--s 00007000 08:03 9785                       /usr/java/jdk1.8.0_201-amd64/jre/lib/jfxswt.jar
7f25c21ea000-7f25c21f0000 r--s 0003e000 08:03 9784                       /usr/java/jdk1.8.0_201-amd64/jre/lib/jfr.jar
7f25c21f0000-7f25c21f3000 r--s 0001a000 08:03 9782                       /usr/java/jdk1.8.0_201-amd64/jre/lib/jce.jar
7f25c21f3000-7f25c220e000 r--s 004a0000 08:03 2082811                    /usr/java/jdk1.8.0_201-amd64/jre/lib/deploy.jar
7f25c220e000-7f25c22b6000 rw-p 00000000 00:00 0 
7f25c22b6000-7f25c22ba000 ---p 00000000 00:00 0 
7f25c22ba000-7f25c23bb000 rw-p 00000000 00:00 0 
7f25c23bb000-7f25c23bc000 r--s 00000000 08:03 9066                       /usr/java/jdk1.8.0_201-amd64/jre/lib/management-agent.jar
7f25c23bc000-7f25c23c6000 r--s 000e2000 08:03 2082810                    /usr/java/jdk1.8.0_201-amd64/jre/lib/javaws.jar
7f25c23c6000-7f25c23cc000 r--s 002f8000 08:03 2082814                    /usr/java/jdk1.8.0_201-amd64/jre/lib/charsets.jar
7f25c23cc000-7f25c23d4000 rw-s 00000000 08:03 72618395                   /tmp/hsperfdata_kay/32297
7f25c23d4000-7f25c23d5000 rw-p 00000000 00:00 0 
7f25c23d5000-7f25c23d6000 r--p 00000000 00:00 0 
7f25c23d6000-7f25c23d7000 rw-p 00000000 00:00 0 
7f25c23d7000-7f25c23d8000 r--p 00021000 08:03 33555603                   /usr/lib64/ld-2.17.so
7f25c23d8000-7f25c23d9000 rw-p 00022000 08:03 33555603                   /usr/lib64/ld-2.17.so
7f25c23d9000-7f25c23da000 rw-p 00000000 00:00 0 
7ffc337a1000-7ffc337c4000 rw-p 00000000 00:00 0                          [stack]
7ffc337cb000-7ffc337cd000 r-xp 00000000 00:00 0                          [vdso]
ffffffffff600000-ffffffffff601000 r-xp 00000000 00:00 0                  [vsyscall]

VM Arguments:
jvm_args: -javaagent:/home/kay/workspace/tools/idea/lib/idea_rt.jar=33563:/home/kay/workspace/tools/idea/bin -Dfile.encoding=UTF-8 
java_command: org.matrixchain.db.BlockStore
java_class_path (initial): /usr/java/jdk1.8.0_201-amd64/jre/lib/charsets.jar:/usr/java/jdk1.8.0_201-amd64/jre/lib/deploy.jar:/usr/java/jdk1.8.0_201-amd64/jre/lib/ext/cldrdata.jar:/usr/java/jdk1.8.0_201-amd64/jre/lib/ext/dnsns.jar:/usr/java/jdk1.8.0_201-amd64/jre/lib/ext/jaccess.jar:/usr/java/jdk1.8.0_201-amd64/jre/lib/ext/jfxrt.jar:/usr/java/jdk1.8.0_201-amd64/jre/lib/ext/localedata.jar:/usr/java/jdk1.8.0_201-amd64/jre/lib/ext/nashorn.jar:/usr/java/jdk1.8.0_201-amd64/jre/lib/ext/sunec.jar:/usr/java/jdk1.8.0_201-amd64/jre/lib/ext/sunjce_provider.jar:/usr/java/jdk1.8.0_201-amd64/jre/lib/ext/sunpkcs11.jar:/usr/java/jdk1.8.0_201-amd64/jre/lib/ext/zipfs.jar:/usr/java/jdk1.8.0_201-amd64/jre/lib/javaws.jar:/usr/java/jdk1.8.0_201-amd64/jre/lib/jce.jar:/usr/java/jdk1.8.0_201-amd64/jre/lib/jfr.jar:/usr/java/jdk1.8.0_201-amd64/jre/lib/jfxswt.jar:/usr/java/jdk1.8.0_201-amd64/jre/lib/jsse.jar:/usr/java/jdk1.8.0_201-amd64/jre/lib/management-agent.jar:/usr/java/jdk1.8.0_201-amd64/jre/lib/plugin.jar:/usr/java/jdk1.8.0_201-amd64/jre/lib/resources.jar:/usr/java/jdk1.8.0_201-amd64/jre/lib/rt.jar:/home/kay/workspace/kay/matrixchain/out/production/classes:/home/kay/workspace/kay/matrixchain/out/production/resources:/home/kay/.gradle/caches/modules-2/files-2.1/io.netty/netty-all/4.1.43.Final/f373e16375242903170434deba3cb8e7fd3bf622/netty-all-4.1.43.Final.jar:/home/kay/.gradle/caches/modules-2/files-2.1/javax.servlet/javax.servlet-api/3.1.0/3cd63d075497751784b2fa84be59432f4905bf7c/javax.servlet-api-3.1.0.jar:/home/kay/.gradle/caches/modules-2/files-2.1/com.google.guava/guava/20.0/89507701249388e1ed5ddcf8c41f4ce1be7831ef/guava-20.0.jar:/home/kay/.gradle/caches/modules-2/files-2.1/org.springframework/spring-jcl/5.2.0.RELEASE/59b53ab6f01dd3ba85875b61a284c161584c18a3/spring-jcl-5.2.0.RELEASE.jar:/home/kay/.gradle/caches/modules-2/files-2.1/net.iharder/base64/2.3.9/6c34d1c85141be8a21b0a957d84359894e2684b7/base64-2.3.9.jar:/home/kay/.gradle/caches/modules-2/files-2.1/org.eclipse.jetty/jetty-s
Launcher Type: SUN_STANDARD

Environment Variables:
JAVA_HOME=/usr/java/jdk1.8.0_201-amd64
JRE_HOME=/usr/java/jdk1.8.0_201-amd64/jre
CLASSPATH=/home/kay/workspace/tools/idea/lib/bootstrap.jar:/home/kay/workspace/tools/idea/lib/extensions.jar:/home/kay/workspace/tools/idea/lib/util.jar:/home/kay/workspace/tools/idea/lib/jdom.jar:/home/kay/workspace/tools/idea/lib/log4j.jar:/home/kay/workspace/tools/idea/lib/trove4j.jar:/home/kay/workspace/tools/idea/lib/jna.jar:/usr/java/jdk1.8.0_201-amd64/lib/tools.jar
PATH=/usr/local/src/activator:/usr/local/src/activator:/usr/java/jdk1.8.0_201-amd64/bin:/usr/local/openssl/bin:/usr/local/bin:/usr/local/sbin:/usr/bin:/usr/sbin:/bin:/sbin:/var/lib/snapd/snap/bin:/usr/local/go/bin:/home/kay/.local/bin:/home/kay/bin
USERNAME=kay
LD_LIBRARY_PATH=/usr/local/boost/lib:/usr/local/boost/lib:
SHELL=/bin/bash
DISPLAY=:0

Signal Handlers:
SIGSEGV: [libjvm.so+0xad3e60], sa_mask[0]=11111111011111111101111111111110, sa_flags=SA_RESTART|SA_SIGINFO
SIGBUS: [libjvm.so+0xad3e60], sa_mask[0]=11111111011111111101111111111110, sa_flags=SA_RESTART|SA_SIGINFO
SIGFPE: [libjvm.so+0x90b880], sa_mask[0]=11111111011111111101111111111110, sa_flags=SA_RESTART|SA_SIGINFO
SIGPIPE: [libjvm.so+0x90b880], sa_mask[0]=11111111011111111101111111111110, sa_flags=SA_RESTART|SA_SIGINFO
SIGXFSZ: [libjvm.so+0x90b880], sa_mask[0]=11111111011111111101111111111110, sa_flags=SA_RESTART|SA_SIGINFO
SIGILL: [libjvm.so+0x90b880], sa_mask[0]=11111111011111111101111111111110, sa_flags=SA_RESTART|SA_SIGINFO
SIGUSR1: SIG_DFL, sa_mask[0]=00000000000000000000000000000000, sa_flags=none
SIGUSR2: [libjvm.so+0x90b750], sa_mask[0]=00100000000000000000000000000000, sa_flags=SA_RESTART|SA_SIGINFO
SIGHUP: [libjvm.so+0x90bd70], sa_mask[0]=11111111011111111101111111111110, sa_flags=SA_RESTART|SA_SIGINFO
SIGINT: [libjvm.so+0x90bd70], sa_mask[0]=11111111011111111101111111111110, sa_flags=SA_RESTART|SA_SIGINFO
SIGTERM: [libjvm.so+0x90bd70], sa_mask[0]=11111111011111111101111111111110, sa_flags=SA_RESTART|SA_SIGINFO
SIGQUIT: [libjvm.so+0x90bd70], sa_mask[0]=11111111011111111101111111111110, sa_flags=SA_RESTART|SA_SIGINFO


---------------  S Y S T E M  ---------------

OS:CentOS Linux release 7.7.1908 (Core)

uname:Linux 3.10.0-957.21.3.el7.x86_64 #1 SMP Tue Jun 18 16:35:19 UTC 2019 x86_64
libc:glibc 2.17 NPTL 2.17 
rlimit: STACK 8192k, CORE 0k, NPROC 4096, NOFILE 4096, AS infinity
load average:2.31 1.34 1.54

/proc/meminfo:
MemTotal:       16144236 kB
MemFree:          502524 kB
MemAvailable:     807256 kB
Buffers:            2000 kB
Cached:          1281892 kB
SwapCached:       193892 kB
Active:         12281928 kB
Inactive:        2256520 kB
Active(anon):   12003188 kB
Inactive(anon):  2154108 kB
Active(file):     278740 kB
Inactive(file):   102412 kB
Unevictable:          76 kB
Mlocked:              76 kB
SwapTotal:       8193020 kB
SwapFree:        3544828 kB
Dirty:             14532 kB
Writeback:             0 kB
AnonPages:      13194240 kB
Mapped:           552228 kB
Shmem:            903312 kB
Slab:             461132 kB
SReclaimable:     265032 kB
SUnreclaim:       196100 kB
KernelStack:       44816 kB
PageTables:       213532 kB
NFS_Unstable:          0 kB
Bounce:                0 kB
WritebackTmp:          0 kB
CommitLimit:    16265136 kB
Committed_AS:   44780352 kB
VmallocTotal:   34359738367 kB
VmallocUsed:      577404 kB
VmallocChunk:   34358421500 kB
HardwareCorrupted:     0 kB
AnonHugePages:   2228224 kB
CmaTotal:              0 kB
CmaFree:               0 kB
HugePages_Total:       0
HugePages_Free:        0
HugePages_Rsvd:        0
HugePages_Surp:        0
Hugepagesize:       2048 kB
DirectMap4k:      297832 kB
DirectMap2M:     7968768 kB
DirectMap1G:     8388608 kB

container (cgroup) information:
container_type: cgroupv1
cpu_cpuset_cpus: 0-7
cpu_memory_nodes: 0
active_processor_count: 8
cpu_quota: -1
cpu_period: 100000
cpu_shares: -1
memory_limit_in_bytes: -1
memory_and_swap_limit_in_bytes: -1
memory_soft_limit_in_bytes: -1
memory_usage_in_bytes: 13368733696
memory_max_usage_in_bytes: 13809520640


CPU:total 8 (initial active 8) (4 cores per cpu, 2 threads per core) family 6 model 94 stepping 3, cmov, cx8, fxsr, mmx, sse, sse2, sse3, ssse3, sse4.1, sse4.2, popcnt, avx, avx2, aes, clmul, erms, rtm, 3dnowpref, lzcnt, ht, tsc, tscinvbit, bmi1, bmi2, adx

/proc/cpuinfo:
processor	: 0
vendor_id	: GenuineIntel
cpu family	: 6
model		: 94
model name	: Intel(R) Core(TM) i7-6700 CPU @ 3.40GHz
stepping	: 3
microcode	: 0xcc
cpu MHz		: 3699.865
cache size	: 8192 KB
physical id	: 0
siblings	: 8
core id		: 0
cpu cores	: 4
apicid		: 0
initial apicid	: 0
fpu		: yes
fpu_exception	: yes
cpuid level	: 22
wp		: yes
flags		: fpu vme de pse tsc msr pae mce cx8 apic sep mtrr pge mca cmov pat pse36 clflush dts acpi mmx fxsr sse sse2 ss ht tm pbe syscall nx pdpe1gb rdtscp lm constant_tsc art arch_perfmon pebs bts rep_good nopl xtopology nonstop_tsc aperfmperf eagerfpu pni pclmulqdq dtes64 monitor ds_cpl vmx smx est tm2 ssse3 sdbg fma cx16 xtpr pdcm pcid sse4_1 sse4_2 x2apic movbe popcnt tsc_deadline_timer aes xsave avx f16c rdrand lahf_lm abm 3dnowprefetch intel_pt ssbd ibrs ibpb stibp tpr_shadow vnmi flexpriority ept vpid fsgsbase tsc_adjust bmi1 hle avx2 smep bmi2 erms invpcid rtm mpx rdseed adx smap clflushopt xsaveopt xsavec xgetbv1 dtherm ida arat pln pts hwp hwp_notify hwp_act_window hwp_epp md_clear spec_ctrl intel_stibp flush_l1d
bogomips	: 6816.00
clflush size	: 64
cache_alignment	: 64
address sizes	: 39 bits physical, 48 bits virtual
power management:

processor	: 1
vendor_id	: GenuineIntel
cpu family	: 6
model		: 94
model name	: Intel(R) Core(TM) i7-6700 CPU @ 3.40GHz
stepping	: 3
microcode	: 0xcc
cpu MHz		: 3721.862
cache size	: 8192 KB
physical id	: 0
siblings	: 8
core id		: 1
cpu cores	: 4
apicid		: 2
initial apicid	: 2
fpu		: yes
fpu_exception	: yes
cpuid level	: 22
wp		: yes
flags		: fpu vme de pse tsc msr pae mce cx8 apic sep mtrr pge mca cmov pat pse36 clflush dts acpi mmx fxsr sse sse2 ss ht tm pbe syscall nx pdpe1gb rdtscp lm constant_tsc art arch_perfmon pebs bts rep_good nopl xtopology nonstop_tsc aperfmperf eagerfpu pni pclmulqdq dtes64 monitor ds_cpl vmx smx est tm2 ssse3 sdbg fma cx16 xtpr pdcm pcid sse4_1 sse4_2 x2apic movbe popcnt tsc_deadline_timer aes xsave avx f16c rdrand lahf_lm abm 3dnowprefetch intel_pt ssbd ibrs ibpb stibp tpr_shadow vnmi flexpriority ept vpid fsgsbase tsc_adjust bmi1 hle avx2 smep bmi2 erms invpcid rtm mpx rdseed adx smap clflushopt xsaveopt xsavec xgetbv1 dtherm ida arat pln pts hwp hwp_notify hwp_act_window hwp_epp md_clear spec_ctrl intel_stibp flush_l1d
bogomips	: 6816.00
clflush size	: 64
cache_alignment	: 64
address sizes	: 39 bits physical, 48 bits virtual
power management:

processor	: 2
vendor_id	: GenuineIntel
cpu family	: 6
model		: 94
model name	: Intel(R) Core(TM) i7-6700 CPU @ 3.40GHz
stepping	: 3
microcode	: 0xcc
cpu MHz		: 3710.034
cache size	: 8192 KB
physical id	: 0
siblings	: 8
core id		: 2
cpu cores	: 4
apicid		: 4
initial apicid	: 4
fpu		: yes
fpu_exception	: yes
cpuid level	: 22
wp		: yes
flags		: fpu vme de pse tsc msr pae mce cx8 apic sep mtrr pge mca cmov pat pse36 clflush dts acpi mmx fxsr sse sse2 ss ht tm pbe syscall nx pdpe1gb rdtscp lm constant_tsc art arch_perfmon pebs bts rep_good nopl xtopology nonstop_tsc aperfmperf eagerfpu pni pclmulqdq dtes64 monitor ds_cpl vmx smx est tm2 ssse3 sdbg fma cx16 xtpr pdcm pcid sse4_1 sse4_2 x2apic movbe popcnt tsc_deadline_timer aes xsave avx f16c rdrand lahf_lm abm 3dnowprefetch intel_pt ssbd ibrs ibpb stibp tpr_shadow vnmi flexpriority ept vpid fsgsbase tsc_adjust bmi1 hle avx2 smep bmi2 erms invpcid rtm mpx rdseed adx smap clflushopt xsaveopt xsavec xgetbv1 dtherm ida arat pln pts hwp hwp_notify hwp_act_window hwp_epp md_clear spec_ctrl intel_stibp flush_l1d
bogomips	: 6816.00
clflush size	: 64
cache_alignment	: 64
address sizes	: 39 bits physical, 48 bits virtual
power management:

processor	: 3
vendor_id	: GenuineIntel
cpu family	: 6
model		: 94
model name	: Intel(R) Core(TM) i7-6700 CPU @ 3.40GHz
stepping	: 3
microcode	: 0xcc
cpu MHz		: 3699.865
cache size	: 8192 KB
physical id	: 0
siblings	: 8
core id		: 3
cpu cores	: 4
apicid		: 6
initial apicid	: 6
fpu		: yes
fpu_exception	: yes
cpuid level	: 22
wp		: yes
flags		: fpu vme de pse tsc msr pae mce cx8 apic sep mtrr pge mca cmov pat pse36 clflush dts acpi mmx fxsr sse sse2 ss ht tm pbe syscall nx pdpe1gb rdtscp lm constant_tsc art arch_perfmon pebs bts rep_good nopl xtopology nonstop_tsc aperfmperf eagerfpu pni pclmulqdq dtes64 monitor ds_cpl vmx smx est tm2 ssse3 sdbg fma cx16 xtpr pdcm pcid sse4_1 sse4_2 x2apic movbe popcnt tsc_deadline_timer aes xsave avx f16c rdrand lahf_lm abm 3dnowprefetch intel_pt ssbd ibrs ibpb stibp tpr_shadow vnmi flexpriority ept vpid fsgsbase tsc_adjust bmi1 hle avx2 smep bmi2 erms invpcid rtm mpx rdseed adx smap clflushopt xsaveopt xsavec xgetbv1 dtherm ida arat pln pts hwp hwp_notify hwp_act_window hwp_epp md_clear spec_ctrl intel_stibp flush_l1d
bogomips	: 6816.00
clflush size	: 64
cache_alignment	: 64
address sizes	: 39 bits physical, 48 bits virtual
power management:

processor	: 4
vendor_id	: GenuineIntel
cpu family	: 6
model		: 94
model name	: Intel(R) Core(TM) i7-6700 CPU @ 3.40GHz
stepping	: 3
microcode	: 0xcc
cpu MHz		: 3699.865
cache size	: 8192 KB
physical id	: 0
siblings	: 8
core id		: 0
cpu cores	: 4
apicid		: 1
initial apicid	: 1
fpu		: yes
fpu_exception	: yes
cpuid level	: 22
wp		: yes
flags		: fpu vme de pse tsc msr pae mce cx8 apic sep mtrr pge mca cmov pat pse36 clflush dts acpi mmx fxsr sse sse2 ss ht tm pbe syscall nx pdpe1gb rdtscp lm constant_tsc art arch_perfmon pebs bts rep_good nopl xtopology nonstop_tsc aperfmperf eagerfpu pni pclmulqdq dtes64 monitor ds_cpl vmx smx est tm2 ssse3 sdbg fma cx16 xtpr pdcm pcid sse4_1 sse4_2 x2apic movbe popcnt tsc_deadline_timer aes xsave avx f16c rdrand lahf_lm abm 3dnowprefetch intel_pt ssbd ibrs ibpb stibp tpr_shadow vnmi flexpriority ept vpid fsgsbase tsc_adjust bmi1 hle avx2 smep bmi2 erms invpcid rtm mpx rdseed adx smap clflushopt xsaveopt xsavec xgetbv1 dtherm ida arat pln pts hwp hwp_notify hwp_act_window hwp_epp md_clear spec_ctrl intel_stibp flush_l1d
bogomips	: 6816.00
clflush size	: 64
cache_alignment	: 64
address sizes	: 39 bits physical, 48 bits virtual
power management:

processor	: 5
vendor_id	: GenuineIntel
cpu family	: 6
model		: 94
model name	: Intel(R) Core(TM) i7-6700 CPU @ 3.40GHz
stepping	: 3
microcode	: 0xcc
cpu MHz		: 3738.879
cache size	: 8192 KB
physical id	: 0
siblings	: 8
core id		: 1
cpu cores	: 4
apicid		: 3
initial apicid	: 3
fpu		: yes
fpu_exception	: yes
cpuid level	: 22
wp		: yes
flags		: fpu vme de pse tsc msr pae mce cx8 apic sep mtrr pge mca cmov pat pse36 clflush dts acpi mmx fxsr sse sse2 ss ht tm pbe syscall nx pdpe1gb rdtscp lm constant_tsc art arch_perfmon pebs bts rep_good nopl xtopology nonstop_tsc aperfmperf eagerfpu pni pclmulqdq dtes64 monitor ds_cpl vmx smx est tm2 ssse3 sdbg fma cx16 xtpr pdcm pcid sse4_1 sse4_2 x2apic movbe popcnt tsc_deadline_timer aes xsave avx f16c rdrand lahf_lm abm 3dnowprefetch intel_pt ssbd ibrs ibpb stibp tpr_shadow vnmi flexpriority ept vpid fsgsbase tsc_adjust bmi1 hle avx2 smep bmi2 erms invpcid rtm mpx rdseed adx smap clflushopt xsaveopt xsavec xgetbv1 dtherm ida arat pln pts hwp hwp_notify hwp_act_window hwp_epp md_clear spec_ctrl intel_stibp flush_l1d
bogomips	: 6816.00
clflush size	: 64
cache_alignment	: 64
address sizes	: 39 bits physical, 48 bits virtual
power management:

processor	: 6
vendor_id	: GenuineIntel
cpu family	: 6
model		: 94
model name	: Intel(R) Core(TM) i7-6700 CPU @ 3.40GHz
stepping	: 3
microcode	: 0xcc
cpu MHz		: 3729.541
cache size	: 8192 KB
physical id	: 0
siblings	: 8
core id		: 2
cpu cores	: 4
apicid		: 5
initial apicid	: 5
fpu		: yes
fpu_exception	: yes
cpuid level	: 22
wp		: yes
flags		: fpu vme de pse tsc msr pae mce cx8 apic sep mtrr pge mca cmov pat pse36 clflush dts acpi mmx fxsr sse sse2 ss ht tm pbe syscall nx pdpe1gb rdtscp lm constant_tsc art arch_perfmon pebs bts rep_good nopl xtopology nonstop_tsc aperfmperf eagerfpu pni pclmulqdq dtes64 monitor ds_cpl vmx smx est tm2 ssse3 sdbg fma cx16 xtpr pdcm pcid sse4_1 sse4_2 x2apic movbe popcnt tsc_deadline_timer aes xsave avx f16c rdrand lahf_lm abm 3dnowprefetch intel_pt ssbd ibrs ibpb stibp tpr_shadow vnmi flexpriority ept vpid fsgsbase tsc_adjust bmi1 hle avx2 smep bmi2 erms invpcid rtm mpx rdseed adx smap clflushopt xsaveopt xsavec xgetbv1 dtherm ida arat pln pts hwp hwp_notify hwp_act_window hwp_epp md_clear spec_ctrl intel_stibp flush_l1d
bogomips	: 6816.00
clflush size	: 64
cache_alignment	: 64
address sizes	: 39 bits physical, 48 bits virtual
power management:

processor	: 7
vendor_id	: GenuineIntel
cpu family	: 6
model		: 94
model name	: Intel(R) Core(TM) i7-6700 CPU @ 3.40GHz
stepping	: 3
microcode	: 0xcc
cpu MHz		: 3720.617
cache size	: 8192 KB
physical id	: 0
siblings	: 8
core id		: 3
cpu cores	: 4
apicid		: 7
initial apicid	: 7
fpu		: yes
fpu_exception	: yes
cpuid level	: 22
wp		: yes
flags		: fpu vme de pse tsc msr pae mce cx8 apic sep mtrr pge mca cmov pat pse36 clflush dts acpi mmx fxsr sse sse2 ss ht tm pbe syscall nx pdpe1gb rdtscp lm constant_tsc art arch_perfmon pebs bts rep_good nopl xtopology nonstop_tsc aperfmperf eagerfpu pni pclmulqdq dtes64 monitor ds_cpl vmx smx est tm2 ssse3 sdbg fma cx16 xtpr pdcm pcid sse4_1 sse4_2 x2apic movbe popcnt tsc_deadline_timer aes xsave avx f16c rdrand lahf_lm abm 3dnowprefetch intel_pt ssbd ibrs ibpb stibp tpr_shadow vnmi flexpriority ept vpid fsgsbase tsc_adjust bmi1 hle avx2 smep bmi2 erms invpcid rtm mpx rdseed adx smap clflushopt xsaveopt xsavec xgetbv1 dtherm ida arat pln pts hwp hwp_notify hwp_act_window hwp_epp md_clear spec_ctrl intel_stibp flush_l1d
bogomips	: 6816.00
clflush size	: 64
cache_alignment	: 64
address sizes	: 39 bits physical, 48 bits virtual
power management:



Memory: 4k page, physical 16144236k(501780k free), swap 8193020k(3544828k free)

vm_info: Java HotSpot(TM) 64-Bit Server VM (25.201-b09) for linux-amd64 JRE (1.8.0_201-b09), built on Dec 15 2018 11:35:59 by "java_re" with gcc 7.3.0

time: Thu Dec 26 15:30:11 2019
timezone: CST
elapsed time: 0 seconds (0d 0h 0m 0s)

