#
# A fatal error has been detected by the Java Runtime Environment:
#
#  SIGSEGV (0xb) at pc=0x00007ff748b197d2, pid=32673, tid=0x00007ff743fff700
#
# JRE version: Java(TM) SE Runtime Environment (8.0_201-b09) (build 1.8.0_201-b09)
# Java VM: Java HotSpot(TM) 64-Bit Server VM (25.201-b09 mixed mode linux-amd64 compressed oops)
# Problematic frame:
# C  [librocksdbjni4727898718603177266.so+0x5947d2]  ZSTD_decompressBegin+0x2
#
# Failed to write core dump. Core dumps have been disabled. To enable core dumping, try "ulimit -c unlimited" before starting Java again
#
# If you would like to submit a bug report, please visit:
#   http://bugreport.java.com/bugreport/crash.jsp
#

---------------  T H R E A D  ---------------

Current thread is native thread

siginfo: si_signo: 11 (SIGSEGV), si_code: 1 (SEGV_MAPERR), si_addr: 0x0000000000007110

Registers:
RAX=0x0000000000000000, RBX=0x0000000000000000, RCX=0x00007ff6e801fb3a, RDX=0x0000000000000000
RSP=0x00007ff743ffccd8, RBP=0x00007ff748569158, RSI=0x00007ff748569158, RDI=0x0000000000000000
R8 =0x00000000000002e0, R9 =0x00007ff748569158, R10=0x00007ff743ffc720, R11=0x00007ff748b197d0
R12=0x0000000000000000, R13=0x00000000000002e0, R14=0x00007ff6e801d8c0, R15=0x0000000000000490
RIP=0x00007ff748b197d2, EFLAGS=0x0000000000010246, CSGSFS=0x0000000000000033, ERR=0x0000000000000004
  TRAPNO=0x000000000000000e

Top of Stack: (sp=0x00007ff743ffccd8)
0x00007ff743ffccd8:   00007ff748b198a2 00007ff6e801b9a0
0x00007ff743ffcce8:   0000000000000000 00007ff6e801fb3a
0x00007ff743ffccf8:   00007ff748b19da5 000000770000006e
0x00007ff743ffcd08:   0000000000000000 00007ff748569158
0x00007ff743ffcd18:   00007ff6e801d8c0 00007ff743ffcd64
0x00007ff743ffcd28:   0000000000000000 000000000000007c
0x00007ff743ffcd38:   0000000000000000 0000000000000000
0x00007ff743ffcd48:   0000000000000000 cafebabecafebabe
0x00007ff743ffcd58:   0000000000000000 0000000000000000
0x00007ff743ffcd68:   00007ff6e8000020 0000000000000490
0x00007ff743ffcd78:   00007ff6e801b9a0 00007ff743ffcf70
0x00007ff743ffcd88:   00007ff743ffd000 00007ff743ffd060
0x00007ff743ffcd98:   00007ff743ffd040 00007ff6e801fb38
0x00007ff743ffcda8:   00007ff748b1a19f 0000000000000000
0x00007ff743ffcdb8:   0000000000000000 0000000000000a97
0x00007ff743ffcdc8:   00007ff748989048 0000000000000000
0x00007ff743ffcdd8:   00007ff74898a338 00007ff6e801fb3a
0x00007ff743ffcde8:   00000000000002e2 0000000000000000
0x00007ff743ffcdf8:   0000000000000000 00007ff6e8000990
0x00007ff743ffce08:   0000049000000001 0000000000000000
0x00007ff743ffce18:   0000000000000000 00007ff748e2d3e0
0x00007ff743ffce28:   0000000000000000 00007ff743ffce70
0x00007ff743ffce38:   00007ff743ffd000 00007ff743ffcf30
0x00007ff743ffce48:   00007ff7489720fa 0000000000000000
0x00007ff743ffce58:   00007ff6e8000070 ffff8008bc003161
0x00007ff743ffce68:   00007ff743ffcea0 0000000000000000
0x00007ff743ffce78:   00007ff6e801d8c0 00007ff743ffd0f0
0x00007ff743ffce88:   00007ff743ffcfcf 00007ff6e801c068
0x00007ff743ffce98:   0000000000000002 00007ff743ffcf70
0x00007ff743ffcea8:   00007ff748958349 0000000000000000
0x00007ff743ffceb8:   0000000000000000 0000000000000000
0x00007ff743ffcec8:   00007ff6e8000020 00007ff6e8000020 

Instructions: (pc=0x00007ff748b197d2)
0x00007ff748b197b2:   4c 89 f6 4c 89 e7 e8 d3 9c bc ff 4c 89 ed e9 86
0x00007ff748b197c2:   fc ff ff 90 66 2e 0f 1f 84 00 00 00 00 00 31 c0
0x00007ff748b197d2:   83 bf 10 71 00 00 01 c7 87 a4 70 00 00 00 00 00
0x00007ff748b197e2:   00 48 c7 87 98 70 00 00 00 00 00 00 48 c7 87 48 

Register to memory mapping:

RAX=0x0000000000000000 is an unknown value
RBX=0x0000000000000000 is an unknown value
RCX=0x00007ff6e801fb3a is an unknown value
RDX=0x0000000000000000 is an unknown value
RSP=0x00007ff743ffccd8 is an unknown value
RBP=0x00007ff748569158: <offset 0x37b158> in /lib64/libstdc++.so.6 at 0x00007ff7481ee000
RSI=0x00007ff748569158: <offset 0x37b158> in /lib64/libstdc++.so.6 at 0x00007ff7481ee000
RDI=0x0000000000000000 is an unknown value
R8 =0x00000000000002e0 is an unknown value
R9 =0x00007ff748569158: <offset 0x37b158> in /lib64/libstdc++.so.6 at 0x00007ff7481ee000
R10=0x00007ff743ffc720 is an unknown value
R11=0x00007ff748b197d0: ZSTD_decompressBegin+0 in /tmp/librocksdbjni4727898718603177266.so at 0x00007ff748585000
R12=0x0000000000000000 is an unknown value
R13=0x00000000000002e0 is an unknown value
R14=0x00007ff6e801d8c0 is an unknown value
R15=0x0000000000000490 is an unknown value


Stack: [0x00007ff743800000,0x00007ff744000000],  sp=0x00007ff743ffccd8,  free space=8179k
Native frames: (J=compiled Java code, j=interpreted, Vv=VM code, C=native code)
C  [librocksdbjni4727898718603177266.so+0x5947d2]  ZSTD_decompressBegin+0x2


---------------  P R O C E S S  ---------------

VM state:not at safepoint (normal execution)

VM Mutex/Monitor currently owned by a thread: None

heap address: 0x00000006c9a00000, size: 3942 MB, Compressed Oops mode: Zero based, Oop shift amount: 3
Narrow klass base: 0x0000000000000000, Narrow klass shift: 3
Compressed class space size: 1073741824 Address: 0x00000007c0000000

Heap:
 PSYoungGen      total 74240K, used 9153K [0x000000076de00000, 0x0000000776f00000, 0x00000007c0000000)
  eden space 64000K, 2% used [0x000000076de00000,0x000000076dfdcdf0,0x0000000771c80000)
  from space 10240K, 70% used [0x0000000771c80000,0x0000000772393908,0x0000000772680000)
  to   space 10240K, 0% used [0x0000000776500000,0x0000000776500000,0x0000000776f00000)
 ParOldGen       total 169472K, used 16K [0x00000006c9a00000, 0x00000006d3f80000, 0x000000076de00000)
  object space 169472K, 0% used [0x00000006c9a00000,0x00000006c9a04000,0x00000006d3f80000)
 Metaspace       used 10707K, capacity 10958K, committed 11264K, reserved 1058816K
  class space    used 1183K, capacity 1218K, committed 1280K, reserved 1048576K

Card table byte_map: [0x00007ff765253000,0x00007ff765a07000] byte_map_base: 0x00007ff761c06000

Marking Bits: (ParMarkBitMap*) 0x00007ff767d14d80
 Begin Bits: [0x00007ff71c4d0000, 0x00007ff720268000)
 End Bits:   [0x00007ff720268000, 0x00007ff724000000)

Polling page: 0x00007ff768957000

CodeCache: size=245760Kb used=3407Kb max_used=3419Kb free=242352Kb
 bounds [0x00007ff751000000, 0x00007ff751360000, 0x00007ff760000000]
 total_blobs=1248 nmethods=860 adapters=302
 compilation: enabled

Compilation events (10 events):
Event: 0.669 Thread 0x00007ff760434000 nmethod 859 0x00007ff751353110 code [0x00007ff751353340, 0x00007ff751353fe8]
Event: 0.669 Thread 0x00007ff760434000  858       3       java.util.jar.JarFile::getManifest (5 bytes)
Event: 0.669 Thread 0x00007ff760434000 nmethod 858 0x00007ff751352050 code [0x00007ff7513521c0, 0x00007ff751352348]
Event: 0.670 Thread 0x00007ff76042e000 nmethod 857 0x00007ff751351bd0 code [0x00007ff751351d40, 0x00007ff751351f48]
Event: 0.670 Thread 0x00007ff76042e000  856       4       java.util.jar.JarFile::getEntry (22 bytes)
Event: 0.672 Thread 0x00007ff76042e000 nmethod 856 0x00007ff751357a90 code [0x00007ff751357be0, 0x00007ff751357da8]
Event: 0.675 Thread 0x00007ff760431800 nmethod 855 0x00007ff751357e90 code [0x00007ff751358000, 0x00007ff7513584d8]
Event: 0.680 Thread 0x00007ff76042c000 nmethod 854 0x00007ff751354f90 code [0x00007ff7513551e0, 0x00007ff751355cc0]
Event: 0.836 Thread 0x00007ff760434000  860       3       java.lang.Integer::numberOfLeadingZeros (76 bytes)
Event: 0.836 Thread 0x00007ff760434000 nmethod 860 0x00007ff751354b10 code [0x00007ff751354c80, 0x00007ff751354f30]

GC Heap History (2 events):
Event: 0.592 GC heap before
{Heap before GC invocations=1 (full 0):
 PSYoungGen      total 74240K, used 64000K [0x000000076de00000, 0x0000000773080000, 0x00000007c0000000)
  eden space 64000K, 100% used [0x000000076de00000,0x0000000771c80000,0x0000000771c80000)
  from space 10240K, 0% used [0x0000000772680000,0x0000000772680000,0x0000000773080000)
  to   space 10240K, 0% used [0x0000000771c80000,0x0000000771c80000,0x0000000772680000)
 ParOldGen       total 169472K, used 0K [0x00000006c9a00000, 0x00000006d3f80000, 0x000000076de00000)
  object space 169472K, 0% used [0x00000006c9a00000,0x00000006c9a00000,0x00000006d3f80000)
 Metaspace       used 10104K, capacity 10318K, committed 10496K, reserved 1058816K
  class space    used 1114K, capacity 1154K, committed 1280K, reserved 1048576K
Event: 0.606 GC heap after
Heap after GC invocations=1 (full 0):
 PSYoungGen      total 74240K, used 7246K [0x000000076de00000, 0x0000000776f00000, 0x00000007c0000000)
  eden space 64000K, 0% used [0x000000076de00000,0x000000076de00000,0x0000000771c80000)
  from space 10240K, 70% used [0x0000000771c80000,0x0000000772393908,0x0000000772680000)
  to   space 10240K, 0% used [0x0000000776500000,0x0000000776500000,0x0000000776f00000)
 ParOldGen       total 169472K, used 16K [0x00000006c9a00000, 0x00000006d3f80000, 0x000000076de00000)
  object space 169472K, 0% used [0x00000006c9a00000,0x00000006c9a04000,0x00000006d3f80000)
 Metaspace       used 10104K, capacity 10318K, committed 10496K, reserved 1058816K
  class space    used 1114K, capacity 1154K, committed 1280K, reserved 1048576K
}

Deoptimization events (10 events):
Event: 0.445 Thread 0x00007ff76000e000 Uncommon trap: reason=unstable_if action=reinterpret pc=0x00007ff7512ce134 method=java.math.BigInteger.<init>([II)V @ 7
Event: 0.470 Thread 0x00007ff76000e000 Uncommon trap: reason=unstable_if action=reinterpret pc=0x00007ff7512a3d30 method=sun.misc.MetaIndex.mayContain(Ljava/lang/String;)Z @ 13
Event: 0.470 Thread 0x00007ff76000e000 Uncommon trap: reason=unstable_if action=reinterpret pc=0x00007ff751232044 method=sun.misc.MetaIndex.mayContain(Ljava/lang/String;)Z @ 13
Event: 0.470 Thread 0x00007ff76000e000 Uncommon trap: reason=unstable_if action=reinterpret pc=0x00007ff751275214 method=java.lang.String.lastIndexOf([CII[CIII)I @ 66
Event: 0.529 Thread 0x00007ff76000e000 Uncommon trap: reason=unstable_if action=reinterpret pc=0x00007ff7512781f8 method=java.util.HashMap.getNode(ILjava/lang/Object;)Ljava/util/HashMap$Node; @ 116
Event: 0.529 Thread 0x00007ff76000e000 Uncommon trap: reason=unstable_if action=reinterpret pc=0x00007ff75125a9b4 method=java.util.HashMap.getNode(ILjava/lang/Object;)Ljava/util/HashMap$Node; @ 116
Event: 0.547 Thread 0x00007ff76000e000 Uncommon trap: reason=unstable_if action=reinterpret pc=0x00007ff7512dffe4 method=java.lang.Integer.numberOfLeadingZeros(I)I @ 1
Event: 0.565 Thread 0x00007ff76000e000 Uncommon trap: reason=unstable_if action=reinterpret pc=0x00007ff7511fefac method=java.lang.String.replace(CC)Ljava/lang/String; @ 26
Event: 0.580 Thread 0x00007ff76000e000 Uncommon trap: reason=unstable_if action=reinterpret pc=0x00007ff75131c70c method=java.util.HashMap.resize()[Ljava/util/HashMap$Node; @ 56
Event: 0.607 Thread 0x00007ff76000e000 Uncommon trap: reason=unstable_if action=reinterpret pc=0x00007ff7512faeec method=java.lang.String.substring(I)Ljava/lang/String; @ 35

Classes redefined (0 events):
No events

Internal exceptions (10 events):
Event: 0.099 Thread 0x00007ff76000e000 Exception <a 'java/security/PrivilegedActionException'> (0x000000076e305f08) thrown at [/HUDSON/workspace/8-2-build-linux-amd64/jdk8u201/12317/hotspot/src/share/vm/prims/jvm.cpp, line 1502]
Event: 0.099 Thread 0x00007ff76000e000 Exception <a 'java/security/PrivilegedActionException'> (0x000000076e306118) thrown at [/HUDSON/workspace/8-2-build-linux-amd64/jdk8u201/12317/hotspot/src/share/vm/prims/jvm.cpp, line 1502]
Event: 0.099 Thread 0x00007ff76000e000 Exception <a 'java/lang/NoClassDefFoundError': org/slf4j/impl/StaticLoggerBinder> (0x000000076e311790) thrown at [/HUDSON/workspace/8-2-build-linux-amd64/jdk8u201/12317/hotspot/src/share/vm/classfile/systemDictionary.cpp, line 199]
Event: 0.523 Thread 0x00007ff76000e000 Exception <a 'java/lang/ArrayIndexOutOfBoundsException': 54> (0x0000000771818598) thrown at [/HUDSON/workspace/8-2-build-linux-amd64/jdk8u201/12317/hotspot/src/share/vm/interpreter/interpreterRuntime.cpp, line 368]
Event: 0.524 Thread 0x00007ff76000e000 Exception <a 'java/lang/ArrayIndexOutOfBoundsException': 18> (0x000000077181d000) thrown at [/HUDSON/workspace/8-2-build-linux-amd64/jdk8u201/12317/hotspot/src/share/vm/interpreter/interpreterRuntime.cpp, line 368]
Event: 0.524 Thread 0x00007ff76000e000 Exception <a 'java/lang/ArrayIndexOutOfBoundsException': 67> (0x000000077181eb78) thrown at [/HUDSON/workspace/8-2-build-linux-amd64/jdk8u201/12317/hotspot/src/share/vm/interpreter/interpreterRuntime.cpp, line 368]
Event: 0.537 Thread 0x00007ff76000e000 Exception <a 'java/lang/ArrayIndexOutOfBoundsException': 54> (0x00000007718cc4f8) thrown at [/HUDSON/workspace/8-2-build-linux-amd64/jdk8u201/12317/hotspot/src/share/vm/interpreter/interpreterRuntime.cpp, line 368]
Event: 0.567 Thread 0x00007ff76000e000 Exception <a 'java/lang/ArrayIndexOutOfBoundsException'> (0x0000000771a83720) thrown at [/HUDSON/workspace/8-2-build-linux-amd64/jdk8u201/12317/hotspot/src/share/vm/runtime/sharedRuntime.cpp, line 605]
Event: 0.567 Thread 0x00007ff76000e000 Exception <a 'java/lang/ArrayIndexOutOfBoundsException'> (0x0000000771a85a08) thrown at [/HUDSON/workspace/8-2-build-linux-amd64/jdk8u201/12317/hotspot/src/share/vm/runtime/sharedRuntime.cpp, line 605]
Event: 0.671 Thread 0x00007ff76000e000 Exception <a 'sun/nio/fs/UnixException'> (0x000000076ded5a80) thrown at [/HUDSON/workspace/8-2-build-linux-amd64/jdk8u201/12317/hotspot/src/share/vm/prims/jni.cpp, line 709]

Events (10 events):
Event: 0.671 loading class sun/nio/fs/AbstractBasicFileAttributeView done
Event: 0.671 loading class sun/nio/fs/UnixFileAttributeViews$Basic done
Event: 0.671 loading class sun/nio/fs/UnixFileAttributes$UnixAsBasicFileAttributes
Event: 0.671 loading class sun/nio/fs/UnixFileAttributes$UnixAsBasicFileAttributes done
Event: 0.671 loading class sun/nio/fs/UnixException
Event: 0.671 loading class sun/nio/fs/UnixException done
Event: 0.671 loading class java/nio/file/FileAlreadyExistsException
Event: 0.671 loading class java/nio/file/FileSystemException
Event: 0.671 loading class java/nio/file/FileSystemException done
Event: 0.671 loading class java/nio/file/FileAlreadyExistsException done


Dynamic libraries:
00400000-00401000 r-xp 00000000 08:03 100663423                          /usr/java/jdk1.8.0_201-amd64/bin/java
00600000-00601000 r--p 00000000 08:03 100663423                          /usr/java/jdk1.8.0_201-amd64/bin/java
00601000-00602000 rw-p 00001000 08:03 100663423                          /usr/java/jdk1.8.0_201-amd64/bin/java
00e50000-00e71000 rw-p 00000000 00:00 0                                  [heap]
6c9a00000-6d3f80000 rw-p 00000000 00:00 0 
6d3f80000-76de00000 ---p 00000000 00:00 0 
76de00000-776f00000 rw-p 00000000 00:00 0 
776f00000-7c0000000 ---p 00000000 00:00 0 
7c0000000-7c0140000 rw-p 00000000 00:00 0 
7c0140000-800000000 ---p 00000000 00:00 0 
7ff6c4000000-7ff6c4021000 rw-p 00000000 00:00 0 
7ff6c4021000-7ff6c8000000 ---p 00000000 00:00 0 
7ff6cb7ff000-7ff6cb800000 ---p 00000000 00:00 0 
7ff6cb800000-7ff6cc000000 rw-p 00000000 00:00 0 
7ff6cc000000-7ff6cc021000 rw-p 00000000 00:00 0 
7ff6cc021000-7ff6d0000000 ---p 00000000 00:00 0 
7ff6d0000000-7ff6d0021000 rw-p 00000000 00:00 0 
7ff6d0021000-7ff6d4000000 ---p 00000000 00:00 0 
7ff6d4000000-7ff6d4021000 rw-p 00000000 00:00 0 
7ff6d4021000-7ff6d8000000 ---p 00000000 00:00 0 
7ff6d8000000-7ff6d8021000 rw-p 00000000 00:00 0 
7ff6d8021000-7ff6dc000000 ---p 00000000 00:00 0 
7ff6dc000000-7ff6dc021000 rw-p 00000000 00:00 0 
7ff6dc021000-7ff6e0000000 ---p 00000000 00:00 0 
7ff6e0000000-7ff6e0021000 rw-p 00000000 00:00 0 
7ff6e0021000-7ff6e4000000 ---p 00000000 00:00 0 
7ff6e4000000-7ff6e4021000 rw-p 00000000 00:00 0 
7ff6e4021000-7ff6e8000000 ---p 00000000 00:00 0 
7ff6e8000000-7ff6e802b000 rw-p 00000000 00:00 0 
7ff6e802b000-7ff6ec000000 ---p 00000000 00:00 0 
7ff6ec000000-7ff6ec22c000 rw-p 00000000 00:00 0 
7ff6ec22c000-7ff6f0000000 ---p 00000000 00:00 0 
7ff6f0000000-7ff6f0021000 rw-p 00000000 00:00 0 
7ff6f0021000-7ff6f4000000 ---p 00000000 00:00 0 
7ff6f4000000-7ff6f4308000 rw-p 00000000 00:00 0 
7ff6f4308000-7ff6f8000000 ---p 00000000 00:00 0 
7ff6f8000000-7ff6f81fd000 rw-p 00000000 00:00 0 
7ff6f81fd000-7ff6fc000000 ---p 00000000 00:00 0 
7ff6fc000000-7ff6fc061000 rw-p 00000000 00:00 0 
7ff6fc061000-7ff700000000 ---p 00000000 00:00 0 
7ff700000000-7ff7001ca000 rw-p 00000000 00:00 0 
7ff7001ca000-7ff704000000 ---p 00000000 00:00 0 
7ff704000000-7ff704021000 rw-p 00000000 00:00 0 
7ff704021000-7ff708000000 ---p 00000000 00:00 0 
7ff7082d3000-7ff7082d4000 ---p 00000000 00:00 0 
7ff7082d4000-7ff708ad4000 rw-p 00000000 00:00 0 
7ff708ad4000-7ff708ad5000 ---p 00000000 00:00 0 
7ff708ad5000-7ff7092d5000 rw-p 00000000 00:00 0 
7ff7092d5000-7ff7092d6000 ---p 00000000 00:00 0 
7ff7092d6000-7ff709ad6000 rw-p 00000000 00:00 0 
7ff709ad6000-7ff710000000 r--p 00000000 08:03 102692204                  /usr/lib/locale/locale-archive
7ff710000000-7ff710021000 rw-p 00000000 00:00 0 
7ff710021000-7ff714000000 ---p 00000000 00:00 0 
7ff714000000-7ff714021000 rw-p 00000000 00:00 0 
7ff714021000-7ff718000000 ---p 00000000 00:00 0 
7ff718000000-7ff718021000 rw-p 00000000 00:00 0 
7ff718021000-7ff71c000000 ---p 00000000 00:00 0 
7ff71c4d0000-7ff724000000 rw-p 00000000 00:00 0 
7ff724000000-7ff724021000 rw-p 00000000 00:00 0 
7ff724021000-7ff728000000 ---p 00000000 00:00 0 
7ff728000000-7ff728021000 rw-p 00000000 00:00 0 
7ff728021000-7ff72c000000 ---p 00000000 00:00 0 
7ff72c000000-7ff72c021000 rw-p 00000000 00:00 0 
7ff72c021000-7ff730000000 ---p 00000000 00:00 0 
7ff734000000-7ff734021000 rw-p 00000000 00:00 0 
7ff734021000-7ff738000000 ---p 00000000 00:00 0 
7ff738000000-7ff738021000 rw-p 00000000 00:00 0 
7ff738021000-7ff73c000000 ---p 00000000 00:00 0 
7ff73c000000-7ff73c021000 rw-p 00000000 00:00 0 
7ff73c021000-7ff740000000 ---p 00000000 00:00 0 
7ff7427fd000-7ff7427fe000 ---p 00000000 00:00 0 
7ff7427fe000-7ff742ffe000 rw-p 00000000 00:00 0 
7ff742ffe000-7ff742fff000 ---p 00000000 00:00 0 
7ff742fff000-7ff7437ff000 rw-p 00000000 00:00 0 
7ff7437ff000-7ff743800000 ---p 00000000 00:00 0 
7ff743800000-7ff744000000 rw-p 00000000 00:00 0 
7ff744000000-7ff744021000 rw-p 00000000 00:00 0 
7ff744021000-7ff748000000 ---p 00000000 00:00 0 
7ff7481ee000-7ff74835a000 r-xp 00000000 08:03 33823638                   /usr/lib64/libstdc++.so.6.0.21
7ff74835a000-7ff74855a000 ---p 0016c000 08:03 33823638                   /usr/lib64/libstdc++.so.6.0.21
7ff74855a000-7ff748564000 r--p 0016c000 08:03 33823638                   /usr/lib64/libstdc++.so.6.0.21
7ff748564000-7ff748566000 rw-p 00176000 08:03 33823638                   /usr/lib64/libstdc++.so.6.0.21
7ff748566000-7ff74856a000 rw-p 00000000 00:00 0 
7ff748585000-7ff748c11000 r-xp 00000000 08:03 72618390                   /tmp/librocksdbjni4727898718603177266.so
7ff748c11000-7ff748e10000 ---p 0068c000 08:03 72618390                   /tmp/librocksdbjni4727898718603177266.so
7ff748e10000-7ff748e22000 r--p 0068b000 08:03 72618390                   /tmp/librocksdbjni4727898718603177266.so
7ff748e22000-7ff748e2b000 rw-p 0069d000 08:03 72618390                   /tmp/librocksdbjni4727898718603177266.so
7ff748e2b000-7ff748e32000 rw-p 00000000 00:00 0 
7ff748e32000-7ff748e47000 r-xp 00000000 08:03 33632321                   /usr/lib64/libz.so.1.2.7
7ff748e47000-7ff749046000 ---p 00015000 08:03 33632321                   /usr/lib64/libz.so.1.2.7
7ff749046000-7ff749047000 r--p 00014000 08:03 33632321                   /usr/lib64/libz.so.1.2.7
7ff749047000-7ff749048000 rw-p 00015000 08:03 33632321                   /usr/lib64/libz.so.1.2.7
7ff749048000-7ff749208000 rw-p 00000000 00:00 0 
7ff749208000-7ff749248000 ---p 00000000 00:00 0 
7ff749248000-7ff74925d000 r-xp 00000000 08:03 37134893                   /usr/lib64/libgcc_s-4.8.5-20150702.so.1
7ff74925d000-7ff74945c000 ---p 00015000 08:03 37134893                   /usr/lib64/libgcc_s-4.8.5-20150702.so.1
7ff74945c000-7ff74945d000 r--p 00014000 08:03 37134893                   /usr/lib64/libgcc_s-4.8.5-20150702.so.1
7ff74945d000-7ff74945e000 rw-p 00015000 08:03 37134893                   /usr/lib64/libgcc_s-4.8.5-20150702.so.1
7ff749472000-7ff749473000 rw-p 00000000 00:00 0 
7ff749473000-7ff749479000 r--s 0003e000 08:03 9758                       /usr/java/jdk1.8.0_201-amd64/jre/lib/ext/sunjce_provider.jar
7ff749479000-7ff7494b1000 r-xp 00000000 08:03 33630921                   /usr/java/jdk1.8.0_201-amd64/jre/lib/amd64/libsunec.so
7ff7494b1000-7ff7496b0000 ---p 00038000 08:03 33630921                   /usr/java/jdk1.8.0_201-amd64/jre/lib/amd64/libsunec.so
7ff7496b0000-7ff7496b5000 r--p 00037000 08:03 33630921                   /usr/java/jdk1.8.0_201-amd64/jre/lib/amd64/libsunec.so
7ff7496b5000-7ff7496b7000 rw-p 0003c000 08:03 33630921                   /usr/java/jdk1.8.0_201-amd64/jre/lib/amd64/libsunec.so
7ff7496b7000-7ff7496c8000 r-xp 00000000 08:03 34414932                   /usr/java/jdk1.8.0_201-amd64/jre/lib/amd64/libnio.so
7ff7496c8000-7ff7498c7000 ---p 00011000 08:03 34414932                   /usr/java/jdk1.8.0_201-amd64/jre/lib/amd64/libnio.so
7ff7498c7000-7ff7498c8000 r--p 00010000 08:03 34414932                   /usr/java/jdk1.8.0_201-amd64/jre/lib/amd64/libnio.so
7ff7498c8000-7ff7498c9000 rw-p 00011000 08:03 34414932                   /usr/java/jdk1.8.0_201-amd64/jre/lib/amd64/libnio.so
7ff7498c9000-7ff7498cb000 r--s 00009000 08:03 9757                       /usr/java/jdk1.8.0_201-amd64/jre/lib/ext/sunec.jar
7ff7498cb000-7ff7498ce000 r--s 0001a000 08:03 9782                       /usr/java/jdk1.8.0_201-amd64/jre/lib/jce.jar
7ff7498ce000-7ff7498d3000 r--s 000a0000 08:03 2082813                    /usr/java/jdk1.8.0_201-amd64/jre/lib/jsse.jar
7ff7498d3000-7ff7498d4000 ---p 00000000 00:00 0 
7ff7498d4000-7ff7499d4000 rw-p 00000000 00:00 0 
7ff7499d4000-7ff7499d7000 ---p 00000000 00:00 0 
7ff7499d7000-7ff749ad5000 rw-p 00000000 00:00 0 
7ff749ad5000-7ff749aeb000 r-xp 00000000 08:03 33630977                   /usr/java/jdk1.8.0_201-amd64/jre/lib/amd64/libnet.so
7ff749aeb000-7ff749ceb000 ---p 00016000 08:03 33630977                   /usr/java/jdk1.8.0_201-amd64/jre/lib/amd64/libnet.so
7ff749ceb000-7ff749cec000 r--p 00016000 08:03 33630977                   /usr/java/jdk1.8.0_201-amd64/jre/lib/amd64/libnet.so
7ff749cec000-7ff749ced000 rw-p 00017000 08:03 33630977                   /usr/java/jdk1.8.0_201-amd64/jre/lib/amd64/libnet.so
7ff749ced000-7ff749cf1000 ---p 00000000 00:00 0 
7ff749cf1000-7ff749dee000 rw-p 00000000 00:00 0 
7ff749dee000-7ff749df2000 ---p 00000000 00:00 0 
7ff749df2000-7ff749eef000 rw-p 00000000 00:00 0 
7ff749eef000-7ff749ef3000 ---p 00000000 00:00 0 
7ff749ef3000-7ff749ff0000 rw-p 00000000 00:00 0 
7ff749ff0000-7ff749ff4000 ---p 00000000 00:00 0 
7ff749ff4000-7ff74a0f1000 rw-p 00000000 00:00 0 
7ff74a0f1000-7ff74a0f4000 ---p 00000000 00:00 0 
7ff74a0f4000-7ff74a1f2000 rw-p 00000000 00:00 0 
7ff74a1f2000-7ff74a1f4000 r--s 0001a000 08:12 2490470                    /home/kay/workspace/tools/idea/lib/idea_rt.jar
7ff74a1f4000-7ff74a1fb000 r--s 0004b000 08:05 37365426                   /home/kay/.gradle/caches/modules-2/files-2.1/commons-codec/commons-codec/1.11/3acb4705652e16236558f0f4f2192cc33c3bd189/commons-codec-1.11.jar
7ff74a1fb000-7ff74a1fd000 r--s 00009000 08:05 796888                     /home/kay/.gradle/caches/modules-2/files-2.1/org.hamcrest/hamcrest-core/1.3/42a25dc3219429f0e5d060061f71acb49bf010a0/hamcrest-core-1.3.jar
7ff74a1fd000-7ff74a1ff000 r--s 00009000 08:05 101015479                  /home/kay/.gradle/caches/modules-2/files-2.1/org.slf4j/slf4j-api/1.7.25/da76ca59f6a57ee3102f8f9bd9cee742973efa8a/slf4j-api-1.7.25.jar
7ff74a1ff000-7ff74a201000 r--s 00003000 08:05 102482786                  /home/kay/.gradle/caches/modules-2/files-2.1/com.google.code.findbugs/jsr305/3.0.2/25ea2e8b0c338a877313bd4672d3fe056ea78f0d/jsr305-3.0.2.jar
7ff74a201000-7ff74a209000 r--s 00045000 08:05 101841453                  /home/kay/.gradle/caches/modules-2/files-2.1/junit/junit/4.12/2973d150c0dc1fefe998f834810d68f278ea58ec/junit-4.12.jar
7ff74a209000-7ff74a20b000 r--s 00015000 08:05 35471598                   /home/kay/.gradle/caches/modules-2/files-2.1/org.eclipse.jetty/jetty-security/9.4.11.v20180605/926def86d31ee07ca4b4658833dc6ee6918b8e86/jetty-security-9.4.11.v20180605.jar
7ff74a20b000-7ff74a214000 r--s 00044000 08:05 101507937                  /home/kay/.gradle/caches/modules-2/files-2.1/org.springframework/spring-tx/5.2.0.RELEASE/630fdb60bb48ceb7274fbf69b4082a0b5d684bc0/spring-tx-5.2.0.RELEASE.jar
7ff74a214000-7ff74a242000 r--s 002c2000 08:05 101020419                  /home/kay/.gradle/caches/modules-2/files-2.1/com.madgag.spongycastle/core/1.58.0.0/e08789f8f1e74f155db8b69c3575b5cb213c156c/core-1.58.0.0.jar
7ff74a242000-7ff74a24a000 r--s 00089000 08:05 2258                       /home/kay/.gradle/caches/modules-2/files-2.1/org.eclipse.jetty/jetty-server/9.4.11.v20180605/58353c2f27515b007fc83ae22002feb34fc24714/jetty-server-9.4.11.v20180605.jar
7ff74a24a000-7ff74a257000 r--s 0009b000 08:05 105728779                  /home/kay/.gradle/caches/modules-2/files-2.1/org.springframework/spring-beans/5.2.0.RELEASE/3ae97694618c59e6af695a15e54fabb7e319776/spring-beans-5.2.0.RELEASE.jar
7ff74a257000-7ff74a25a000 r--s 0001e000 08:05 35471609                   /home/kay/.gradle/caches/modules-2/files-2.1/org.eclipse.jetty/jetty-io/9.4.11.v20180605/d164de1dac18c4ca80a1b783d879c97449909c3b/jetty-io-9.4.11.v20180605.jar
7ff74a25a000-7ff74a263000 r--s 00052000 08:05 35471569                   /home/kay/.gradle/caches/modules-2/files-2.1/org.springframework/spring-aop/5.2.0.RELEASE/7031d44f063ea68e49b881a985967e7f2c144f3b/spring-aop-5.2.0.RELEASE.jar
7ff74a263000-7ff74a26a000 r--s 00058000 08:05 70048383                   /home/kay/.gradle/caches/modules-2/files-2.1/org.apache.commons/commons-lang3/3.2.1/66f13681add50ca9e4546ffabafaaac7645db3cf/commons-lang3-3.2.1.jar
7ff74a26a000-7ff74a291000 r--s 00150000 08:05 67332915                   /home/kay/.gradle/caches/modules-2/files-2.1/com.madgag.spongycastle/prov/1.58.0.0/2e2c2f624ed91eb40e690e3596c98439b1b50f2a/prov-1.58.0.0.jar
7ff74a291000-7ff74a294000 r--s 0002d000 08:05 69178529                   /home/kay/.gradle/caches/modules-2/files-2.1/org.eclipse.jetty/jetty-http/9.4.11.v20180605/20c35f5336befe35b0bd5c4a63e07170fe7872d7/jetty-http-9.4.11.v20180605.jar
7ff74a294000-7ff74a29a000 r--s 00f18000 08:05 76750170                   /home/kay/.gradle/caches/modules-2/files-2.1/org.rocksdb/rocksdbjni/6.2.4/84e100f19e06f324727c2a723e793ae49c98af6a/rocksdbjni-6.2.4.jar
7ff74a29a000-7ff74a29e000 r--s 0000c000 08:05 35270219                   /home/kay/.gradle/caches/modules-2/files-2.1/javax.validation/validation-api/1.1.0.Final/8613ae82954779d518631e05daa73a6a954817d5/validation-api-1.1.0.Final.jar
7ff74a29e000-7ff74a2a1000 r--s 00020000 08:05 71174228                   /home/kay/.gradle/caches/modules-2/files-2.1/com.github.briandilley.jsonrpc4j/jsonrpc4j/1.5.3/5d7ce716b092558bb30b419a04c37d8d54145579/jsonrpc4j-1.5.3.jar
7ff74a2a1000-7ff74a2a6000 r--s 00051000 08:05 71353445                   /home/kay/.gradle/caches/modules-2/files-2.1/com.fasterxml.jackson.core/jackson-core/2.10.0/4e2c5fa04648ec9772c63e2101c53af6504e624e/jackson-core-2.10.0.jar
7ff74a2a6000-7ff74a2ad000 r--s 0007d000 08:05 698608                     /home/kay/.gradle/caches/modules-2/files-2.1/com.alibaba/fastjson/1.2.44/1dbb13ed90bab048d51559dbb17374d1bbf096fc/fastjson-1.2.44.jar
7ff74a2ad000-7ff74a2c3000 r--s 00141000 08:05 34354677                   /home/kay/.gradle/caches/modules-2/files-2.1/com.fasterxml.jackson.core/jackson-databind/2.10.0/1127c9cf62f2bb3121a3a2a0a1351d251a602117/jackson-databind-2.10.0.jar
7ff74a2c3000-7ff74a2c8000 r--s 00043000 08:05 102202533                  /home/kay/.gradle/caches/modules-2/files-2.1/com.typesafe/config/1.4.0/a8b341fe81552834edc231193afd6f56a96f0eff/config-1.4.0.jar
7ff74a2c8000-7ff74a2e3000 r--s 00142000 08:05 34326653                   /home/kay/.gradle/caches/modules-2/files-2.1/org.springframework/spring-core/5.2.0.RELEASE/e0e1b3c304f70ed19d7905975f6f990916ada219/spring-core-5.2.0.RELEASE.jar
7ff74a2e3000-7ff74a2e6000 ---p 00000000 00:00 0 
7ff74a2e6000-7ff74a3e4000 rw-p 00000000 00:00 0 
7ff74a3e4000-7ff74a3e7000 ---p 00000000 00:00 0 
7ff74a3e7000-7ff74a4e5000 rw-p 00000000 00:00 0 
7ff74a4e5000-7ff74a4e8000 ---p 00000000 00:00 0 
7ff74a4e8000-7ff74a5e6000 rw-p 00000000 00:00 0 
7ff74a5e6000-7ff74a5e7000 ---p 00000000 00:00 0 
7ff74a5e7000-7ff74c000000 rw-p 00000000 00:00 0 
7ff74c000000-7ff74c021000 rw-p 00000000 00:00 0 
7ff74c021000-7ff750000000 ---p 00000000 00:00 0 
7ff750000000-7ff750003000 r--s 0000e000 08:05 103517203                  /home/kay/.gradle/caches/modules-2/files-2.1/com.fasterxml.jackson.core/jackson-annotations/2.10.0/e01cfd93b80d6773b3f757c78e756c9755b47b81/jackson-annotations-2.10.0.jar
7ff750003000-7ff75001e000 r--s 0010e000 08:05 1137192                    /home/kay/.gradle/caches/modules-2/files-2.1/org.springframework/spring-context/5.2.0.RELEASE/a2638a8295f13ed8511c98a2379507677e1d16fa/spring-context-5.2.0.RELEASE.jar
7ff75001e000-7ff75004d000 r--s 00226000 08:05 37569322                   /home/kay/.gradle/caches/modules-2/files-2.1/com.google.guava/guava/20.0/89507701249388e1ed5ddcf8c41f4ce1be7831ef/guava-20.0.jar
7ff75004d000-7ff751000000 rw-p 00000000 00:00 0 
7ff751000000-7ff751360000 rwxp 00000000 00:00 0 
7ff751360000-7ff760000000 ---p 00000000 00:00 0 
7ff760000000-7ff76094e000 rw-p 00000000 00:00 0 
7ff76094e000-7ff764000000 ---p 00000000 00:00 0 
7ff764000000-7ff764001000 r--s 00009000 08:05 34396859                   /home/kay/.gradle/caches/modules-2/files-2.1/com.fasterxml.jackson.dataformat/jackson-dataformat-yaml/2.8.9/607f3253c20267e385c85f60c859760a73a29e37/jackson-dataformat-yaml-2.8.9.jar
7ff764001000-7ff764006000 r--s 00040000 08:05 69939161                   /home/kay/.gradle/caches/modules-2/files-2.1/org.springframework/spring-expression/5.2.0.RELEASE/ac6a616451129e717979f18d2bff40528698a46e/spring-expression-5.2.0.RELEASE.jar
7ff764006000-7ff764008000 r--s 0000a000 08:05 35195244                   /home/kay/.gradle/caches/modules-2/files-2.1/javax.portlet/portlet-api/2.0/1cd72f2a37fcf8ab9893a9468d7ba71c85fe2653/portlet-api-2.0.jar
7ff764008000-7ff76400b000 r--s 0001a000 08:05 34396861                   /home/kay/.gradle/caches/modules-2/files-2.1/io.swagger/swagger-models/2.0.0-rc0/8a278fe4412685ebee90d793c776e57be3cfacf2/swagger-models-2.0.0-rc0.jar
7ff76400b000-7ff764011000 r--s 0003d000 08:05 434004                     /home/kay/.gradle/caches/modules-2/files-2.1/org.yaml/snakeyaml/1.17/7a27ea250c5130b2922b86dea63cbb1cc10a660c/snakeyaml-1.17.jar
7ff764011000-7ff764019000 r--s 00072000 08:05 424341                     /home/kay/.gradle/caches/modules-2/files-2.1/org.eclipse.jetty/jetty-util/9.4.11.v20180605/f0f25aa2f27d618a04bc7356fa247ae4a05245b3/jetty-util-9.4.11.v20180605.jar
7ff764019000-7ff764060000 r--s 003a0000 08:05 486721                     /home/kay/.gradle/caches/modules-2/files-2.1/io.netty/netty-all/4.1.43.Final/f373e16375242903170434deba3cb8e7fd3bf622/netty-all-4.1.43.Final.jar
7ff764060000-7ff764075000 r--s 000ff000 08:03 9078                       /usr/java/jdk1.8.0_201-amd64/jre/lib/resources.jar
7ff764075000-7ff764088000 r--s 001a7000 08:03 2082809                    /usr/java/jdk1.8.0_201-amd64/jre/lib/plugin.jar
7ff764088000-7ff7642d9000 rw-p 00000000 00:00 0 
7ff7642d9000-7ff7644b3000 r--s 03d27000 08:03 2082812                    /usr/java/jdk1.8.0_201-amd64/jre/lib/rt.jar
7ff7644b3000-7ff764529000 rw-p 00000000 00:00 0 
7ff764529000-7ff76452a000 ---p 00000000 00:00 0 
7ff76452a000-7ff76462a000 rw-p 00000000 00:00 0 
7ff76462a000-7ff76462b000 ---p 00000000 00:00 0 
7ff76462b000-7ff76472b000 rw-p 00000000 00:00 0 
7ff76472b000-7ff76472c000 ---p 00000000 00:00 0 
7ff76472c000-7ff76482c000 rw-p 00000000 00:00 0 
7ff76482c000-7ff76482d000 ---p 00000000 00:00 0 
7ff76482d000-7ff76492d000 rw-p 00000000 00:00 0 
7ff76492d000-7ff76492e000 ---p 00000000 00:00 0 
7ff76492e000-7ff764a2e000 rw-p 00000000 00:00 0 
7ff764a2e000-7ff764a2f000 ---p 00000000 00:00 0 
7ff764a2f000-7ff764b2f000 rw-p 00000000 00:00 0 
7ff764b2f000-7ff764b30000 ---p 00000000 00:00 0 
7ff764b30000-7ff764c30000 rw-p 00000000 00:00 0 
7ff764c30000-7ff764c31000 ---p 00000000 00:00 0 
7ff764c31000-7ff764d84000 rw-p 00000000 00:00 0 
7ff764d84000-7ff765253000 ---p 00000000 00:00 0 
7ff765253000-7ff7652a6000 rw-p 00000000 00:00 0 
7ff7652a6000-7ff765775000 ---p 00000000 00:00 0 
7ff765775000-7ff7657be000 rw-p 00000000 00:00 0 
7ff7657be000-7ff765a06000 ---p 00000000 00:00 0 
7ff765a06000-7ff765a15000 rw-p 00000000 00:00 0 
7ff765a15000-7ff765dc7000 ---p 00000000 00:00 0 
7ff765dc7000-7ff765de2000 r-xp 00000000 08:03 33630925                   /usr/java/jdk1.8.0_201-amd64/jre/lib/amd64/libzip.so
7ff765de2000-7ff765fe1000 ---p 0001b000 08:03 33630925                   /usr/java/jdk1.8.0_201-amd64/jre/lib/amd64/libzip.so
7ff765fe1000-7ff765fe2000 r--p 0001a000 08:03 33630925                   /usr/java/jdk1.8.0_201-amd64/jre/lib/amd64/libzip.so
7ff765fe2000-7ff765fe3000 rw-p 0001b000 08:03 33630925                   /usr/java/jdk1.8.0_201-amd64/jre/lib/amd64/libzip.so
7ff765fe3000-7ff765fef000 r-xp 00000000 08:03 33555642                   /usr/lib64/libnss_files-2.17.so
7ff765fef000-7ff7661ee000 ---p 0000c000 08:03 33555642                   /usr/lib64/libnss_files-2.17.so
7ff7661ee000-7ff7661ef000 r--p 0000b000 08:03 33555642                   /usr/lib64/libnss_files-2.17.so
7ff7661ef000-7ff7661f0000 rw-p 0000c000 08:03 33555642                   /usr/lib64/libnss_files-2.17.so
7ff7661f0000-7ff7661f6000 rw-p 00000000 00:00 0 
7ff7661f6000-7ff766200000 r-xp 00000000 08:03 34785958                   /usr/java/jdk1.8.0_201-amd64/jre/lib/amd64/libinstrument.so
7ff766200000-7ff7663ff000 ---p 0000a000 08:03 34785958                   /usr/java/jdk1.8.0_201-amd64/jre/lib/amd64/libinstrument.so
7ff7663ff000-7ff766400000 r--p 00009000 08:03 34785958                   /usr/java/jdk1.8.0_201-amd64/jre/lib/amd64/libinstrument.so
7ff766400000-7ff766401000 rw-p 0000a000 08:03 34785958                   /usr/java/jdk1.8.0_201-amd64/jre/lib/amd64/libinstrument.so
7ff766401000-7ff76642d000 r-xp 00000000 08:03 34785963                   /usr/java/jdk1.8.0_201-amd64/jre/lib/amd64/libjava.so
7ff76642d000-7ff76662d000 ---p 0002c000 08:03 34785963                   /usr/java/jdk1.8.0_201-amd64/jre/lib/amd64/libjava.so
7ff76662d000-7ff76662e000 r--p 0002c000 08:03 34785963                   /usr/java/jdk1.8.0_201-amd64/jre/lib/amd64/libjava.so
7ff76662e000-7ff766630000 rw-p 0002d000 08:03 34785963                   /usr/java/jdk1.8.0_201-amd64/jre/lib/amd64/libjava.so
7ff766630000-7ff76663d000 r-xp 00000000 08:03 33630924                   /usr/java/jdk1.8.0_201-amd64/jre/lib/amd64/libverify.so
7ff76663d000-7ff76683c000 ---p 0000d000 08:03 33630924                   /usr/java/jdk1.8.0_201-amd64/jre/lib/amd64/libverify.so
7ff76683c000-7ff76683e000 r--p 0000c000 08:03 33630924                   /usr/java/jdk1.8.0_201-amd64/jre/lib/amd64/libverify.so
7ff76683e000-7ff76683f000 rw-p 0000e000 08:03 33630924                   /usr/java/jdk1.8.0_201-amd64/jre/lib/amd64/libverify.so
7ff76683f000-7ff766846000 r-xp 00000000 08:03 33555654                   /usr/lib64/librt-2.17.so
7ff766846000-7ff766a45000 ---p 00007000 08:03 33555654                   /usr/lib64/librt-2.17.so
7ff766a45000-7ff766a46000 r--p 00006000 08:03 33555654                   /usr/lib64/librt-2.17.so
7ff766a46000-7ff766a47000 rw-p 00007000 08:03 33555654                   /usr/lib64/librt-2.17.so
7ff766a47000-7ff766b48000 r-xp 00000000 08:03 33555632                   /usr/lib64/libm-2.17.so
7ff766b48000-7ff766d47000 ---p 00101000 08:03 33555632                   /usr/lib64/libm-2.17.so
7ff766d47000-7ff766d48000 r--p 00100000 08:03 33555632                   /usr/lib64/libm-2.17.so
7ff766d48000-7ff766d49000 rw-p 00101000 08:03 33555632                   /usr/lib64/libm-2.17.so
7ff766d49000-7ff767a31000 r-xp 00000000 08:03 100917971                  /usr/java/jdk1.8.0_201-amd64/jre/lib/amd64/server/libjvm.so
7ff767a31000-7ff767c30000 ---p 00ce8000 08:03 100917971                  /usr/java/jdk1.8.0_201-amd64/jre/lib/amd64/server/libjvm.so
7ff767c30000-7ff767cc6000 r--p 00ce7000 08:03 100917971                  /usr/java/jdk1.8.0_201-amd64/jre/lib/amd64/server/libjvm.so
7ff767cc6000-7ff767cf7000 rw-p 00d7d000 08:03 100917971                  /usr/java/jdk1.8.0_201-amd64/jre/lib/amd64/server/libjvm.so
7ff767cf7000-7ff767d32000 rw-p 00000000 00:00 0 
7ff767d32000-7ff767ef5000 r-xp 00000000 08:03 33555610                   /usr/lib64/libc-2.17.so
7ff767ef5000-7ff7680f5000 ---p 001c3000 08:03 33555610                   /usr/lib64/libc-2.17.so
7ff7680f5000-7ff7680f9000 r--p 001c3000 08:03 33555610                   /usr/lib64/libc-2.17.so
7ff7680f9000-7ff7680fb000 rw-p 001c7000 08:03 33555610                   /usr/lib64/libc-2.17.so
7ff7680fb000-7ff768100000 rw-p 00000000 00:00 0 
7ff768100000-7ff768102000 r-xp 00000000 08:03 33555630                   /usr/lib64/libdl-2.17.so
7ff768102000-7ff768302000 ---p 00002000 08:03 33555630                   /usr/lib64/libdl-2.17.so
7ff768302000-7ff768303000 r--p 00002000 08:03 33555630                   /usr/lib64/libdl-2.17.so
7ff768303000-7ff768304000 rw-p 00003000 08:03 33555630                   /usr/lib64/libdl-2.17.so
7ff768304000-7ff76831b000 r-xp 00000000 08:03 33630823                   /usr/java/jdk1.8.0_201-amd64/lib/amd64/jli/libjli.so
7ff76831b000-7ff76851a000 ---p 00017000 08:03 33630823                   /usr/java/jdk1.8.0_201-amd64/lib/amd64/jli/libjli.so
7ff76851a000-7ff76851b000 r--p 00016000 08:03 33630823                   /usr/java/jdk1.8.0_201-amd64/lib/amd64/jli/libjli.so
7ff76851b000-7ff76851c000 rw-p 00017000 08:03 33630823                   /usr/java/jdk1.8.0_201-amd64/lib/amd64/jli/libjli.so
7ff76851c000-7ff768533000 r-xp 00000000 08:03 33555650                   /usr/lib64/libpthread-2.17.so
7ff768533000-7ff768732000 ---p 00017000 08:03 33555650                   /usr/lib64/libpthread-2.17.so
7ff768732000-7ff768733000 r--p 00016000 08:03 33555650                   /usr/lib64/libpthread-2.17.so
7ff768733000-7ff768734000 rw-p 00017000 08:03 33555650                   /usr/lib64/libpthread-2.17.so
7ff768734000-7ff768738000 rw-p 00000000 00:00 0 
7ff768738000-7ff76875a000 r-xp 00000000 08:03 33555603                   /usr/lib64/ld-2.17.so
7ff76875a000-7ff76875d000 r--s 0001a000 08:05 78876                      /home/kay/.gradle/caches/modules-2/files-2.1/io.swagger/swagger-core/2.0.0-rc0/8c4f895d4809256c0a8d3b68a6a83e2424e90d67/swagger-core-2.0.0-rc0.jar
7ff76875d000-7ff768760000 r--s 00019000 08:05 67307175                   /home/kay/.gradle/caches/modules-2/files-2.1/org.eclipse.jetty/jetty-servlet/9.4.11.v20180605/66d31900fcfc70e3666f0b3335b6660635154f98/jetty-servlet-9.4.11.v20180605.jar
7ff768760000-7ff768761000 r--s 00004000 08:05 35270213                   /home/kay/.gradle/caches/modules-2/files-2.1/net.iharder/base64/2.3.9/6c34d1c85141be8a21b0a957d84359894e2684b7/base64-2.3.9.jar
7ff768761000-7ff768762000 r--s 00005000 08:05 34326646                   /home/kay/.gradle/caches/modules-2/files-2.1/org.springframework/spring-jcl/5.2.0.RELEASE/59b53ab6f01dd3ba85875b61a284c161584c18a3/spring-jcl-5.2.0.RELEASE.jar
7ff768762000-7ff768765000 r--s 00015000 08:05 100692414                  /home/kay/.gradle/caches/modules-2/files-2.1/javax.servlet/javax.servlet-api/3.1.0/3cd63d075497751784b2fa84be59432f4905bf7c/javax.servlet-api-3.1.0.jar
7ff768765000-7ff76876a000 r--s 000a0000 08:03 2082813                    /usr/java/jdk1.8.0_201-amd64/jre/lib/jsse.jar
7ff76876a000-7ff76876c000 r--s 00007000 08:03 9785                       /usr/java/jdk1.8.0_201-amd64/jre/lib/jfxswt.jar
7ff76876c000-7ff768772000 r--s 0003e000 08:03 9784                       /usr/java/jdk1.8.0_201-amd64/jre/lib/jfr.jar
7ff768772000-7ff768775000 r--s 0001a000 08:03 9782                       /usr/java/jdk1.8.0_201-amd64/jre/lib/jce.jar
7ff768775000-7ff768790000 r--s 004a0000 08:03 2082811                    /usr/java/jdk1.8.0_201-amd64/jre/lib/deploy.jar
7ff768790000-7ff768838000 rw-p 00000000 00:00 0 
7ff768838000-7ff768839000 ---p 00000000 00:00 0 
7ff768839000-7ff76883c000 ---p 00000000 00:00 0 
7ff76883c000-7ff76893d000 rw-p 00000000 00:00 0 
7ff76893d000-7ff76893e000 r--s 00000000 08:03 9066                       /usr/java/jdk1.8.0_201-amd64/jre/lib/management-agent.jar
7ff76893e000-7ff768948000 r--s 000e2000 08:03 2082810                    /usr/java/jdk1.8.0_201-amd64/jre/lib/javaws.jar
7ff768948000-7ff76894e000 r--s 002f8000 08:03 2082814                    /usr/java/jdk1.8.0_201-amd64/jre/lib/charsets.jar
7ff76894e000-7ff768956000 rw-s 00000000 08:03 68946936                   /tmp/hsperfdata_kay/32673
7ff768956000-7ff768957000 rw-p 00000000 00:00 0 
7ff768957000-7ff768958000 r--p 00000000 00:00 0 
7ff768958000-7ff768959000 rw-p 00000000 00:00 0 
7ff768959000-7ff76895a000 r--p 00021000 08:03 33555603                   /usr/lib64/ld-2.17.so
7ff76895a000-7ff76895b000 rw-p 00022000 08:03 33555603                   /usr/lib64/ld-2.17.so
7ff76895b000-7ff76895c000 rw-p 00000000 00:00 0 
7ffd494fd000-7ffd49520000 rw-p 00000000 00:00 0                          [stack]
7ffd49562000-7ffd49564000 r-xp 00000000 00:00 0                          [vdso]
ffffffffff600000-ffffffffff601000 r-xp 00000000 00:00 0                  [vsyscall]

VM Arguments:
jvm_args: -javaagent:/home/kay/workspace/tools/idea/lib/idea_rt.jar=35980:/home/kay/workspace/tools/idea/bin -Dfile.encoding=UTF-8 
java_command: org.matrixchain.db.BlockStore
java_class_path (initial): /usr/java/jdk1.8.0_201-amd64/jre/lib/charsets.jar:/usr/java/jdk1.8.0_201-amd64/jre/lib/deploy.jar:/usr/java/jdk1.8.0_201-amd64/jre/lib/ext/cldrdata.jar:/usr/java/jdk1.8.0_201-amd64/jre/lib/ext/dnsns.jar:/usr/java/jdk1.8.0_201-amd64/jre/lib/ext/jaccess.jar:/usr/java/jdk1.8.0_201-amd64/jre/lib/ext/jfxrt.jar:/usr/java/jdk1.8.0_201-amd64/jre/lib/ext/localedata.jar:/usr/java/jdk1.8.0_201-amd64/jre/lib/ext/nashorn.jar:/usr/java/jdk1.8.0_201-amd64/jre/lib/ext/sunec.jar:/usr/java/jdk1.8.0_201-amd64/jre/lib/ext/sunjce_provider.jar:/usr/java/jdk1.8.0_201-amd64/jre/lib/ext/sunpkcs11.jar:/usr/java/jdk1.8.0_201-amd64/jre/lib/ext/zipfs.jar:/usr/java/jdk1.8.0_201-amd64/jre/lib/javaws.jar:/usr/java/jdk1.8.0_201-amd64/jre/lib/jce.jar:/usr/java/jdk1.8.0_201-amd64/jre/lib/jfr.jar:/usr/java/jdk1.8.0_201-amd64/jre/lib/jfxswt.jar:/usr/java/jdk1.8.0_201-amd64/jre/lib/jsse.jar:/usr/java/jdk1.8.0_201-amd64/jre/lib/management-agent.jar:/usr/java/jdk1.8.0_201-amd64/jre/lib/plugin.jar:/usr/java/jdk1.8.0_201-amd64/jre/lib/resources.jar:/usr/java/jdk1.8.0_201-amd64/jre/lib/rt.jar:/home/kay/workspace/kay/matrixchain/out/production/classes:/home/kay/workspace/kay/matrixchain/out/production/resources:/home/kay/.gradle/caches/modules-2/files-2.1/io.netty/netty-all/4.1.43.Final/f373e16375242903170434deba3cb8e7fd3bf622/netty-all-4.1.43.Final.jar:/home/kay/.gradle/caches/modules-2/files-2.1/javax.servlet/javax.servlet-api/3.1.0/3cd63d075497751784b2fa84be59432f4905bf7c/javax.servlet-api-3.1.0.jar:/home/kay/.gradle/caches/modules-2/files-2.1/com.google.guava/guava/20.0/89507701249388e1ed5ddcf8c41f4ce1be7831ef/guava-20.0.jar:/home/kay/.gradle/caches/modules-2/files-2.1/org.springframework/spring-jcl/5.2.0.RELEASE/59b53ab6f01dd3ba85875b61a284c161584c18a3/spring-jcl-5.2.0.RELEASE.jar:/home/kay/.gradle/caches/modules-2/files-2.1/net.iharder/base64/2.3.9/6c34d1c85141be8a21b0a957d84359894e2684b7/base64-2.3.9.jar:/home/kay/.gradle/caches/modules-2/files-2.1/org.eclipse.jetty/jetty-s
Launcher Type: SUN_STANDARD

Environment Variables:
JAVA_HOME=/usr/java/jdk1.8.0_201-amd64
JRE_HOME=/usr/java/jdk1.8.0_201-amd64/jre
CLASSPATH=/home/kay/workspace/tools/idea/lib/bootstrap.jar:/home/kay/workspace/tools/idea/lib/extensions.jar:/home/kay/workspace/tools/idea/lib/util.jar:/home/kay/workspace/tools/idea/lib/jdom.jar:/home/kay/workspace/tools/idea/lib/log4j.jar:/home/kay/workspace/tools/idea/lib/trove4j.jar:/home/kay/workspace/tools/idea/lib/jna.jar:/usr/java/jdk1.8.0_201-amd64/lib/tools.jar
PATH=/usr/local/src/activator:/usr/local/src/activator:/usr/java/jdk1.8.0_201-amd64/bin:/usr/local/openssl/bin:/usr/local/bin:/usr/local/sbin:/usr/bin:/usr/sbin:/bin:/sbin:/var/lib/snapd/snap/bin:/usr/local/go/bin:/home/kay/.local/bin:/home/kay/bin
USERNAME=kay
LD_LIBRARY_PATH=/usr/local/boost/lib:/usr/local/boost/lib:
SHELL=/bin/bash
DISPLAY=:0

Signal Handlers:
SIGSEGV: [libjvm.so+0xad3e60], sa_mask[0]=11111111011111111101111111111110, sa_flags=SA_RESTART|SA_SIGINFO
SIGBUS: [libjvm.so+0xad3e60], sa_mask[0]=11111111011111111101111111111110, sa_flags=SA_RESTART|SA_SIGINFO
SIGFPE: [libjvm.so+0x90b880], sa_mask[0]=11111111011111111101111111111110, sa_flags=SA_RESTART|SA_SIGINFO
SIGPIPE: [libjvm.so+0x90b880], sa_mask[0]=11111111011111111101111111111110, sa_flags=SA_RESTART|SA_SIGINFO
SIGXFSZ: [libjvm.so+0x90b880], sa_mask[0]=11111111011111111101111111111110, sa_flags=SA_RESTART|SA_SIGINFO
SIGILL: [libjvm.so+0x90b880], sa_mask[0]=11111111011111111101111111111110, sa_flags=SA_RESTART|SA_SIGINFO
SIGUSR1: SIG_DFL, sa_mask[0]=00000000000000000000000000000000, sa_flags=none
SIGUSR2: [libjvm.so+0x90b750], sa_mask[0]=00100000000000000000000000000000, sa_flags=SA_RESTART|SA_SIGINFO
SIGHUP: [libjvm.so+0x90bd70], sa_mask[0]=11111111011111111101111111111110, sa_flags=SA_RESTART|SA_SIGINFO
SIGINT: [libjvm.so+0x90bd70], sa_mask[0]=11111111011111111101111111111110, sa_flags=SA_RESTART|SA_SIGINFO
SIGTERM: [libjvm.so+0x90bd70], sa_mask[0]=11111111011111111101111111111110, sa_flags=SA_RESTART|SA_SIGINFO
SIGQUIT: [libjvm.so+0x90bd70], sa_mask[0]=11111111011111111101111111111110, sa_flags=SA_RESTART|SA_SIGINFO


---------------  S Y S T E M  ---------------

OS:CentOS Linux release 7.7.1908 (Core)

uname:Linux 3.10.0-957.21.3.el7.x86_64 #1 SMP Tue Jun 18 16:35:19 UTC 2019 x86_64
libc:glibc 2.17 NPTL 2.17 
rlimit: STACK 8192k, CORE 0k, NPROC 4096, NOFILE 4096, AS infinity
load average:2.97 1.70 1.65

/proc/meminfo:
MemTotal:       16144236 kB
MemFree:          615148 kB
MemAvailable:     879060 kB
Buffers:            1728 kB
Cached:          1150816 kB
SwapCached:       210196 kB
Active:         12226600 kB
Inactive:        2202304 kB
Active(anon):   11972176 kB
Inactive(anon):  2114900 kB
Active(file):     254424 kB
Inactive(file):    87404 kB
Unevictable:          76 kB
Mlocked:              76 kB
SwapTotal:       8193020 kB
SwapFree:        3418108 kB
Dirty:              8528 kB
Writeback:             0 kB
AnonPages:      13199168 kB
Mapped:           547216 kB
Shmem:            810800 kB
Slab:             459568 kB
SReclaimable:     263536 kB
SUnreclaim:       196032 kB
KernelStack:       44960 kB
PageTables:       213732 kB
NFS_Unstable:          0 kB
Bounce:                0 kB
WritebackTmp:          0 kB
CommitLimit:    16265136 kB
Committed_AS:   44770464 kB
VmallocTotal:   34359738367 kB
VmallocUsed:      577308 kB
VmallocChunk:   34358421500 kB
HardwareCorrupted:     0 kB
AnonHugePages:   2228224 kB
CmaTotal:              0 kB
CmaFree:               0 kB
HugePages_Total:       0
HugePages_Free:        0
HugePages_Rsvd:        0
HugePages_Surp:        0
Hugepagesize:       2048 kB
DirectMap4k:      297832 kB
DirectMap2M:     7968768 kB
DirectMap1G:     8388608 kB

container (cgroup) information:
container_type: cgroupv1
cpu_cpuset_cpus: 0-7
cpu_memory_nodes: 0
active_processor_count: 8
cpu_quota: -1
cpu_period: 100000
cpu_shares: -1
memory_limit_in_bytes: -1
memory_and_swap_limit_in_bytes: -1
memory_soft_limit_in_bytes: -1
memory_usage_in_bytes: 13299118080
memory_max_usage_in_bytes: 13809520640


CPU:total 8 (initial active 8) (4 cores per cpu, 2 threads per core) family 6 model 94 stepping 3, cmov, cx8, fxsr, mmx, sse, sse2, sse3, ssse3, sse4.1, sse4.2, popcnt, avx, avx2, aes, clmul, erms, rtm, 3dnowpref, lzcnt, ht, tsc, tscinvbit, bmi1, bmi2, adx

/proc/cpuinfo:
processor	: 0
vendor_id	: GenuineIntel
cpu family	: 6
model		: 94
model name	: Intel(R) Core(TM) i7-6700 CPU @ 3.40GHz
stepping	: 3
microcode	: 0xcc
cpu MHz		: 3723.937
cache size	: 8192 KB
physical id	: 0
siblings	: 8
core id		: 0
cpu cores	: 4
apicid		: 0
initial apicid	: 0
fpu		: yes
fpu_exception	: yes
cpuid level	: 22
wp		: yes
flags		: fpu vme de pse tsc msr pae mce cx8 apic sep mtrr pge mca cmov pat pse36 clflush dts acpi mmx fxsr sse sse2 ss ht tm pbe syscall nx pdpe1gb rdtscp lm constant_tsc art arch_perfmon pebs bts rep_good nopl xtopology nonstop_tsc aperfmperf eagerfpu pni pclmulqdq dtes64 monitor ds_cpl vmx smx est tm2 ssse3 sdbg fma cx16 xtpr pdcm pcid sse4_1 sse4_2 x2apic movbe popcnt tsc_deadline_timer aes xsave avx f16c rdrand lahf_lm abm 3dnowprefetch intel_pt ssbd ibrs ibpb stibp tpr_shadow vnmi flexpriority ept vpid fsgsbase tsc_adjust bmi1 hle avx2 smep bmi2 erms invpcid rtm mpx rdseed adx smap clflushopt xsaveopt xsavec xgetbv1 dtherm ida arat pln pts hwp hwp_notify hwp_act_window hwp_epp md_clear spec_ctrl intel_stibp flush_l1d
bogomips	: 6816.00
clflush size	: 64
cache_alignment	: 64
address sizes	: 39 bits physical, 48 bits virtual
power management:

processor	: 1
vendor_id	: GenuineIntel
cpu family	: 6
model		: 94
model name	: Intel(R) Core(TM) i7-6700 CPU @ 3.40GHz
stepping	: 3
microcode	: 0xcc
cpu MHz		: 3702.355
cache size	: 8192 KB
physical id	: 0
siblings	: 8
core id		: 1
cpu cores	: 4
apicid		: 2
initial apicid	: 2
fpu		: yes
fpu_exception	: yes
cpuid level	: 22
wp		: yes
flags		: fpu vme de pse tsc msr pae mce cx8 apic sep mtrr pge mca cmov pat pse36 clflush dts acpi mmx fxsr sse sse2 ss ht tm pbe syscall nx pdpe1gb rdtscp lm constant_tsc art arch_perfmon pebs bts rep_good nopl xtopology nonstop_tsc aperfmperf eagerfpu pni pclmulqdq dtes64 monitor ds_cpl vmx smx est tm2 ssse3 sdbg fma cx16 xtpr pdcm pcid sse4_1 sse4_2 x2apic movbe popcnt tsc_deadline_timer aes xsave avx f16c rdrand lahf_lm abm 3dnowprefetch intel_pt ssbd ibrs ibpb stibp tpr_shadow vnmi flexpriority ept vpid fsgsbase tsc_adjust bmi1 hle avx2 smep bmi2 erms invpcid rtm mpx rdseed adx smap clflushopt xsaveopt xsavec xgetbv1 dtherm ida arat pln pts hwp hwp_notify hwp_act_window hwp_epp md_clear spec_ctrl intel_stibp flush_l1d
bogomips	: 6816.00
clflush size	: 64
cache_alignment	: 64
address sizes	: 39 bits physical, 48 bits virtual
power management:

processor	: 2
vendor_id	: GenuineIntel
cpu family	: 6
model		: 94
model name	: Intel(R) Core(TM) i7-6700 CPU @ 3.40GHz
stepping	: 3
microcode	: 0xcc
cpu MHz		: 3718.542
cache size	: 8192 KB
physical id	: 0
siblings	: 8
core id		: 2
cpu cores	: 4
apicid		: 4
initial apicid	: 4
fpu		: yes
fpu_exception	: yes
cpuid level	: 22
wp		: yes
flags		: fpu vme de pse tsc msr pae mce cx8 apic sep mtrr pge mca cmov pat pse36 clflush dts acpi mmx fxsr sse sse2 ss ht tm pbe syscall nx pdpe1gb rdtscp lm constant_tsc art arch_perfmon pebs bts rep_good nopl xtopology nonstop_tsc aperfmperf eagerfpu pni pclmulqdq dtes64 monitor ds_cpl vmx smx est tm2 ssse3 sdbg fma cx16 xtpr pdcm pcid sse4_1 sse4_2 x2apic movbe popcnt tsc_deadline_timer aes xsave avx f16c rdrand lahf_lm abm 3dnowprefetch intel_pt ssbd ibrs ibpb stibp tpr_shadow vnmi flexpriority ept vpid fsgsbase tsc_adjust bmi1 hle avx2 smep bmi2 erms invpcid rtm mpx rdseed adx smap clflushopt xsaveopt xsavec xgetbv1 dtherm ida arat pln pts hwp hwp_notify hwp_act_window hwp_epp md_clear spec_ctrl intel_stibp flush_l1d
bogomips	: 6816.00
clflush size	: 64
cache_alignment	: 64
address sizes	: 39 bits physical, 48 bits virtual
power management:

processor	: 3
vendor_id	: GenuineIntel
cpu family	: 6
model		: 94
model name	: Intel(R) Core(TM) i7-6700 CPU @ 3.40GHz
stepping	: 3
microcode	: 0xcc
cpu MHz		: 3716.882
cache size	: 8192 KB
physical id	: 0
siblings	: 8
core id		: 3
cpu cores	: 4
apicid		: 6
initial apicid	: 6
fpu		: yes
fpu_exception	: yes
cpuid level	: 22
wp		: yes
flags		: fpu vme de pse tsc msr pae mce cx8 apic sep mtrr pge mca cmov pat pse36 clflush dts acpi mmx fxsr sse sse2 ss ht tm pbe syscall nx pdpe1gb rdtscp lm constant_tsc art arch_perfmon pebs bts rep_good nopl xtopology nonstop_tsc aperfmperf eagerfpu pni pclmulqdq dtes64 monitor ds_cpl vmx smx est tm2 ssse3 sdbg fma cx16 xtpr pdcm pcid sse4_1 sse4_2 x2apic movbe popcnt tsc_deadline_timer aes xsave avx f16c rdrand lahf_lm abm 3dnowprefetch intel_pt ssbd ibrs ibpb stibp tpr_shadow vnmi flexpriority ept vpid fsgsbase tsc_adjust bmi1 hle avx2 smep bmi2 erms invpcid rtm mpx rdseed adx smap clflushopt xsaveopt xsavec xgetbv1 dtherm ida arat pln pts hwp hwp_notify hwp_act_window hwp_epp md_clear spec_ctrl intel_stibp flush_l1d
bogomips	: 6816.00
clflush size	: 64
cache_alignment	: 64
address sizes	: 39 bits physical, 48 bits virtual
power management:

processor	: 4
vendor_id	: GenuineIntel
cpu family	: 6
model		: 94
model name	: Intel(R) Core(TM) i7-6700 CPU @ 3.40GHz
stepping	: 3
microcode	: 0xcc
cpu MHz		: 3717.712
cache size	: 8192 KB
physical id	: 0
siblings	: 8
core id		: 0
cpu cores	: 4
apicid		: 1
initial apicid	: 1
fpu		: yes
fpu_exception	: yes
cpuid level	: 22
wp		: yes
flags		: fpu vme de pse tsc msr pae mce cx8 apic sep mtrr pge mca cmov pat pse36 clflush dts acpi mmx fxsr sse sse2 ss ht tm pbe syscall nx pdpe1gb rdtscp lm constant_tsc art arch_perfmon pebs bts rep_good nopl xtopology nonstop_tsc aperfmperf eagerfpu pni pclmulqdq dtes64 monitor ds_cpl vmx smx est tm2 ssse3 sdbg fma cx16 xtpr pdcm pcid sse4_1 sse4_2 x2apic movbe popcnt tsc_deadline_timer aes xsave avx f16c rdrand lahf_lm abm 3dnowprefetch intel_pt ssbd ibrs ibpb stibp tpr_shadow vnmi flexpriority ept vpid fsgsbase tsc_adjust bmi1 hle avx2 smep bmi2 erms invpcid rtm mpx rdseed adx smap clflushopt xsaveopt xsavec xgetbv1 dtherm ida arat pln pts hwp hwp_notify hwp_act_window hwp_epp md_clear spec_ctrl intel_stibp flush_l1d
bogomips	: 6816.00
clflush size	: 64
cache_alignment	: 64
address sizes	: 39 bits physical, 48 bits virtual
power management:

processor	: 5
vendor_id	: GenuineIntel
cpu family	: 6
model		: 94
model name	: Intel(R) Core(TM) i7-6700 CPU @ 3.40GHz
stepping	: 3
microcode	: 0xcc
cpu MHz		: 3699.865
cache size	: 8192 KB
physical id	: 0
siblings	: 8
core id		: 1
cpu cores	: 4
apicid		: 3
initial apicid	: 3
fpu		: yes
fpu_exception	: yes
cpuid level	: 22
wp		: yes
flags		: fpu vme de pse tsc msr pae mce cx8 apic sep mtrr pge mca cmov pat pse36 clflush dts acpi mmx fxsr sse sse2 ss ht tm pbe syscall nx pdpe1gb rdtscp lm constant_tsc art arch_perfmon pebs bts rep_good nopl xtopology nonstop_tsc aperfmperf eagerfpu pni pclmulqdq dtes64 monitor ds_cpl vmx smx est tm2 ssse3 sdbg fma cx16 xtpr pdcm pcid sse4_1 sse4_2 x2apic movbe popcnt tsc_deadline_timer aes xsave avx f16c rdrand lahf_lm abm 3dnowprefetch intel_pt ssbd ibrs ibpb stibp tpr_shadow vnmi flexpriority ept vpid fsgsbase tsc_adjust bmi1 hle avx2 smep bmi2 erms invpcid rtm mpx rdseed adx smap clflushopt xsaveopt xsavec xgetbv1 dtherm ida arat pln pts hwp hwp_notify hwp_act_window hwp_epp md_clear spec_ctrl intel_stibp flush_l1d
bogomips	: 6816.00
clflush size	: 64
cache_alignment	: 64
address sizes	: 39 bits physical, 48 bits virtual
power management:

processor	: 6
vendor_id	: GenuineIntel
cpu family	: 6
model		: 94
model name	: Intel(R) Core(TM) i7-6700 CPU @ 3.40GHz
stepping	: 3
microcode	: 0xcc
cpu MHz		: 3707.751
cache size	: 8192 KB
physical id	: 0
siblings	: 8
core id		: 2
cpu cores	: 4
apicid		: 5
initial apicid	: 5
fpu		: yes
fpu_exception	: yes
cpuid level	: 22
wp		: yes
flags		: fpu vme de pse tsc msr pae mce cx8 apic sep mtrr pge mca cmov pat pse36 clflush dts acpi mmx fxsr sse sse2 ss ht tm pbe syscall nx pdpe1gb rdtscp lm constant_tsc art arch_perfmon pebs bts rep_good nopl xtopology nonstop_tsc aperfmperf eagerfpu pni pclmulqdq dtes64 monitor ds_cpl vmx smx est tm2 ssse3 sdbg fma cx16 xtpr pdcm pcid sse4_1 sse4_2 x2apic movbe popcnt tsc_deadline_timer aes xsave avx f16c rdrand lahf_lm abm 3dnowprefetch intel_pt ssbd ibrs ibpb stibp tpr_shadow vnmi flexpriority ept vpid fsgsbase tsc_adjust bmi1 hle avx2 smep bmi2 erms invpcid rtm mpx rdseed adx smap clflushopt xsaveopt xsavec xgetbv1 dtherm ida arat pln pts hwp hwp_notify hwp_act_window hwp_epp md_clear spec_ctrl intel_stibp flush_l1d
bogomips	: 6816.00
clflush size	: 64
cache_alignment	: 64
address sizes	: 39 bits physical, 48 bits virtual
power management:

processor	: 7
vendor_id	: GenuineIntel
cpu family	: 6
model		: 94
model name	: Intel(R) Core(TM) i7-6700 CPU @ 3.40GHz
stepping	: 3
microcode	: 0xcc
cpu MHz		: 3738.879
cache size	: 8192 KB
physical id	: 0
siblings	: 8
core id		: 3
cpu cores	: 4
apicid		: 7
initial apicid	: 7
fpu		: yes
fpu_exception	: yes
cpuid level	: 22
wp		: yes
flags		: fpu vme de pse tsc msr pae mce cx8 apic sep mtrr pge mca cmov pat pse36 clflush dts acpi mmx fxsr sse sse2 ss ht tm pbe syscall nx pdpe1gb rdtscp lm constant_tsc art arch_perfmon pebs bts rep_good nopl xtopology nonstop_tsc aperfmperf eagerfpu pni pclmulqdq dtes64 monitor ds_cpl vmx smx est tm2 ssse3 sdbg fma cx16 xtpr pdcm pcid sse4_1 sse4_2 x2apic movbe popcnt tsc_deadline_timer aes xsave avx f16c rdrand lahf_lm abm 3dnowprefetch intel_pt ssbd ibrs ibpb stibp tpr_shadow vnmi flexpriority ept vpid fsgsbase tsc_adjust bmi1 hle avx2 smep bmi2 erms invpcid rtm mpx rdseed adx smap clflushopt xsaveopt xsavec xgetbv1 dtherm ida arat pln pts hwp hwp_notify hwp_act_window hwp_epp md_clear spec_ctrl intel_stibp flush_l1d
bogomips	: 6816.00
clflush size	: 64
cache_alignment	: 64
address sizes	: 39 bits physical, 48 bits virtual
power management:



Memory: 4k page, physical 16144236k(614404k free), swap 8193020k(3418108k free)

vm_info: Java HotSpot(TM) 64-Bit Server VM (25.201-b09) for linux-amd64 JRE (1.8.0_201-b09), built on Dec 15 2018 11:35:59 by "java_re" with gcc 7.3.0

time: Thu Dec 26 15:31:08 2019
timezone: CST
elapsed time: 0 seconds (0d 0h 0m 0s)

